C51 COMPILER V8.06   CANSHU                                                                06/24/2012 19:52:35 PAGE 1   


C51 COMPILER V8.06, COMPILATION OF MODULE CANSHU
OBJECT MODULE PLACED IN canshu.OBJ
COMPILER INVOKED BY: C:\Keil\C51\BIN\C51.EXE canshu.c BROWSE DEBUG OBJECTEXTEND

line level    source

   1          /**********************HJ-3G实验开发板例程************************
   2          *  平台：HJ-3G V6.0 + Keil U3 + STC89C52
   3          *  名称：本程序提供一些常用定时器计时的具体参数。
   4                                  用的是定时器0工作于方式1。
   5                                  且只针对11.0592MHz的晶振。
   6          *  公司：慧净电子科技有限公司
   7          *  淘宝：http://shop37031453.taobao.com       
   8          *  网站：www.hlmcu.com
   9          *  编写：
  10          *  日期：2008-8-08
  11          *   QQ : 121350852  398115088
  12          *  晶振:11.0592MHZ
  13          *  说明：免费开源，不提供源代码分析，有问题直接到慧净论坛交流
  14          *  论坛：http://hjdz.5d6d.com
  15          ******************************************************************/
  16          #include <reg51.h>
  17          
  18          void InitTimer0(void)
  19          {
  20   1          TMOD = 0x01;
  21   1          TH0 = 0xFF; //延时100微秒
  22   1          TL0 = 0xA4;
  23   1      /*******************************************************************
  24   1          TH0 = 0xFC;//延时1ms，请在中断处理函数中，重新装入该数值。
  25   1          TL0 = 0x6;
  26   1      ********************************************************************
  27   1          TH0 = 0xDC;//延时10ms，请在中断处理函数中，重新装入该数值
  28   1          TL0 = 0x00;
  29   1      ********************************************************************/
  30   1          EA = 1;
  31   1          ET0 = 1;
  32   1          TR0 = 1;
  33   1      }
  34          
  35          void main(void)
  36          {
  37   1          InitTimer0();
  38   1      }
  39          
  40          void Timer0Interrupt(void) interrupt 1
  41          {
  42   1          TH0 = 0x0FF; //这只是100微秒所对应的参数，若为其他秒数，请
  43   1              TL0 = 0x0A4; //在次更该相应参数，如上面所示。
  44   1      }


MODULE INFORMATION:   STATIC OVERLAYABLE
   CODE SIZE        =     26    ----
   CONSTANT SIZE    =   ----    ----
   XDATA SIZE       =   ----    ----
   PDATA SIZE       =   ----    ----
   DATA SIZE        =   ----    ----
   IDATA SIZE       =   ----    ----
   BIT SIZE         =   ----    ----
END OF MODULE INFORMATION.

C51 COMPILER V8.06   CANSHU                                                                06/24/2012 19:52:35 PAGE 2   


C51 COMPILATION COMPLETE.  0 WARNING(S),  0 ERROR(S)
