C51 COMPILER V8.06   QIANGDA                                                               02/15/2007 16:18:42 PAGE 1   


C51 COMPILER V8.06, COMPILATION OF MODULE QIANGDA
OBJECT MODULE PLACED IN qiangda.OBJ
COMPILER INVOKED BY: C:\Keil\C51\BIN\C51.EXE qiangda.c BROWSE DEBUG OBJECTEXTEND

line level    source

   1          /**********************HJ-3G实验开发板例程************************
   2          *  平台：HJ-3G V6.0 + Keil U3 + STC89C52
   3          *  名称：本例程为一抢答器；其中主持人操控S12与S13两个按键。选手共六位，分别操控S6--S11中的一个按键。
   4                            当主持人按下抢答开始按键S13后，倒计时开始，计时5s。此后最先按下按键的选手号码将显示与数码管上。
   5                            后来按下的将无显示。
   6                            若五秒计时结束后，再按下按键也不会显示。
   7                            若主持人没有按开始键，就有选手抢答，则视为犯规。此时犯规的选手号码将被显示于数码管上（最多显示五位犯规
             -                  选手）
   8                            同时，蜂鸣器发出长笛声报警，数码管全亮。
   9                            而当主持人按下清零键S12后，一切状态均恢复，可以开始新一轮的抢答。
  10                                                     按键功能简介
  11                                  S13 抢答开始     S12 清零
  12                                  S6--S11   分别为1到6号选手按键
  13          *  公司：慧净电子科技有限公司
  14          *  淘宝：http://shop37031453.taobao.com       
  15          *  网站：www.hlmcu.com
  16          *  编写：
  17          *  日期：2008-8-08
  18          *   QQ : 121350852  398115088
  19          *  晶振:11.0592MHZ
  20          *  说明：免费开源，不提供源代码分析，有问题直接到慧净论坛交流
  21          *  论坛：http://hjdz.5d6d.com
  22          ******************************************************************/
  23          #include<reg51.h>
  24          
  25          #define uchar unsigned char
  26          
  27          sbit dula=P2^6;
  28          sbit wela=P2^7;
  29          sbit beep=P2^3;
  30          uchar key,j,k,temp,daojishi=5,wei;
  31          bit begin,end,clear,fangui;
  32          uchar a0,b0=16;c0=16;d0=16;e0=16;f0=5;
  33          unsigned int pp;
  34          unsigned char code table[]={0x3f,0x06,0x5b,0x4f,0x66,0x6d,0x7d,
  35                                  0x07,0x7f,0x6f,0x77,0x7c,0x39,0x5e,0x79,0x71,0x00};
  36          
  37          void delay(unsigned char i)
  38          {
  39   1        for(j=i;j>0;j--)
  40   1          for(k=125;k>0;k--);
  41   1      }
  42          void display(uchar a,uchar b,uchar c,uchar d,uchar e,uchar f)
  43          {
  44   1         dula=0;
  45   1         P0=table[a];
  46   1         dula=1;
  47   1         dula=0;
  48   1         
  49   1         wela=0;
  50   1         P0=0xfe;
  51   1         wela=1;
  52   1         wela=0;
  53   1         delay(5);
  54   1         
C51 COMPILER V8.06   QIANGDA                                                               02/15/2007 16:18:42 PAGE 2   

  55   1         P0=table[b];
  56   1         dula=1;
  57   1         dula=0;
  58   1         
  59   1         P0=0xfd;
  60   1         wela=1;
  61   1         wela=0;
  62   1         delay(5);
  63   1      
  64   1         P0=table[c];
  65   1         dula=1;
  66   1         dula=0;
  67   1         
  68   1         P0=0xfb;
  69   1         wela=1;
  70   1         wela=0;
  71   1         delay(5);
  72   1         
  73   1         P0=table[d];
  74   1         dula=1;
  75   1         dula=0;
  76   1         
  77   1         P0=0xf7;
  78   1         wela=1;
  79   1         wela=0;
  80   1         delay(5);
  81   1         
  82   1         P0=table[e];
  83   1         dula=1;
  84   1         dula=0;
  85   1         
  86   1         P0=0xef;
  87   1         wela=1;
  88   1         wela=0;
  89   1         delay(5);
  90   1         
  91   1         P0=table[f];
  92   1         dula=1;
  93   1         dula=0;
  94   1         
  95   1         P0=0xdf;
  96   1         wela=1;
  97   1         wela=0;
  98   1         delay(5);
  99   1      }
 100          
 101          void keyscan()
 102          {
 103   1              P3=0xfe;
 104   1          temp=P3;
 105   1          temp=temp&0xf0;
 106   1          if(temp!=0xf0)
 107   1          {
 108   2            delay(10);
 109   2            if(temp!=0xf0)
 110   2            {
 111   3              temp=P3;
 112   3              switch(temp)
 113   3              {
 114   4                case 0xee:
 115   4                     key=1;
 116   4                                 wei++;
C51 COMPILER V8.06   QIANGDA                                                               02/15/2007 16:18:42 PAGE 3   

 117   4                     break;
 118   4      
 119   4                case 0xde:
 120   4                     key=2;
 121   4                                 wei++;
 122   4                     break;
 123   4      
 124   4                case 0xbe:
 125   4                     key=3;
 126   4                                 wei++;
 127   4                     break;
 128   4      
 129   4                case 0x7e:
 130   4                     key=4;
 131   4                                 wei++;
 132   4                     break;
 133   4               }
 134   3               while(temp!=0xf0)
 135   3               {
 136   4                 temp=P3;
 137   4                 temp=temp&0xf0;
 138   4                 beep=0;
 139   4               }
 140   3               beep=1;
 141   3            }
 142   2          }
 143   1          P3=0xfd;
 144   1          temp=P3;
 145   1          temp=temp&0xf0;
 146   1          if(temp!=0xf0)
 147   1          {
 148   2            delay(10);
 149   2            if(temp!=0xf0)
 150   2            {
 151   3              temp=P3;
 152   3              switch(temp)
 153   3              {
 154   4                case 0xed:
 155   4                     key=5;
 156   4                                 wei++;
 157   4                     break;
 158   4      
 159   4                case 0xdd:
 160   4                     key=6;
 161   4                                 wei++;
 162   4                     break;
 163   4      
 164   4                case 0xbd:
 165   4                     clear=1;
 166   4                                 //key=7;
 167   4                     break;
 168   4      
 169   4                case 0x7d:
 170   4                                 begin=1;
 171   4                     //key=8;
 172   4                     break;
 173   4               }
 174   3               while(temp!=0xf0)
 175   3               {
 176   4                 temp=P3;
 177   4                 temp=temp&0xf0;
 178   4                 beep=0;
C51 COMPILER V8.06   QIANGDA                                                               02/15/2007 16:18:42 PAGE 4   

 179   4               }
 180   3               beep=1;
 181   3            }
 182   2            }
 183   1      }
 184          
 185          void main()
 186          {
 187   1              TMOD=0x01;
 188   1              
 189   1              TH0=(65536-46080)/256;// 由于晶振为11.0592,故所记次数应为46080，计时器每隔50000微秒发起一次中断。
 190   1              TL0=(65536-46080)%256;//46080的来历，为50000*11.0592/12
 191   1              ET0=1;
 192   1              EA=1;
 193   1              while(1)
 194   1              {
 195   2                      keyscan();
 196   2                      if(begin)
 197   2                      {
 198   3                              if(!end)
 199   3                              {
 200   4                                      TR0=1;
 201   4                                      //if(!daojishi) daojishi=5;
 202   4                                      //begin=0;
 203   4                                      //daojishi=5;
 204   4                                      if(pp==20)
 205   4                                      {
 206   5                                              pp=0;
 207   5                                              daojishi--;
 208   5                                              
 209   5                                      }
 210   4      
 211   4                              f0=daojishi;
 212   4                              if(key!=0)
 213   4                              a0=key;
 214   4                      //      a1=a0;
 215   4                              
 216   4                              //if(a0!=0)     end=1;
 217   4                              if(!daojishi|a0)
 218   4                              {
 219   5                                      end=1;
 220   5                                      TR0=0;
 221   5                                      //daojishi=5;
 222   5                              //      begin=0;
 223   5                                      pp=0;
 224   5                              }
 225   4                              }
 226   3                              
 227   3              }
 228   2              else
 229   2              {       
 230   3                              if(key!=0)
 231   3                      {
 232   4                              switch(wei)
 233   4                              {
 234   5                                      case 1: a0=key;break;
 235   5                                      case 2: b0=key;break;
 236   5                                      case 3: c0=key;break;
 237   5                                      case 4: d0=key;break;
 238   5                                      case 5: e0=key;break;
 239   5                              }
 240   4                              //if(!fangui)
C51 COMPILER V8.06   QIANGDA                                                               02/15/2007 16:18:42 PAGE 5   

 241   4                                      fangui=1;
 242   4                                      beep=0;
 243   4                      }
 244   3              }
 245   2              if(clear)
 246   2              {
 247   3                      a0=0;key=0;begin=0;end=0;fangui=0;beep=1;daojishi=5;f0=5;clear=0;
 248   3                      b0=16;c0=16;d0=16;e0=16;wei=0; P1=0xff;
 249   3              }
 250   2              display(a0,b0,c0,d0,e0,f0);
 251   2              if(fangui)      
 252   2              {
 253   3                      beep=0;
 254   3                      P1=0x00;;
 255   3              }
 256   2      
 257   2      }
 258   1      }
 259          
 260          void time0() interrupt 1
 261          {       TH0=(65536-46080)/256;
 262   1              TL0=(65536-46080)%256;
 263   1              pp++;
 264   1      }


MODULE INFORMATION:   STATIC OVERLAYABLE
   CODE SIZE        =    538    ----
   CONSTANT SIZE    =     17    ----
   XDATA SIZE       =   ----    ----
   PDATA SIZE       =   ----    ----
   DATA SIZE        =     18       6
   IDATA SIZE       =   ----    ----
   BIT SIZE         =      4    ----
END OF MODULE INFORMATION.


C51 COMPILATION COMPLETE.  0 WARNING(S),  0 ERROR(S)
