C51 COMPILER V8.06   5                                                                     02/15/2007 16:10:48 PAGE 1   


C51 COMPILER V8.06, COMPILATION OF MODULE 5
OBJECT MODULE PLACED IN 5.OBJ
COMPILER INVOKED BY: C:\Keil\C51\BIN\C51.EXE 5.c BROWSE DEBUG OBJECTEXTEND

line level    source

   1          /**********************HJ-3G实验开发板例程************************
   2          *  平台：HJ-3G V6.0 + Keil U3 + STC89C52
   3          *  名称：让HJ-3G 实验板的六位数码管同时显示数字0到5
   4          *  公司：慧净电子科技有限公司
   5          *  淘宝：http://shop37031453.taobao.com       
   6          *  网站：www.hlmcu.com
   7          *  编写：
   8          *  日期：2008-8-08
   9          *   QQ : 121350852  398115088
  10          *  晶振:11.0592MHZ
  11          *  说明：免费开源，不提供源代码分析，有问题直接到慧净论坛交流
  12          *  论坛：http://hjdz.5d6d.com
  13          ******************************************************************/
  14          
  15          #include <reg51.h>
  16          
  17          sbit dula=P2^6;         //段选信号的锁存器控制
  18          sbit wela=P2^7;         //位选信号的锁存器控制
  19          
  20          unsigned char code wei[]={0xfe,0xfd,0xfb,0xf7,0xef,0xdf};
  21                                                          //数码管各位的码表
  22          unsigned char code duan[]={0x3f,0x06,0x5b,0x4f,0x66,0x6d};
  23                                                          //0-5的码表
  24          void delay(unsigned int i)
  25          {
  26   1              unsigned int m,n;
  27   1              for(m=i;m>0;m--)
  28   1                      for(n=90;n>0;n--);
  29   1      }
  30          
  31          void main()
  32          {
  33   1              unsigned char num;
  34   1              while(1)
  35   1              {
  36   2                      for(num=0;num<6;num++)
  37   2                      {
  38   3                              P0=wei[num];       
  39   3                              wela=1;
  40   3                              wela=0;
  41   3      
  42   3                              P0=duan[num];     
  43   3                              dula=1;
  44   3                              dula=0;
  45   3                              delay(2);        //时间间隔短，这是关键（所谓的同时显示，只是间隔较短而已，利用人眼的余辉效应，觉得每个数码管
             -都一直在亮）。
  46   3                       }
  47   2              }
  48   1      }
  49          


MODULE INFORMATION:   STATIC OVERLAYABLE
   CODE SIZE        =     67    ----
   CONSTANT SIZE    =     12    ----
C51 COMPILER V8.06   5                                                                     02/15/2007 16:10:48 PAGE 2   

   XDATA SIZE       =   ----    ----
   PDATA SIZE       =   ----    ----
   DATA SIZE        =   ----    ----
   IDATA SIZE       =   ----    ----
   BIT SIZE         =   ----    ----
END OF MODULE INFORMATION.


C51 COMPILATION COMPLETE.  0 WARNING(S),  0 ERROR(S)
