C51 COMPILER V8.06   JISHIQI                                                               02/15/2012 19:49:00 PAGE 1   


C51 COMPILER V8.06, COMPILATION OF MODULE JISHIQI
OBJECT MODULE PLACED IN jishiqi.OBJ
COMPILER INVOKED BY: C:\Keil\C51\BIN\C51.EXE jishiqi.c BROWSE DEBUG OBJECTEXTEND

line level    source

   1          /**********************HJ-3G实验开发板例程************************
   2          *  平台：HJ-3G V6.0 + Keil U3 + STC89C52
   3          *  名称：
   4          *  公司：慧净电子科技有限公司
   5          *  淘宝：http://shop37031453.taobao.com       
   6          *  网站：www.hlmcu.com
   7          *  编写：
   8          *  日期：2008-8-08
   9          *   QQ : 121350852  398115088
  10          *  晶振:11.0592MHZ
  11          *  说明：免费开源，不提供源代码分析，有问题直接到慧净论坛交流
  12          *  论坛：http://hjdz.5d6d.com
  13          ******************************************************************/
  14          //可实现计时功能，最大计时时间为99小时。
  15          //支持暂停功能，按键盘中左下角的S2键，可暂停计时;按下S3，可继续计时。
  16          //注意晶振需为11.0592M。
  17          //若为其他数值晶振，请改变TH0与TL0参数值，否则计时会有很大误差 。
  18          
  19          #include<reg51.h>
  20          
  21          #define uchar unsigned char
  22          
  23          sbit dula=P2^6;
  24          sbit wela=P2^7;
  25          sbit beep=P2^3;
  26          sbit lcden=P3^4;
  27          sbit rs=P3^5;
  28          unsigned char halt,j,k,a1,a0,b1,b0,c1,c0,s,f,m,n=255;
  29          unsigned int pp;
  30          unsigned char code table[]={0x3f,0x06,0x5b,0x4f,0x66,0x6d,0x7d,
  31                                  0x07,0x7f,0x6f,0x77,0x7c,0x39,0x5e,0x79,0x71};
  32          
  33          void delay(unsigned char i)
  34          {
  35   1        for(j=i;j>0;j--)
  36   1          for(k=125;k>0;k--);
  37   1      }
  38          
  39          void display(uchar shi2,uchar shi1,uchar fen2,uchar fen1,uchar miao2,uchar miao1)
  40          {
  41   1         dula=0;
  42   1         P0=table[shi2];
  43   1         dula=1;
  44   1         dula=0;
  45   1         
  46   1         wela=0;
  47   1         P0=0xfe;
  48   1         wela=1;
  49   1         wela=0;
  50   1         delay(5);
  51   1         
  52   1         P0=table[shi1]|0x80;
  53   1         dula=1;
  54   1         dula=0;
  55   1         
C51 COMPILER V8.06   JISHIQI                                                               02/15/2012 19:49:00 PAGE 2   

  56   1         P0=0xfd;
  57   1         wela=1;
  58   1         wela=0;
  59   1         delay(5);
  60   1      
  61   1         P0=table[fen2];
  62   1         dula=1;
  63   1         dula=0;
  64   1         
  65   1         P0=0xfb;
  66   1         wela=1;
  67   1         wela=0;
  68   1         delay(5);
  69   1         
  70   1         P0=table[fen1]|0x80;
  71   1         dula=1;
  72   1         dula=0;
  73   1         
  74   1         P0=0xf7;
  75   1         wela=1;
  76   1         wela=0;
  77   1         delay(5);
  78   1         
  79   1         P0=table[miao2];
  80   1         dula=1;
  81   1         dula=0;
  82   1         
  83   1         P0=0xef;
  84   1         wela=1;
  85   1         wela=0;
  86   1         delay(5);
  87   1         
  88   1         P0=table[miao1];
  89   1         dula=1;
  90   1         dula=0;
  91   1         
  92   1         P0=0xdf;
  93   1         wela=1;
  94   1         wela=0;
  95   1         delay(5);
  96   1      }
  97          
  98          void keyscan()
  99          {
 100   1              if(lcden==0)
 101   1              delay(10);
 102   1              if(lcden==0)
 103   1              {
 104   2                      halt=1;
 105   2              }
 106   1              if(rs==0)
 107   1              halt=0;
 108   1      }
 109          
 110          void main()
 111          {
 112   1              TMOD=0x01;
 113   1              TR0=1;
 114   1              TH0=(65536-46080)/256;// 由于晶振为11.0592,故所记次数应为46080，计时器每隔50000微秒发起一次中断。
 115   1              TL0=(65536-46080)%256;//46080的来历，为50000*11.0592/12
 116   1              ET0=1;
 117   1              EA=1;
C51 COMPILER V8.06   JISHIQI                                                               02/15/2012 19:49:00 PAGE 3   

 118   1              while(1)
 119   1              {       keyscan();
 120   2                      if(halt==0)
 121   2                      {
 122   3                      TR0=1;
 123   3                      if(pp==20)
 124   3                      {       pp=0;
 125   4                              m++;
 126   4                              n--;
 127   4                              P1=n;//闪烁灯
 128   4                              if(m==60)
 129   4                              {
 130   5                                      m=0;
 131   5                                      f++;
 132   5                                      if(f==60)
 133   5                                      {
 134   6                                              f=0;
 135   6                                              s++;
 136   6                                              if(s==99)
 137   6                                              {
 138   7                                                      s=0;
 139   7                                              }
 140   6                                      }
 141   5                              }
 142   4                      }
 143   3                      
 144   3                      a0=s%10;
 145   3                      a1=s/10;
 146   3                      b0=f%10;
 147   3                      b1=f/10;
 148   3                      c0=m%10;
 149   3                      c1=m/10;
 150   3                      display(a1,a0,b1,b0,c1,c0);
 151   3              }
 152   2              else 
 153   2              TR0=0;
 154   2              display(a1,a0,b1,b0,c1,c0);
 155   2              }
 156   1      }
 157          
 158          void time0() interrupt 1
 159          {TH0=(65536-46080)/256;
 160   1              TL0=(65536-46080)%256;
 161   1              pp++;
 162   1      }


MODULE INFORMATION:   STATIC OVERLAYABLE
   CODE SIZE        =    325    ----
   CONSTANT SIZE    =     16    ----
   XDATA SIZE       =   ----    ----
   PDATA SIZE       =   ----    ----
   DATA SIZE        =     15       6
   IDATA SIZE       =   ----    ----
   BIT SIZE         =   ----    ----
END OF MODULE INFORMATION.


C51 COMPILATION COMPLETE.  0 WARNING(S),  0 ERROR(S)
