C51 COMPILER V8.06   JISHU                                                                 02/15/2007 16:11:46 PAGE 1   


C51 COMPILER V8.06, COMPILATION OF MODULE JISHU
OBJECT MODULE PLACED IN jishu.OBJ
COMPILER INVOKED BY: C:\Keil\C51\BIN\C51.EXE jishu.c BROWSE DEBUG OBJECTEXTEND

line level    source

   1          /**********************HJ-3G实验开发板例程************************
   2          *  平台：HJ-3G V6.0 + Keil U3 + STC89C52
   3          *  名称：模拟工厂里的产品扫描计数器。
   4                          用HJ-3G 实验板上的S2和S3键。
   5                          其中S2用于模拟代替扫描开关，当有产品经过时，会使S2送出低电平（本程序中是用手按下S2来模拟）
   6                          S2每按一下，便会使数码管上的计数器加一。
   7                          S3用于对计数清零。
   8          *  公司：慧净电子科技有限公司
   9          *  淘宝：http://shop37031453.taobao.com       
  10          *  网站：www.hlmcu.com
  11          *  编写：
  12          *  日期：2008-8-08
  13          *   QQ : 121350852  398115088
  14          *  晶振:11.0592MHZ
  15          *  说明：免费开源，不提供源代码分析，有问题直接到慧净论坛交流
  16          *  论坛：http://hjdz.5d6d.com
  17          ******************************************************************/
  18          
  19          #include<reg52.h>
  20          
  21          #define uchar unsigned char 
  22          unsigned long num;
  23          uchar j,k;
  24          uchar a0,b0,c0,d0,e0,f0;
  25          sbit dula=P2^6;
  26          sbit wela=P2^7;
  27          sbit s2=P3^4;
  28          sbit s3=P3^5;
  29          unsigned char code table[]={0x3f,0x06,0x5b,0x4f,0x66,0x6d,0x7d,
  30                                  0x07,0x7f,0x6f,0x77,0x7c,0x39,0x5e,0x79,0x71,0x00};
  31          
  32          void delay(uchar i)
  33          {
  34   1              for(j=i;j>0;j--)
  35   1              for(k=125;k>0;k--);
  36   1      }
  37          
  38          void display(uchar a,uchar b,uchar c,uchar d,uchar e,uchar f)
  39          {
  40   1         dula=0;
  41   1         P0=table[a];
  42   1         dula=1;
  43   1         dula=0;
  44   1         
  45   1         wela=0;
  46   1         P0=0xfe;
  47   1         wela=1;
  48   1         wela=0;
  49   1         delay(5);
  50   1         
  51   1         P0=table[b];
  52   1         dula=1;
  53   1         dula=0;
  54   1         
  55   1         P0=0xfd;
C51 COMPILER V8.06   JISHU                                                                 02/15/2007 16:11:46 PAGE 2   

  56   1         wela=1;
  57   1         wela=0;
  58   1         delay(5);
  59   1      
  60   1         P0=table[c];
  61   1         dula=1;
  62   1         dula=0;
  63   1         
  64   1         P0=0xfb;
  65   1         wela=1;
  66   1         wela=0;
  67   1         delay(5);
  68   1         
  69   1         P0=table[d];
  70   1         dula=1;
  71   1         dula=0;
  72   1         
  73   1         P0=0xf7;
  74   1         wela=1;
  75   1         wela=0;
  76   1         delay(5);
  77   1         
  78   1         P0=table[e];
  79   1         dula=1;
  80   1         dula=0;
  81   1         
  82   1         P0=0xef;
  83   1         wela=1;
  84   1         wela=0;
  85   1         delay(5);
  86   1         
  87   1         P0=table[f];
  88   1         dula=1;
  89   1         dula=0;
  90   1         
  91   1         P0=0xdf;
  92   1         wela=1;
  93   1         wela=0;
  94   1         delay(5);
  95   1      }
  96          
  97          void keyscan()
  98          {
  99   1              if(s2==0)
 100   1              {
 101   2                      while(s2==0);
 102   2                      num++;
 103   2              }
 104   1              if(s3==0)
 105   1              {
 106   2                      while(s3==0);
 107   2                      num=0;
 108   2              }
 109   1      }
 110          
 111          void main()
 112          {       while(1)
 113   1              {
 114   2              keyscan();
 115   2              if(num<10)
 116   2              {
 117   3                      a0=num;b0=16;c0=16;d0=16;e0=16;f0=16;
C51 COMPILER V8.06   JISHU                                                                 02/15/2007 16:11:46 PAGE 3   

 118   3              }
 119   2              else
 120   2              {
 121   3                      if(num<100)
 122   3                      {a0=num/10;b0=num%10;c0=16;d0=16;e0=16;f0=16;}
 123   3                      else
 124   3                      {
 125   4                              if(num<1000)
 126   4                              {a0=num/100;b0=num%100/10;c0=num%10;d0=16;e0=16;f0=16;}
 127   4                              else
 128   4                              {
 129   5                                      if(num<10000)
 130   5                                      {a0=num/1000;b0=num%1000/100;c0=num%100/10;d0=num%10;e0=16;f0=16;}
 131   5                                      else
 132   5                                      {
 133   6                                              if(num<100000)
 134   6                                              {a0=num/10000;b0=num%10000/1000;c0=num%1000/100;d0=num%100/10;e0=num%10;f0=16;}
 135   6                                              else
 136   6                                              {
 137   7                                                      if(num<1000000)
 138   7                                                      {a0=num/100000;b0=num%100000/10000;c0=num%10000/1000;d0=num%1000/100;e0=num%100/10;f0=num%10;}
 139   7                                              }
 140   6                                      }
 141   5                              }
 142   4                      }
 143   3              }
 144   2              display(a0,b0,c0,d0,e0,f0);
 145   2              }
 146   1      }


MODULE INFORMATION:   STATIC OVERLAYABLE
   CODE SIZE        =    930    ----
   CONSTANT SIZE    =     17    ----
   XDATA SIZE       =   ----    ----
   PDATA SIZE       =   ----    ----
   DATA SIZE        =     12       6
   IDATA SIZE       =   ----    ----
   BIT SIZE         =   ----    ----
END OF MODULE INFORMATION.


C51 COMPILATION COMPLETE.  0 WARNING(S),  0 ERROR(S)
