C51 COMPILER V8.06   COUNTER                                                               02/15/2007 16:24:43 PAGE 1   


C51 COMPILER V8.06, COMPILATION OF MODULE COUNTER
OBJECT MODULE PLACED IN counter.OBJ
COMPILER INVOKED BY: C:\Keil\C51\BIN\C51.EXE counter.c BROWSE DEBUG OBJECTEXTEND

line level    source

   1          /**********************HJ-3G实验开发板例程************************
   2          *  平台：HJ-3G V6.0 + Keil U3 + STC89C52
   3          *  名称：本程序为计数器的基本驱动示例，计数器工作于方式1。
   4                                  对按键S2按下的次数进行计数，当计数记到3时，第一个发光二极管被点亮。
   5          *  公司：慧净电子科技有限公司
   6          *  淘宝：http://shop37031453.taobao.com       
   7          *  网站：www.hlmcu.com
   8          *  编写：
   9          *  日期：2008-8-08
  10          *   QQ : 121350852  398115088
  11          *  晶振:11.0592MHZ
  12          *  说明：免费开源，不提供源代码分析，有问题直接到慧净论坛交流
  13          *  论坛：http://hjdz.5d6d.com
  14          ******************************************************************/
  15          #include<reg52.h>
  16          
  17          #define uint unsigned int 
  18          //uint pp;
  19          
  20          sbit led=P1^0;
  21          sbit s2=P3^4;
  22          
  23          void main()
  24          {
  25   1              TMOD=0x05;               //模式设置，00000001，可见采用的是定时器0，工作与模式1（M1=0，M0=1）。
  26   1              TR0=1;                   //打开计数器
  27   1              ET0=1;                   //开计数器0中断
  28   1              EA=1;                    //开总中断
  29   1              while(1)
  30   1              {
  31   2                      if(TL0==3)      //当计数为3时，led被点亮。当然，由于有按键抖动，故有时未按三下S2，灯已经亮了。
  32   2                              led=0;
  33   2              }
  34   1      }
  35          /*
  36          void time0() interrupt 1
  37          {       
  38                  pp++;
  39          } */


MODULE INFORMATION:   STATIC OVERLAYABLE
   CODE SIZE        =     18    ----
   CONSTANT SIZE    =   ----    ----
   XDATA SIZE       =   ----    ----
   PDATA SIZE       =   ----    ----
   DATA SIZE        =   ----    ----
   IDATA SIZE       =   ----    ----
   BIT SIZE         =   ----    ----
END OF MODULE INFORMATION.


C51 COMPILATION COMPLETE.  0 WARNING(S),  0 ERROR(S)
