C51 COMPILER V8.06   MAIN                                                                  09/22/2012 19:17:47 PAGE 1   


C51 COMPILER V8.06, COMPILATION OF MODULE MAIN
OBJECT MODULE PLACED IN main.OBJ
COMPILER INVOKED BY: C:\Keil\C51\BIN\C51.EXE main.c BROWSE DEBUG OBJECTEXTEND

line level    source

   1          /**********************HL-1实验开发板例程************************
   2          *  平台：HL-1 V8.0 + Keil U3 + STC89C52
   3          *  名称：TFT彩屏测试程序
   4          *  公司：慧净电子科技有限公司
   5          *  淘宝：http://shop37031453.taobao.com       
   6          *  网站：www.hjmcu.com
   7          *  编写：慧净
   8          *  日期：2008-8-08
   9          *   QQ : 121350852 398115088
  10          *  晶振:11.0592MHZ
  11          *  说明：免费开源，不提供源代码分析，有问题直接到慧净论坛交流
  12          *  论坛：http://hjdz.5d6d.net
  13          ******************************************************************/
  14          #include <reg51.h>
  15          #include <intrins.h>
  16          #include <sys\sys.h>
  17          #include <lcd\lcd.h> 
  18          /* www.hjmcu.com 慧净电子
  19          代码测试环境:HL-1 HJ-3G HJ-C52开发板板+STC89C52芯片  51单片机显示速度比较慢，
  20          建议到慧净网购买1T指令周期的STC单片机（51内核STC12LE5A60S2)+33M晶振
  21          */      
  22          
  23          main()
  24          { 
  25   1      
  26   1              while(1)
  27   1              {
  28   2                       Lcd_Init();   //tft初始化
  29   2                       LCD_Clear(RED);
  30   2                       delayms(3000);
  31   2                       LCD_Clear(GREEN);
  32   2                       delayms(3000);
  33   2                       LCD_Clear(BLUE);
  34   2                       delayms(3000);
  35   2      
  36   2          }
  37   1      
  38   1      
  39   1      }


MODULE INFORMATION:   STATIC OVERLAYABLE
   CODE SIZE        =     47    ----
   CONSTANT SIZE    =   ----    ----
   XDATA SIZE       =   ----    ----
   PDATA SIZE       =   ----    ----
   DATA SIZE        =   ----    ----
   IDATA SIZE       =   ----    ----
   BIT SIZE         =   ----    ----
END OF MODULE INFORMATION.


C51 COMPILATION COMPLETE.  0 WARNING(S),  0 ERROR(S)
