C51 COMPILER V9.60.7.0   KEY                                                               12/20/2024 15:22:23 PAGE 1   


C51 COMPILER V9.60.7.0, COMPILATION OF MODULE KEY
OBJECT MODULE PLACED IN .\Objects\key.obj
COMPILER INVOKED BY: D:\Keil5\C51\BIN\C51.EXE key.c OPTIMIZE(8,SPEED) BROWSE DEBUG OBJECTEXTEND PRINT(.\Listings\key.lst
                    -) OBJECT(.\Objects\key.obj)

line level    source

   1          #include <STC89C5xRC.H>
   2          
   3          
   4          unsigned char Key_Read()
   5          {
   6   1              unsigned char temp=0;
   7   1              if(P33==0) temp=4;
   8   1              if(P32==0) temp=3;
   9   1              if(P31==0) temp=2;
  10   1              if(P30==0) temp=1;
  11   1              return temp;
  12   1      }


MODULE INFORMATION:   STATIC OVERLAYABLE
   CODE SIZE        =     23    ----
   CONSTANT SIZE    =   ----    ----
   XDATA SIZE       =   ----    ----
   PDATA SIZE       =   ----    ----
   DATA SIZE        =   ----    ----
   IDATA SIZE       =   ----    ----
   BIT SIZE         =   ----    ----
END OF MODULE INFORMATION.


C51 COMPILATION COMPLETE.  0 WARNING(S),  0 ERROR(S)
