C51 COMPILER V9.60.7.0   LED                                                               12/20/2024 15:22:23 PAGE 1   


C51 COMPILER V9.60.7.0, COMPILATION OF MODULE LED
OBJECT MODULE PLACED IN .\Objects\led.obj
COMPILER INVOKED BY: D:\Keil5\C51\BIN\C51.EXE led.c OPTIMIZE(8,SPEED) BROWSE DEBUG OBJECTEXTEND PRINT(.\Listings\led.lst
                    -) OBJECT(.\Objects\led.obj)

line level    source

   1          #include <STC89C5xRC.H>
   2          #include "led.h"
   3          
   4          void Beep(unsigned char ena)
   5          {
   6   1              if(ena)
   7   1                      BEEP=1;
   8   1              else
   9   1                      BEEP=0;
  10   1      }
  11          
  12          void Relay(unsigned char ena)
  13          {
  14   1              if(ena)
  15   1                      RELAY=1;
  16   1              else
  17   1                      RELAY=0;
  18   1      }


MODULE INFORMATION:   STATIC OVERLAYABLE
   CODE SIZE        =     18    ----
   CONSTANT SIZE    =   ----    ----
   XDATA SIZE       =   ----    ----
   PDATA SIZE       =   ----    ----
   DATA SIZE        =   ----    ----
   IDATA SIZE       =   ----    ----
   BIT SIZE         =   ----    ----
END OF MODULE INFORMATION.


C51 COMPILATION COMPLETE.  0 WARNING(S),  0 ERROR(S)
