C51 COMPILER V8.06   JIESHOU                                                               02/15/2012 20:44:30 PAGE 1   


C51 COMPILER V8.06, COMPILATION OF MODULE JIESHOU
OBJECT MODULE PLACED IN jieshou.OBJ
COMPILER INVOKED BY: C:\Keil\C51\BIN\C51.EXE jieshou.c BROWSE DEBUG OBJECTEXTEND

line level    source

   1          /**********************HJ-3G实验开发板例程************************
   2          *  平台：HJ-3G V6.0 + Keil U3 + STC89C52
   3          *  名称：用串口调试助手软件通过串口向单片机发送数据。
   4                                          当发送的数据为1到8时，分别对应点亮相应的发光二极管。
   5                                          发送其他数据，蜂鸣器会响。
   6          *  公司：慧净电子科技有限公司
   7          *  淘宝：http://shop37031453.taobao.com       
   8          *  网站：www.hlmcu.com
   9          *  编写：
  10          *  日期：2008-8-08
  11          *   QQ : 121350852  398115088
  12          *  晶振:11.0592MHZ
  13          *  说明：免费开源，不提供源代码分析，有问题直接到慧净论坛交流
  14          *  论坛：http://hjdz.5d6d.com
  15          ******************************************************************/
  16          #include <reg52.h>
  17                  
  18          #define uchar  unsigned char 
  19          #define uint   unsigned int
  20          
  21          uchar buf;
  22          
  23          sbit beep=P2^3;
  24          
  25          void main(void) 
  26          {
  27   1          SCON=0x50;           //设定串口工作方式
  28   1          PCON=0x00;           //波特率不倍增
  29   1                              
  30   1          TMOD=0x20;           //定时器1工作于8位自动重载模式, 用于产生波特率
  31   1          EA=1;
  32   1          ES = 1;              //允许串口中断
  33   1          TL1=0xfd;
  34   1          TH1=0xfd;             //波特率9600
  35   1          TR1=1;
  36   1          while(1);        
  37   1      }
  38          /*********************************************************
  39          
  40            串行中断服务函数
  41          
  42          *********************************************************/
  43          void  serial() interrupt 4 
  44          {
  45   1         ES = 0;                //关闭串行中断
  46   1         RI = 0;                //清除串行接受标志位
  47   1         buf = SBUF;            //从串口缓冲区取得数据
  48   1        switch(buf)
  49   1         {
  50   2            case 0x31:  P1=0xfe;beep=1;break;  //接受到1，第一个LED亮         
  51   2            case 0x32:  P1=0xfd;beep=1;break;  //接受到2，第二个LED亮        
  52   2            case 0x33:  P1=0xfb;beep=1;break;  //接受到3，第三个LED亮        
  53   2            case 0x34:  P1=0xf7;beep=1;break;  //接受到4，第四个LED亮       
  54   2            case 0x35:  P1=0xef;beep=1;break;  //接受到5，第五个LED亮            
  55   2            case 0x36:  P1=0xdf;beep=1;break;  //接受到5，第六个LED亮                   
C51 COMPILER V8.06   JIESHOU                                                               02/15/2012 20:44:30 PAGE 2   

  56   2            case 0x37:  P1=0xbf;beep=1;break;  //接受到5，第七个LED亮
  57   2                case 0x38:  P1=0x7f;beep=1;break;  //接受到5，第八个LED亮
  58   2                default:    beep=0;P1=0xff;break;  //接受到其它数据，蜂鸣器响         
  59   2         }
  60   1         ES = 1;    //允许串口中断
  61   1      }


MODULE INFORMATION:   STATIC OVERLAYABLE
   CODE SIZE        =    161    ----
   CONSTANT SIZE    =   ----    ----
   XDATA SIZE       =   ----    ----
   PDATA SIZE       =   ----    ----
   DATA SIZE        =      1    ----
   IDATA SIZE       =   ----    ----
   BIT SIZE         =   ----    ----
END OF MODULE INFORMATION.


C51 COMPILATION COMPLETE.  0 WARNING(S),  0 ERROR(S)
