C51 COMPILER V8.06   DINGSHIQI                                                             02/15/2007 16:28:38 PAGE 1   


C51 COMPILER V8.06, COMPILATION OF MODULE DINGSHIQI
OBJECT MODULE PLACED IN dingshiqi.OBJ
COMPILER INVOKED BY: C:\Keil\C51\BIN\C51.EXE dingshiqi.c BROWSE DEBUG OBJECTEXTEND

line level    source

   1          /**********************HJ-3G实验开发板例程************************
   2          *  平台：HJ-3G V6.0 + Keil U3 + STC89C52
   3          *  名称：本程序演示用定时器的方法产生一PWM方波，其周期为1ms(0.001s，1KHz)；
   4                                  占空比为1/5(高电平持续200us)。若产生其他参数的PWM波，只需更改
   5                                  程序中的相关参数即可。（同学们也可试着设计可调的PWM输出）
   6                                  pwm波由P1^0口输出。可观察到其对应发光二极管在闪烁
   7                                  （熄灭持续时间为200us，点亮持续时间为800us，闪烁周期为1ms）
   8          *  公司：慧净电子科技有限公司
   9          *  淘宝：http://shop37031453.taobao.com       
  10          *  网站：www.hlmcu.com
  11          *  编写：
  12          *  日期：2008-8-08
  13          *   QQ : 121350852  398115088
  14          *  晶振:11.0592MHZ
  15          *  说明：免费开源，不提供源代码分析，有问题直接到慧净论坛交流
  16          *  论坛：http://hjdz.5d6d.com
  17          ******************************************************************/
  18          
  19          #include<reg52.h>
  20          
  21          #define uint unsigned int 
  22          uint pp;
  23          
  24          sbit pwm=P1^0;
  25          
  26          void main()
  27          {
  28   1              TMOD=0x01;               //模式设置，00000001，可见采用的是定时器0，工作与模式1（M1=0，M0=1）。
  29   1              TR0=1;                   //打开定时器
  30   1              TH0=0Xff;                //定时器设置，每隔100微秒发起一次中断。
  31   1              TL0=0Xa4;
  32   1              ET0=1;                   //开定时器0中断
  33   1              EA=1;                    //开总中断
  34   1              while(1)
  35   1              {
  36   2                      if(pp<=2)
  37   2                              pwm=1;
  38   2                      else
  39   2                              pwm=0;
  40   2                      if(pp==10)
  41   2                              pp=0;
  42   2              }
  43   1      }
  44          
  45          void time0() interrupt 1
  46          {       TH0=0Xff;
  47   1              TL0=0Xa4;
  48   1              pp++;
  49   1      }


MODULE INFORMATION:   STATIC OVERLAYABLE
   CODE SIZE        =     65    ----
   CONSTANT SIZE    =   ----    ----
   XDATA SIZE       =   ----    ----
C51 COMPILER V8.06   DINGSHIQI                                                             02/15/2007 16:28:38 PAGE 2   

   PDATA SIZE       =   ----    ----
   DATA SIZE        =      2    ----
   IDATA SIZE       =   ----    ----
   BIT SIZE         =   ----    ----
END OF MODULE INFORMATION.


C51 COMPILATION COMPLETE.  0 WARNING(S),  0 ERROR(S)
