C51 COMPILER V9.60.7.0   MAIN                                                              12/19/2024 13:14:30 PAGE 1   


C51 COMPILER V9.60.7.0, COMPILATION OF MODULE MAIN
OBJECT MODULE PLACED IN .\Objects\main.obj
COMPILER INVOKED BY: D:\Keil5\C51\BIN\C51.EXE main.c OPTIMIZE(8,SPEED) BROWSE DEBUG OBJECTEXTEND PRINT(.\Listings\main.l
                    -st) OBJECT(.\Objects\main.obj)

line level    source

   1          #include <STC15F2K60S2.H>
   2          
   3          #include "iic.h"
   4          #include "onewire.h"
   5          #include "key.h"
   6          #include "led.h"
   7          typedef unsigned char u8;
   8          typedef unsigned int u16;
   9          
  10          u8 kval,kdown,kold,kslow;
  11          u8 led[8]={0,0,0,0,0,0,0,0};
  12          
  13          u8 relayflag=0;
  14          void Key_Pro()
  15          {
  16   1              if(kslow) return ;
  17   1              kslow=1;
  18   1              kval=Key_Read();
  19   1              kdown=kval&(kold^kval);
  20   1              kold=kval;
  21   1              switch(kval)
  22   1              {
  23   2                      case 1:
  24   2                              relayflag=1;
  25   2                      break;
  26   2              }
  27   1              
  28   1      }
  29          
  30          
  31          void Led_Pro()
  32          {
  33   1              Relay(relayflag);
  34   1              
  35   1      }
  36          void Timer0_Init(void)          //1毫秒@12.000MHz
  37          {
  38   1              AUXR &= 0x7F;                   //定时器时钟12T模式
  39   1              TMOD &= 0xF0;                   //设置定时器模式
  40   1              TL0 = 0x18;                             //设置定时初始值
  41   1              TH0 = 0xFC;                             //设置定时初始值
  42   1              TF0 = 0;                                //清除TF0标志
  43   1              TR0 = 1;                                //定时器0开始计时
  44   1              ET0=1;
  45   1              EA=1;
  46   1      }
  47          
  48          void Timer0_Service() interrupt 1
  49          {
  50   1              if(++kslow==50) kslow=0;
  51   1              
  52   1      }
  53          void sysinit()
  54          {
C51 COMPILER V9.60.7.0   MAIN                                                              12/19/2024 13:14:30 PAGE 2   

  55   1              P0=0xff;
  56   1              P2=P2&0x1f|0x80;
  57   1              P2=P2&0x1f;
  58   1              
  59   1              P0=0x00;
  60   1              P2=P2&0x1f|0xa0;
  61   1              P2=P2&0x1f;
  62   1      }
  63          void Delay750ms()               //@11.0592MHz
  64          {
  65   1              unsigned char i, j, k;
  66   1      
  67   1              i = 32;
  68   1              j = 133;
  69   1              k = 87;
  70   1              do
  71   1              {
  72   2                      do
  73   2                      {
  74   3                              while (--k);
  75   3                      } while (--j);
  76   2              } while (--i);
  77   1      }
  78          
  79          int main()
  80          {
  81   1              sysinit();
  82   1              while(1)
  83   1              {
  84   2                      
  85   2                      Key_Pro();
  86   2                      Led_Pro();
  87   2              }
  88   1      }


MODULE INFORMATION:   STATIC OVERLAYABLE
   CODE SIZE        =    130    ----
   CONSTANT SIZE    =   ----    ----
   XDATA SIZE       =   ----    ----
   PDATA SIZE       =   ----    ----
   DATA SIZE        =     13    ----
   IDATA SIZE       =   ----    ----
   BIT SIZE         =   ----    ----
END OF MODULE INFORMATION.


C51 COMPILATION COMPLETE.  0 WARNING(S),  0 ERROR(S)
