C51 COMPILER V8.06   SHUZU                                                                 02/15/2012 21:31:28 PAGE 1   


C51 COMPILER V8.06, COMPILATION OF MODULE SHUZU
OBJECT MODULE PLACED IN shuzu.OBJ
COMPILER INVOKED BY: C:\Keil\C51\BIN\C51.EXE shuzu.c BROWSE DEBUG OBJECTEXTEND

line level    source

   1          /**********************HJ-3Gʵ鿪************************
   2          *  ƽ̨HJ-3G V6.0 + Keil U3 + STC89C52
   3          *  ƣCѧϰʵ
   4          *  ˾۾ӿƼ޹˾
   5          *  Աhttp://shop37031453.taobao.com       
   6          *  վwww.hlmcu.com
   7          *  д
   8          *  ڣ2008-8-08
   9          *   QQ : 121350852  398115088
  10          *  :11.0592MHZ
  11          *  ˵ѿԴṩԴֱӵ۾̳
  12          *  ̳http://hjdz.5d6d.com
  13          ******************************************************************
  14          ܣ      ʾʹ÷ʹled˸Ч
  15                                  齫ĳȡֵ֯ʹá
  16          ****************************************************************************/
  17          #include <reg52.h>
  18          
  19          unsigned char code table[]={0xfe,0xfd,0xfb,0xf7,0xef,0xdf,0xbf,0x7f};
  20          //ֱʹĳһλLEDP1ڵƽֲ顣
  21          
  22          void delay()
  23          {
  24   1              unsigned int p,q;
  25   1              for(p=100;p>0;p--)
  26   1                      for(q=100;q>0;q--);
  27   1      }
  28          
  29          void main()
  30          {
  31   1              char m;  //ÿʹǰҪ
  32   1              while(1) //ĴѭЧledһ˸
  33   1              {
  34   2                      P1=table[m];//ĵ÷mֵΪڼֵֵıŴ0ʼ
  35   2                      m++;//ımֵɵõвֵͬʼʱm=0õֵ0xfeӶһܡHJ-3GϣΪ
             -͵ƽLEDߵƽϨLED
  36   2                      if(m==7)//ledֻаλmǴ0ʼȡֵģʵm=7ʱӦ㡣
  37   2                      m=0;
  38   2                      delay();
  39   2              }
  40   1      }
  41                                                          


MODULE INFORMATION:   STATIC OVERLAYABLE
   CODE SIZE        =     63    ----
   CONSTANT SIZE    =      8    ----
   XDATA SIZE       =   ----    ----
   PDATA SIZE       =   ----    ----
   DATA SIZE        =   ----       1
   IDATA SIZE       =   ----    ----
   BIT SIZE         =   ----    ----
END OF MODULE INFORMATION.


C51 COMPILATION COMPLETE.  0 WARNING(S),  0 ERROR(S)
