C51 COMPILER V8.06   0                                                                     02/15/2012 21:30:45 PAGE 1   


C51 COMPILER V8.06, COMPILATION OF MODULE 0
OBJECT MODULE PLACED IN 0.OBJ
COMPILER INVOKED BY: C:\Keil\C51\BIN\C51.EXE 0.c BROWSE DEBUG OBJECTEXTEND

line level    source

   1          /**********************HJ-3G实验开发板例程************************
   2          *  平台：HJ-3G V6.0 + Keil U3 + STC89C52
   3          *  名称：C语言学习实验
   4          *  公司：慧净电子科技有限公司
   5          *  淘宝：http://shop37031453.taobao.com       
   6          *  网站：www.hlmcu.com
   7          *  编写：
   8          *  日期：2008-8-08
   9          *   QQ : 121350852  398115088
  10          *  晶振:11.0592MHZ
  11          *  说明：免费开源，不提供源代码分析，有问题直接到慧净论坛交流
  12          *  论坛：http://hjdz.5d6d.com
  13          ******************************************************************
  14          程序功能：      该函数是一个功能性小函数，告诉大家对整数各位
  15                                  进行拆分的一种方法（函数中以一个四位数为例），还有对小数进行提取的方法。
  16          ****************************************************************************/
  17          #include <reg51.h>
  18          #include <math.h>
  19          
  20          void main()
  21          {
  22   1              unsigned int zhengshu=1234;
  23   1              unsigned char ge,shi,bai,qian;
  24   1      
  25   1              float xiaoshu=5.67;
  26   1              unsigned int xiaoshu1,xiaoshu2;
  27   1      
  28   1              ge=zhengshu%10;            //%即为取余数运算符，如8%5=3
  29   1              shi=(zhengshu%100)/10;   //单斜线/为取整运算符，如8、5=1
  30   1              bai=(zhengshu%1000)/100;
  31   1              qian=zhengshu/1000;
  32   1      
  33   1              xiaoshu2=(unsigned int)(xiaoshu*100)%10;
  34   1              //注意(unsigned int)(xiaoshu*100)该部分，它的含义为对(xiaoshu*100)进行强制
  35   1              //类型转换，因为虽然(xiaoshu*100)的运算结果表面上得到的是567，但实质上它在程序
  36   1              //中的表现形式是567.0，即仍为float型数据，此时如果无类型转换，进行%取余运算时会
  37   1              //导致错误出现。(unsigned int)(xiaoshu*100)即将float型强制转换为unsigned int型数据。
  38   1              xiaoshu1=(unsigned int)(xiaoshu*100)%100/10;
  39   1      
  40   1              P1=xiaoshu2;//xiaoshu2结果为7；二进制为00000111 ,故低三位会不亮，其余全亮
  41   1                                      //同学们可以用此方法，更改一下“P1=”后的变量，通过led的亮灭观察下每个变量的值是否正确。
  42   1              while(1);//死循环，程序会停止于此处，防止“跑飞”
  43   1      }


MODULE INFORMATION:   STATIC OVERLAYABLE
   CODE SIZE        =    159    ----
   CONSTANT SIZE    =   ----    ----
   XDATA SIZE       =   ----    ----
   PDATA SIZE       =   ----    ----
   DATA SIZE        =   ----      12
   IDATA SIZE       =   ----    ----
   BIT SIZE         =   ----    ----
END OF MODULE INFORMATION.


C51 COMPILATION COMPLETE.  0 WARNING(S),  0 ERROR(S)
