C51 COMPILER V8.06   GUANGGAOXIAOGUO                                                       02/15/2007 16:12:21 PAGE 1   


C51 COMPILER V8.06, COMPILATION OF MODULE GUANGGAOXIAOGUO
OBJECT MODULE PLACED IN guanggaoxiaoguo.OBJ
COMPILER INVOKED BY: C:\Keil\C51\BIN\C51.EXE guanggaoxiaoguo.c BROWSE DEBUG OBJECTEXTEND

line level    source

   1          /**********************HJ-3G实验开发板例程************************
   2          *  平台：HJ-3G V6.0 + Keil U3 + STC89C52
   3          *  名称：模拟广告牌的字体流动显示。
   4                            含有两个显示函数，一个为一次在任意位显示任意数字，
   5                            一个为一次显示六个不同数字。
   6          *  公司：慧净电子科技有限公司
   7          *  淘宝：http://shop37031453.taobao.com       
   8          *  网站：www.hlmcu.com
   9          *  编写：
  10          *  日期：2008-8-08
  11          *   QQ : 121350852  398115088
  12          *  晶振:11.0592MHZ
  13          *  说明：免费开源，不提供源代码分析，有问题直接到慧净论坛交流
  14          *  论坛：http://hjdz.5d6d.com
  15          ******************************************************************/
  16          #include<reg51.h>
  17          
  18          #define uchar unsigned char
  19          
  20          uchar a=0,b=1,c=2,d=3,e=4,f=5,temp,key,k,m,n;
  21          unsigned long i,j;
  22          
  23          sbit dula=P2^6;
  24          sbit wela=P2^7;
  25          sbit beep=P2^3;
  26          
  27          unsigned char code table[]={0x3f,0x06,0x5b,0x4f,0x66,0x6d,0x7d,
  28                                  0x07,0x7f,0x6f,0x77,0x7c,0x39,0x5e,0x79,0x71,0x00};
  29                                                           //最后一个0x00代表无显示。
  30          void delay(unsigned long i)
  31          {
  32   1              for(j=i;j>0;j--)
  33   1              for(k=125;k>0;k--);
  34   1      }
  35          
  36          void display(uchar wei,uchar shu)//在任意一位显示任意的数字
  37          {
  38   1         dula=0;
  39   1         P0=table[shu];
  40   1         dula=1;
  41   1         dula=0;
  42   1         
  43   1         wela=0;
  44   1         switch(wei)
  45   1         {
  46   2              case 1:
  47   2                              P0=0xfe;
  48   2                              wela=1;
  49   2                              wela=0;
  50   2                              delay(5);
  51   2                              break;
  52   2              case 2:
  53   2                              P0=0xfd;
  54   2                         wela=1;
  55   2                         wela=0;
C51 COMPILER V8.06   GUANGGAOXIAOGUO                                                       02/15/2007 16:12:21 PAGE 2   

  56   2                         delay(5);
  57   2                         break;
  58   2         case 3:
  59   2                         P0=0xfb;
  60   2                         wela=1;
  61   2                         wela=0;
  62   2                         delay(5);
  63   2                         break;
  64   2         case 4:           
  65   2                         P0=0xf7;
  66   2                         wela=1;
  67   2                         wela=0;
  68   2                         delay(5);
  69   2                         break;
  70   2         case 5:
  71   2                         P0=0xef;
  72   2                         wela=1;
  73   2                         wela=0;
  74   2                         delay(5);
  75   2                         break;
  76   2         case 6:
  77   2                         P0=0xdf;
  78   2                         wela=1;
  79   2                         wela=0;
  80   2                         delay(5);
  81   2                         break;
  82   2         }
  83   1      }
  84          void display0(uchar a,uchar b,uchar c,uchar d,uchar e,uchar f)
  85          {                                                 //一次显示六个数字，且每位显示数字可自定。
  86   1         dula=0;
  87   1         P0=table[a];
  88   1         dula=1;
  89   1         dula=0;
  90   1         
  91   1         wela=0;
  92   1         P0=0xfe;
  93   1         wela=1;
  94   1         wela=0;
  95   1         delay(5);
  96   1         
  97   1         P0=table[b];
  98   1         dula=1;
  99   1         dula=0;
 100   1         
 101   1         P0=0xfd;
 102   1         wela=1;
 103   1         wela=0;
 104   1         delay(5);
 105   1      
 106   1         P0=table[c];
 107   1         dula=1;
 108   1         dula=0;
 109   1         
 110   1         P0=0xfb;
 111   1         wela=1;
 112   1         wela=0;
 113   1         delay(5);
 114   1         
 115   1         P0=table[d];
 116   1         dula=1;
 117   1         dula=0;
C51 COMPILER V8.06   GUANGGAOXIAOGUO                                                       02/15/2007 16:12:21 PAGE 3   

 118   1         
 119   1         P0=0xf7;
 120   1         wela=1;
 121   1         wela=0;
 122   1         delay(5);
 123   1         
 124   1         P0=table[e];
 125   1         dula=1;
 126   1         dula=0;
 127   1         
 128   1         P0=0xef;
 129   1         wela=1;
 130   1         wela=0;
 131   1         delay(5);
 132   1         
 133   1         P0=table[f];
 134   1         dula=1;
 135   1         dula=0;
 136   1         
 137   1         P0=0xdf;
 138   1         wela=1;
 139   1         wela=0;
 140   1         delay(5);
 141   1      }
 142            
 143            void main()
 144            {
 145   1              while(1)
 146   1              {                        
 147   2                      display(6,0);                            //一次只有一位在显示
 148   2                      delay(500);
 149   2                      display(5,0);
 150   2                      delay(500);
 151   2                      display(4,0);
 152   2                      delay(500);
 153   2                      display(3,0);
 154   2                      delay(500);
 155   2                      display(2,0);
 156   2                      delay(500);
 157   2                      display(1,0);
 158   2                      delay(500);
 159   2                      display(6,1);
 160   2                      delay(500);
 161   2                      display(5,1);
 162   2                      delay(500);
 163   2                      display(4,1);
 164   2                      delay(500);
 165   2                      display(3,1);
 166   2                      delay(500);
 167   2                      display(2,1);
 168   2                      delay(500);
 169   2                      display(6,2);
 170   2                      delay(500);
 171   2                      display(5,2);
 172   2                      delay(500);
 173   2                      display(4,2);
 174   2                      delay(500);
 175   2                      display(3,2);
 176   2                      delay(500);
 177   2                      display(6,3);
 178   2                      delay(500);
 179   2                      display(5,3);
C51 COMPILER V8.06   GUANGGAOXIAOGUO                                                       02/15/2007 16:12:21 PAGE 4   

 180   2                      delay(500);
 181   2                      display(4,3);
 182   2                      delay(500);
 183   2                      display(6,4);
 184   2                      delay(500);
 185   2                      display(5,4);
 186   2                      delay(500);
 187   2                      display(6,5);
 188   2                      delay(500);        
 189   2                      for(m=50;m>0;m--)                 //借助一次显示六位函数实现
 190   2                      {
 191   3                      display0(16,16,16,16,16,0);             //16代表无显示
 192   3                      delay(2);
 193   3                      }
 194   2                      for(m=50;m>0;m--)
 195   2                      {
 196   3                      display0(16,16,16,16,0,16);
 197   3                      delay(2);
 198   3                      }
 199   2                      for(m=50;m>0;m--)
 200   2                      {
 201   3                      display0(16,16,16,0,16,16);
 202   3                      delay(2);
 203   3                      }
 204   2                      for(m=50;m>0;m--)
 205   2                      {
 206   3                      display0(16,16,0,16,16,16);
 207   3                      delay(2);
 208   3                      }
 209   2                      for(m=50;m>0;m--)
 210   2                      {
 211   3                      display0(16,0,16,16,16,16);
 212   3                      delay(2);
 213   3                      }
 214   2                      for(m=50;m>0;m--)
 215   2                      {
 216   3                      display0(0,16,16,16,16,16);
 217   3                      delay(2);
 218   3                      }
 219   2                      for(m=50;m>0;m--)
 220   2                      {
 221   3                      display0(0,16,16,16,16,1);
 222   3                      delay(2);
 223   3                      }
 224   2                      for(m=50;m>0;m--)
 225   2                      {
 226   3                      display0(0,16,16,16,1,16);
 227   3                      delay(2);
 228   3                      }
 229   2                      for(m=50;m>0;m--)
 230   2                      {
 231   3                      display0(0,16,16,1,16,16);
 232   3                      delay(2);
 233   3                      }
 234   2                      for(m=50;m>0;m--)
 235   2                      {
 236   3                      display0(0,16,1,16,16,16);
 237   3                      delay(2);
 238   3                      }
 239   2                      for(m=50;m>0;m--)
 240   2                      {
 241   3                      display0(0,1,16,16,16,16);
C51 COMPILER V8.06   GUANGGAOXIAOGUO                                                       02/15/2007 16:12:21 PAGE 5   

 242   3                      delay(2);
 243   3                      }
 244   2                      for(m=50;m>0;m--)
 245   2                      {
 246   3                      display0(0,1,16,16,16,2);
 247   3                      delay(2);
 248   3                      }
 249   2                      for(m=50;m>0;m--)
 250   2                      {
 251   3                      display0(0,1,16,16,2,16);
 252   3                      delay(2);
 253   3                      }
 254   2                      for(m=50;m>0;m--)
 255   2                      {
 256   3                      display0(0,1,16,2,16,16);
 257   3                      delay(2);
 258   3                      }
 259   2                      for(m=50;m>0;m--)
 260   2                      {
 261   3                      display0(0,1,2,16,16,16);
 262   3                      delay(2);
 263   3                      }
 264   2                      for(m=50;m>0;m--)
 265   2                      {
 266   3                      display0(0,1,2,16,16,3);
 267   3                      delay(2);
 268   3                      }
 269   2                      for(m=50;m>0;m--)
 270   2                      {
 271   3                      display0(0,1,2,16,3,16);
 272   3                      delay(2);                  
 273   3                      }
 274   2                      for(m=50;m>0;m--)
 275   2                      {
 276   3                      display0(0,1,2,3,16,16);
 277   3                      delay(2);
 278   3                      }
 279   2                      for(m=50;m>0;m--)
 280   2                      {
 281   3                      display0(0,1,2,3,16,4);
 282   3                      delay(2);
 283   3                      }
 284   2                      for(m=50;m>0;m--)
 285   2                      {
 286   3                      display0(0,1,2,3,4,16);
 287   3                      delay(2);
 288   3                      }
 289   2                      for(m=50;m>0;m--)
 290   2                      {
 291   3                      display0(0,1,2,3,4,5);
 292   3                      delay(2);
 293   3                      }
 294   2                      for(n=4;n>0;n--)         //闪烁
 295   2                      {
 296   3                              for(m=100;m>0;m--)
 297   3                              {
 298   4                                      display0(0,1,2,3,4,5);
 299   4                              }
 300   3                              for(m=100;m>0;m--)
 301   3                              {
 302   4                                      display0(16,16,16,16,16,16);
 303   4                              }
C51 COMPILER V8.06   GUANGGAOXIAOGUO                                                       02/15/2007 16:12:21 PAGE 6   

 304   3                      }
 305   2              }
 306   1      }


MODULE INFORMATION:   STATIC OVERLAYABLE
   CODE SIZE        =   1282    ----
   CONSTANT SIZE    =     17    ----
   XDATA SIZE       =   ----    ----
   PDATA SIZE       =   ----    ----
   DATA SIZE        =     19       6
   IDATA SIZE       =   ----    ----
   BIT SIZE         =   ----    ----
END OF MODULE INFORMATION.


C51 COMPILATION COMPLETE.  0 WARNING(S),  0 ERROR(S)
