C51 COMPILER V8.06   1602                                                                  06/24/2012 19:32:51 PAGE 1   


C51 COMPILER V8.06, COMPILATION OF MODULE 1602
OBJECT MODULE PLACED IN 1602.OBJ
COMPILER INVOKED BY: C:\Keil\C51\BIN\C51.EXE 1602.c BROWSE DEBUG OBJECTEXTEND

line level    source

   1          /**********************HJ-3G实验开发板例程************************
   2          *  平台：HJ-3G V6.0 + Keil U3 + STC89C52
   3          *  名称：
   4          *  公司：慧净电子科技有限公司
   5          *  淘宝：http://shop37031453.taobao.com       
   6          *  网站：www.hlmcu.com
   7          *  编写：
   8          *  日期：2008-8-08
   9          *   QQ : 121350852  398115088
  10          *  晶振:11.0592MHZ
  11          *  说明：免费开源，不提供源代码分析，有问题直接到慧净论坛交流
  12          *  论坛：http://hjdz.5d6d.com
  13          ******************************************************************/
  14          
  15          //注意事项：10天教程中的LCD1602第5脚由于当时设计错误，直接接到GND上了，接了低电平。
  16          //本实验需要把LCD1602第5脚，读/写脚接到GND上，有两种方法，第一种，用杜邦线把P3.6脚接到GND上。
  17          //另一种方法，定义一个 P3.6 IO口，在主函数中 把P3.6 写一个低电平就可以了。
  18          //sbit WR = P3^6; 在后面主函数中加入 WR=0;就可以不用接杜邦线， P3.6到GND的杜邦线不要。
  19          //WR=0;
  20          
  21          #include<reg52.h>
  22          #define uchar unsigned char
  23          #define uint unsigned int
  24          sbit rs=P1^0;
  25          sbit rw=P1^1;
  26          sbit lcden=P2^5;
  27          sbit dula=P2^6;
  28          sbit wela=P2^7;
  29          uchar table1[]="Hl-1  V8  MCU";
  30          uchar table2[]="WWW.HJMCU.COM";
  31          void delay(uint x)
  32          {
  33   1              uint a,b;
  34   1              for(a=x;a>0;a--)
  35   1                      for(b=10;b>0;b--); 
  36   1      }
  37          
  38          void delay1(uint x)
  39          {
  40   1              uint a,b;
  41   1              for(a=x;a>0;a--)
  42   1                      for(b=100;b>0;b--); 
  43   1      }
  44          
  45          void write_com(uchar com)
  46          {
  47   1              P0=com;
  48   1              rs=0;
  49   1              lcden=0;
  50   1              delay(10);
  51   1              lcden=1;
  52   1              delay(10);
  53   1              lcden=0;
  54   1              
  55   1      }
C51 COMPILER V8.06   1602                                                                  06/24/2012 19:32:51 PAGE 2   

  56          
  57          void write_date(uchar date)
  58          {
  59   1              P0=date;
  60   1              rs=1;
  61   1              lcden=0;
  62   1              delay(10);
  63   1              lcden=1;
  64   1              delay(10);
  65   1              lcden=0;
  66   1              
  67   1      }
  68          
  69          void init()
  70          {
  71   1              rw=0;
  72   1              dula=0;
  73   1              wela=0;
  74   1              write_com(0x38);   //显示模式设置：16×2显示，5×7点阵，8位数据接口
  75   1              delay(20);
  76   1              write_com(0x0f);   //显示模式设置
  77   1              delay(20);
  78   1              write_com(0x06);   //显示模式设置：光标右移，字符不移
  79   1              delay(20);
  80   1              write_com(0x01);   //清屏幕指令，将以前的显示内容清除
  81   1              delay(20);      
  82   1      }
  83          
  84          void main()
  85          {
  86   1              uchar a;
  87   1              init();
  88   1      
  89   1              write_com(0x80+17);      //将第一个字符写在向右偏移17个字符处，为后面的由右向左划入做准备。
  90   1              delay(20);
  91   1              for(a=0;a<13;a++)
  92   1              {
  93   2              write_date(table1[a]);
  94   2              delay(20);              
  95   2              }
  96   1      
  97   1              write_com(0xc0+17);
  98   1              delay(50);
  99   1              for(a=0;a<13;a++)
 100   1              {
 101   2              write_date(table2[a]);
 102   2              delay(40);              
 103   2              }
 104   1      
 105   1              for(a=0;a<16;a++)
 106   1              {
 107   2                      write_com(0x18); //左移
 108   2                      delay1(600);
 109   2              }
 110   1              while(1);
 111   1      }


MODULE INFORMATION:   STATIC OVERLAYABLE
   CODE SIZE        =    230    ----
   CONSTANT SIZE    =   ----    ----
   XDATA SIZE       =   ----    ----
C51 COMPILER V8.06   1602                                                                  06/24/2012 19:32:51 PAGE 3   

   PDATA SIZE       =   ----    ----
   DATA SIZE        =     28    ----
   IDATA SIZE       =   ----    ----
   BIT SIZE         =   ----    ----
END OF MODULE INFORMATION.


C51 COMPILATION COMPLETE.  0 WARNING(S),  0 ERROR(S)
