C51 COMPILER V8.06   18B20                                                                 02/15/2012 20:28:03 PAGE 1   


C51 COMPILER V8.06, COMPILATION OF MODULE 18B20
OBJECT MODULE PLACED IN 18b20.OBJ
COMPILER INVOKED BY: C:\Keil\C51\BIN\C51.EXE 18b20.c BROWSE DEBUG OBJECTEXTEND

line level    source

   1          /**********************HJ-3G实验开发板例程************************
   2          *  平台：HJ-3G V6.0 + Keil U3 + STC89C52
   3          *  名称：实时采集当前环境温度值，并显示于数码管上
   4          *  公司：慧净电子科技有限公司
   5          *  淘宝：http://shop37031453.taobao.com       
   6          *  网站：www.hlmcu.com
   7          *  编写：
   8          *  日期：2008-8-08
   9          *   QQ : 121350852  398115088
  10          *  晶振:11.0592MHZ
  11          *  说明：免费开源，不提供源代码分析，有问题直接到慧净论坛交流
  12          *  论坛：http://hjdz.5d6d.com
  13          ******************************************************************/
  14          #include <reg52.h>
  15          #define uchar unsigned char
  16          #define uint unsigned int
  17          sbit DS=P2^2;           //define interface
  18          uint temp;             // variable of temperature
  19          uchar flag1;            // sign of the result positive or negative
  20          sbit dula=P2^6;
  21          sbit wela=P2^7;
  22          unsigned char code table[]={0x3f,0x06,0x5b,0x4f,0x66,0x6d,0x7d,
  23                                  0x07,0x7f,0x6f,0x77,0x7c,0x39,0x5e,0x79,0x71};
  24          unsigned char code table1[]={0xbf,0x86,0xdb,0xcf,0xe6,0xed,0xfd,
  25                                  0x87,0xff,0xef};
  26          
  27          void delay(uint count)      //delay
  28          {
  29   1        uint i;
  30   1        while(count)
  31   1        {
  32   2          i=200;
  33   2          while(i>0)
  34   2          i--;
  35   2          count--;
  36   2        }
  37   1      }
  38          void dsreset(void)       //send reset and initialization command
  39          {
  40   1        uint i;
  41   1        DS=0;
  42   1        i=103;
  43   1        while(i>0)i--;
  44   1        DS=1;
  45   1        i=4;
  46   1        while(i>0)i--;
  47   1      }
  48          
  49          bit tmpreadbit(void)       //read a bit
  50          {
  51   1         uint i;
  52   1         bit dat;
  53   1         DS=0;i++;          //i++ for delay
  54   1         DS=1;i++;i++;
  55   1         dat=DS;
C51 COMPILER V8.06   18B20                                                                 02/15/2012 20:28:03 PAGE 2   

  56   1         i=8;while(i>0)i--;
  57   1         return (dat);
  58   1      }
  59          
  60          uchar tmpread(void)   //read a byte date
  61          {
  62   1        uchar i,j,dat;
  63   1        dat=0;
  64   1        for(i=1;i<=8;i++)
  65   1        {
  66   2          j=tmpreadbit();
  67   2          dat=(j<<7)|(dat>>1);   //读出的数据最低位在最前面，这样刚好一个字节在DAT里
  68   2        }
  69   1        return(dat);
  70   1      }
  71          
  72          void tmpwritebyte(uchar dat)   //write a byte to ds18b20
  73          {
  74   1        uint i;
  75   1        uchar j;
  76   1        bit testb;
  77   1        for(j=1;j<=8;j++)
  78   1        {
  79   2          testb=dat&0x01;
  80   2          dat=dat>>1;
  81   2          if(testb)     //write 1
  82   2          {
  83   3            DS=0;
  84   3            i++;i++;
  85   3            DS=1;
  86   3            i=8;while(i>0)i--;
  87   3          }
  88   2          else
  89   2          {
  90   3            DS=0;       //write 0
  91   3            i=8;while(i>0)i--;
  92   3            DS=1;
  93   3            i++;i++;
  94   3          }
  95   2      
  96   2        }
  97   1      }
  98          
  99          void tmpchange(void)  //DS18B20 begin change
 100          {
 101   1        dsreset();
 102   1        delay(1);
 103   1        tmpwritebyte(0xcc);  // address all drivers on bus
 104   1        tmpwritebyte(0x44);  //  initiates a single temperature conversion
 105   1      }
 106          
 107          uint tmp()               //get the temperature
 108          {
 109   1        float tt;
 110   1        uchar a,b;
 111   1        dsreset();
 112   1        delay(1);
 113   1        tmpwritebyte(0xcc);
 114   1        tmpwritebyte(0xbe);
 115   1        a=tmpread();
 116   1        b=tmpread();
 117   1        temp=b;
C51 COMPILER V8.06   18B20                                                                 02/15/2012 20:28:03 PAGE 3   

 118   1        temp<<=8;             //two byte  compose a int variable
 119   1        temp=temp|a;
 120   1        tt=temp*0.0625;
 121   1        temp=tt*10+0.5;
 122   1        return temp;
 123   1      }
 124          
 125          void display(uint temp)                 //显示程序
 126          {
 127   1         uchar A1,A2,A2t,A3;
 128   1         A1=temp/100;
 129   1         A2t=temp%100;
 130   1         A2=A2t/10;
 131   1         A3=A2t%10;
 132   1         dula=0;
 133   1         P0=table[A1];                //显示百位
 134   1         dula=1;
 135   1         dula=0;
 136   1      
 137   1         wela=0;
 138   1         P0=0x7e;
 139   1         wela=1;
 140   1         wela=0;
 141   1         delay(1);
 142   1      
 143   1         dula=0;
 144   1         P0=table1[A2];               //显示十位
 145   1         dula=1;
 146   1         dula=0;
 147   1      
 148   1         wela=0;
 149   1         P0=0x7d;
 150   1         wela=1;
 151   1         wela=0;
 152   1         delay(1);
 153   1      
 154   1         P0=table[A3];                //显示个位
 155   1         dula=1;
 156   1         dula=0;
 157   1      
 158   1         P0=0x7b;
 159   1         wela=1;
 160   1         wela=0;
 161   1         delay(1);
 162   1      }
 163          
 164          
 165          void main()
 166          {
 167   1       uchar a;
 168   1        do
 169   1        {
 170   2          tmpchange();
 171   2              for(a=10;a>0;a--)
 172   2              {   
 173   3                      display(tmp());
 174   3              }
 175   2        } while(1);
 176   1      }


MODULE INFORMATION:   STATIC OVERLAYABLE
C51 COMPILER V8.06   18B20                                                                 02/15/2012 20:28:03 PAGE 4   

   CODE SIZE        =    453    ----
   CONSTANT SIZE    =     26    ----
   XDATA SIZE       =   ----    ----
   PDATA SIZE       =   ----    ----
   DATA SIZE        =      3       6
   IDATA SIZE       =   ----    ----
   BIT SIZE         =   ----       2
END OF MODULE INFORMATION.


C51 COMPILATION COMPLETE.  0 WARNING(S),  0 ERROR(S)
