C51 COMPILER V8.06   LED                                                                   06/24/2012 18:38:42 PAGE 1   


C51 COMPILER V8.06, COMPILATION OF MODULE LED
OBJECT MODULE PLACED IN led.OBJ
COMPILER INVOKED BY: C:\Keil\C51\BIN\C51.EXE led.c BROWSE DEBUG OBJECTEXTEND

line level    source

   1          /**********************HL-1实验开发板例程************************
   2          *  平台：HL-1 V8.0 + Keil U3 + STC89C52
   3          *  名称：用总线操作的方法点亮第一、第三、第五、第七个发光二极管
   4          *  公司：慧净电子科技有限公司
   5          *  淘宝：http://shop37031453.taobao.com       
   6          *  网站：www.hjmcu.com
   7          *  编写：慧净
   8          *  日期：2008-8-08
   9          *   QQ : 121350852 398115088
  10          *  晶振:11.0592MHZ
  11          *  说明：免费开源，不提供源代码分析，有问题直接到慧净论坛交流
  12          *  论坛：http://hjdz.5d6d.net
  13          ******************************************************************/
  14          
  15          #include <reg51.h> //包含头文件，在“reg51.h”上右键单击，并打开，可以看到它里面的定义
  16          
  17          void main()
  18          {
  19   1              P1=0XAA;  //对P1口的八位一起操作，高低电平分配为10101010，为0的位对应的二极管被点亮。
  20   1              while(1);
  21   1      }


MODULE INFORMATION:   STATIC OVERLAYABLE
   CODE SIZE        =      5    ----
   CONSTANT SIZE    =   ----    ----
   XDATA SIZE       =   ----    ----
   PDATA SIZE       =   ----    ----
   DATA SIZE        =   ----    ----
   IDATA SIZE       =   ----    ----
   BIT SIZE         =   ----    ----
END OF MODULE INFORMATION.


C51 COMPILATION COMPLETE.  0 WARNING(S),  0 ERROR(S)
