C51 COMPILER V8.06   BEEP                                                                  02/15/2007 16:13:52 PAGE 1   


C51 COMPILER V8.06, COMPILATION OF MODULE BEEP
OBJECT MODULE PLACED IN beep.OBJ
COMPILER INVOKED BY: C:\Keil\C51\BIN\C51.EXE beep.c BROWSE DEBUG OBJECTEXTEND

line level    source

   1          /**********************HJ-3G实验开发板例程************************
   2          *  平台：HJ-3G V6.0 + Keil U3 + STC89C52
   3          *  名称：本程序为蜂鸣器的基本驱动示例，当按键S2被按下时，蜂鸣器响。
   4                                  松开后不响。
   5          *  公司：慧净电子科技有限公司
   6          *  淘宝：http://shop37031453.taobao.com       
   7          *  网站：www.hlmcu.com
   8          *  编写：
   9          *  日期：2008-8-08
  10          *   QQ : 121350852  398115088
  11          *  晶振:11.0592MHZ
  12          *  说明：免费开源，不提供源代码分析，有问题直接到慧净论坛交流
  13          *  论坛：http://hjdz.5d6d.com
  14          ******************************************************************/
  15          
  16          #include<reg52.h>
  17          
  18          sbit s2=P3^4;
  19          sbit beep=P2^3;
  20          
  21          void main()
  22          {
  23   1              while(1)
  24   1              {
  25   2                      if(!s2)
  26   2                              beep=0;
  27   2                      else
  28   2                              beep=1;
  29   2              }
  30   1      }


MODULE INFORMATION:   STATIC OVERLAYABLE
   CODE SIZE        =     11    ----
   CONSTANT SIZE    =   ----    ----
   XDATA SIZE       =   ----    ----
   PDATA SIZE       =   ----    ----
   DATA SIZE        =   ----    ----
   IDATA SIZE       =   ----    ----
   BIT SIZE         =   ----    ----
END OF MODULE INFORMATION.


C51 COMPILATION COMPLETE.  0 WARNING(S),  0 ERROR(S)
