C51 COMPILER V8.06   YIDENGSHANSHUO                                                        06/24/2012 18:40:02 PAGE 1   


C51 COMPILER V8.06, COMPILATION OF MODULE YIDENGSHANSHUO
OBJECT MODULE PLACED IN yidengshanshuo.OBJ
COMPILER INVOKED BY: C:\Keil\C51\BIN\C51.EXE yidengshanshuo.c BROWSE DEBUG OBJECTEXTEND

line level    source

   1          /**********************HL-1实验开发板例程************************
   2          *  平台：HL-1 V8.0 + Keil U3 + STC89C52
   3          *  名称：让一LED闪烁十次后停止
   4          *  公司：慧净电子科技有限公司
   5          *  淘宝：http://shop37031453.taobao.com       
   6          *  网站：www.hjmcu.com
   7          *  编写：慧净
   8          *  日期：2008-8-08
   9          *   QQ : 121350852 398115088
  10          *  晶振:11.0592MHZ
  11          *  说明：免费开源，不提供源代码分析，有问题直接到慧净论坛交流
  12          *  论坛：http://hjdz.5d6d.net
  13          ******************************************************************/
  14          #include <reg51.h>
  15          
  16          sbit led=P1^0;
  17          
  18          void delay(unsigned int i)
  19          {
  20   1              unsigned int j;
  21   1              unsigned char k;
  22   1              for(j=i;j>0;j--)
  23   1                      for(k=125;k>0;k--);
  24   1      }
  25          
  26          void main()
  27          {
  28   1              unsigned char m;
  29   1              for(m=20;m>0;m--)
  30   1              {
  31   2                      led=~led;       //没隔一段时间即对输出取反。
  32   2                      delay(3000); //闪烁间隔。
  33   2              }
  34   1              while(1); //闪烁十次后，到此不再闪烁。
  35   1      }


MODULE INFORMATION:   STATIC OVERLAYABLE
   CODE SIZE        =     36    ----
   CONSTANT SIZE    =   ----    ----
   XDATA SIZE       =   ----    ----
   PDATA SIZE       =   ----    ----
   DATA SIZE        =   ----    ----
   IDATA SIZE       =   ----    ----
   BIT SIZE         =   ----    ----
END OF MODULE INFORMATION.


C51 COMPILATION COMPLETE.  0 WARNING(S),  0 ERROR(S)
