C51 COMPILER V9.60.7.0   MAIN                                                              12/04/2024 09:14:43 PAGE 1   


C51 COMPILER V9.60.7.0, COMPILATION OF MODULE MAIN
OBJECT MODULE PLACED IN .\Objects\main.obj
COMPILER INVOKED BY: D:\Keil5\C51\BIN\C51.EXE main.c OPTIMIZE(8,SPEED) BROWSE DEBUG OBJECTEXTEND PRINT(.\Listings\main.l
                    -st) OBJECT(.\Objects\main.obj)

line level    source

   1          #include <STC89C5xRC.H>
   2          #include "uart.h"
   3          #include <INTRINS.H>
   4          
   5          char *str="hello world";
   6          void Delay1000ms()              //@12.000MHz
   7          {
   8   1              unsigned char i, j, k;
   9   1      
  10   1              _nop_();
  11   1              i = 8;
  12   1              j = 154;
  13   1              k = 122;
  14   1              do
  15   1              {
  16   2                      do
  17   2                      {
  18   3                              while (--k);
  19   3                      } while (--j);
  20   2              } while (--i);
  21   1      }
  22          
  23          void Uart_Pro()
  24          {
  25   1              Uart_SendString(str);
  26   1      }
  27          
  28          void main()
  29          {
  30   1              UartInit();
  31   1              while(1)
  32   1              {
  33   2                      Uart_Pro();
  34   2                      Delay1000ms();
  35   2              }
  36   1              
  37   1      }


MODULE INFORMATION:   STATIC OVERLAYABLE
   CODE SIZE        =     34    ----
   CONSTANT SIZE    =     12    ----
   XDATA SIZE       =   ----    ----
   PDATA SIZE       =   ----    ----
   DATA SIZE        =      3    ----
   IDATA SIZE       =   ----    ----
   BIT SIZE         =   ----    ----
END OF MODULE INFORMATION.


C51 COMPILATION COMPLETE.  0 WARNING(S),  0 ERROR(S)
