C51 COMPILER V9.60.7.0   UART                                                              12/04/2024 09:14:43 PAGE 1   


C51 COMPILER V9.60.7.0, COMPILATION OF MODULE UART
OBJECT MODULE PLACED IN .\Objects\uart.obj
COMPILER INVOKED BY: D:\Keil5\C51\BIN\C51.EXE uart.c OPTIMIZE(8,SPEED) BROWSE DEBUG OBJECTEXTEND PRINT(.\Listings\uart.l
                    -st) OBJECT(.\Objects\uart.obj)

line level    source

   1          #include <STC89C5xRC.H>
   2          
   3          void UartInit(void)             //9600bps@12.000MHz
   4          {
   5   1              SCON = 0x50;            //8位数据,可变波特率
   6   1              TMOD = 0x20;            //设置定时器模式
   7   1              TL1 = 0xFD;                     //设置定时初始值
   8   1              TH1 = 0xFD;                     //设置定时初始值
   9   1              TR1 = 1;                        //定时器1开始计时
  10   1              //ES=1;
  11   1              //EA=1;
  12   1      }
  13          void Uart_SendByte(char dat)
  14          {
  15   1              SBUF=dat;
  16   1              while(TI==0);
  17   1              TI=0;
  18   1      }
  19          
  20          void Uart_SendString(char *dat)
  21          {
  22   1              while(*dat!='\0')
  23   1                      Uart_SendByte(*dat++);
  24   1      }


MODULE INFORMATION:   STATIC OVERLAYABLE
   CODE SIZE        =     60    ----
   CONSTANT SIZE    =   ----    ----
   XDATA SIZE       =   ----    ----
   PDATA SIZE       =   ----    ----
   DATA SIZE        =   ----       3
   IDATA SIZE       =   ----    ----
   BIT SIZE         =   ----    ----
END OF MODULE INFORMATION.


C51 COMPILATION COMPLETE.  0 WARNING(S),  0 ERROR(S)
