C51 COMPILER V9.60.7.0   LED                                                               12/04/2024 08:56:26 PAGE 1   


C51 COMPILER V9.60.7.0, COMPILATION OF MODULE LED
OBJECT MODULE PLACED IN .\Objects\led.obj
COMPILER INVOKED BY: D:\Keil5\C51\BIN\C51.EXE led.c OPTIMIZE(8,SPEED) BROWSE DEBUG OBJECTEXTEND PRINT(.\Listings\led.lst
                    -) OBJECT(.\Objects\led.obj)

line level    source

   1          #include <STC89C5xRC.H>
   2          
   3          void Led_Display(unsigned char i,ena)
   4          {
   5   1              static unsigned char j1=0x00;
   6   1              static unsigned char k1=0xff;
   7   1              if(ena)
   8   1                      j1|=(0x01<<i);
   9   1              else
  10   1                      j1&=~(0x01<<i);
  11   1              if(j1!=k1)
  12   1              {
  13   2                      P1=~j1;
  14   2                      k1=j1;
  15   2              }
  16   1      }


MODULE INFORMATION:   STATIC OVERLAYABLE
   CODE SIZE        =     48    ----
   CONSTANT SIZE    =   ----    ----
   XDATA SIZE       =   ----    ----
   PDATA SIZE       =   ----    ----
   DATA SIZE        =      2    ----
   IDATA SIZE       =   ----    ----
   BIT SIZE         =   ----    ----
END OF MODULE INFORMATION.


C51 COMPILATION COMPLETE.  0 WARNING(S),  0 ERROR(S)
