C51 COMPILER V9.60.7.0   MAIN                                                              11/27/2024 15:27:12 PAGE 1   


C51 COMPILER V9.60.7.0, COMPILATION OF MODULE MAIN
OBJECT MODULE PLACED IN .\Objects\main.obj
COMPILER INVOKED BY: D:\Keil5\C51\BIN\C51.EXE main.c OPTIMIZE(8,SPEED) BROWSE DEBUG OBJECTEXTEND PRINT(.\Listings\main.l
                    -st) OBJECT(.\Objects\main.obj)

line level    source

   1          #include <STC89C5xRC.H>
   2          #include "seg.h"
   3          #include "key.h"
   4          #include "led.h"
   5          
   6          typedef unsigned char u8;
   7          typedef unsigned int u16;
   8          
   9          u8 kval,kslow,kdown,kold;
  10          u8 segslow,pos;
  11          u8 seg[8]={10,10,10,10,10,10,10,10};
  12          u8 led[8]={0,0,0,0,0,0,0,0};
  13          u8 pot[8]={0,0,0,0,0,0,0,0};
  14          u8 kdis;
  15          u16 delay;
  16          void Key_Pro()
  17          {
  18   1              if(kslow) return ;
  19   1              kslow=1;
  20   1              kval=Key_Read();
  21   1              kdown=kval&(kold^kval);
  22   1              kold=kval;
  23   1              kdis=kval;
  24   1      }
  25          
  26          void Seg_Pro()
  27          {
  28   1              if(segslow) return ;
  29   1              segslow=1;
  30   1              seg[0]=kdis;
  31   1      }
  32          
  33          void Led_Pro()
  34          {
  35   1              if(delay==0)
  36   1                      led[0]=1;
  37   1              else
  38   1                      led[0]=0;
  39   1      }
  40          void Timer0_Init(void)          //1毫秒@12.000MHz
  41          {
  42   1              AUXR &= 0x7F;                   //定时器时钟12T模式
  43   1              TMOD &= 0xF0;                   //设置定时器模式
  44   1              TL0 = 0x18;                             //设置定时初始值
  45   1              TH0 = 0xFC;                             //设置定时初始值
  46   1              TF0 = 0;                                //清除TF0标志
  47   1              TR0 = 1;                                //定时器0开始计时
  48   1              ET0=1;
  49   1              EA=1;
  50   1      }
  51          
  52          void Timer0_Service() interrupt 1
  53          {
  54   1              if(++kslow==10) kslow=0;
C51 COMPILER V9.60.7.0   MAIN                                                              11/27/2024 15:27:12 PAGE 2   

  55   1              if(++segslow==200) segslow=0;
  56   1              if(++pos==8) pos=0;
  57   1              if(++delay>=100)delay=0;
  58   1              Seg_Display(pos,seg[pos],pot[pos]);
  59   1              Led_Display(pos,led[pos]);
  60   1      
  61   1      }
  62          
  63          void sysInit()
  64          {
  65   1              
  66   1      }
  67          void main()
  68          {
  69   1              sysInit();
  70   1              Timer0_Init();
  71   1              while(1)
  72   1              {
  73   2                      Key_Pro();
  74   2                      Seg_Pro();
  75   2                      Led_Pro();
  76   2              }
  77   1      }


MODULE INFORMATION:   STATIC OVERLAYABLE
   CODE SIZE        =    237    ----
   CONSTANT SIZE    =   ----    ----
   XDATA SIZE       =   ----    ----
   PDATA SIZE       =   ----    ----
   DATA SIZE        =     33    ----
   IDATA SIZE       =   ----    ----
   BIT SIZE         =   ----    ----
END OF MODULE INFORMATION.


C51 COMPILATION COMPLETE.  0 WARNING(S),  0 ERROR(S)
