C51 COMPILER V9.60.7.0   SEG                                                               12/04/2024 08:56:26 PAGE 1   


C51 COMPILER V9.60.7.0, COMPILATION OF MODULE SEG
OBJECT MODULE PLACED IN .\Objects\seg.obj
COMPILER INVOKED BY: D:\Keil5\C51\BIN\C51.EXE seg.c OPTIMIZE(8,SPEED) BROWSE DEBUG OBJECTEXTEND PRINT(.\Listings\seg.lst
                    -) OBJECT(.\Objects\seg.obj)

line level    source

   1          #include <STC89C5xRC.H>
   2          
   3          unsigned char code SMG[]={0x3F,
   4          0x06,
   5          0x5B,
   6          0x4F,
   7          0x66,
   8          0x6D,
   9          0x7D,
  10          0x07,
  11          0x7F,
  12          0x6F,
  13          0x00,
  14          };
  15          sbit duan=P2^0;
  16          sbit wei=P2^1;
  17          unsigned char code weiTable[8]={0xfe,0xfd,0xfb,0xf7,0xef,0xdf,0xbf,0x7f};
  18          
  19          void Seg_Display(unsigned char i,j,k)
  20          {
  21   1              //duan=0;
  22   1              //P0=0x00;
  23   1              //duan=1;
  24   1              //
  25   1              duan=0;
  26   1              wei=0;
  27   1              P0=weiTable[i];
  28   1              wei=1;
  29   1              wei=0;
  30   1              duan=0;
  31   1              P0=SMG[j];
  32   1              if(k)        //0000 0110    
  33   1                      P0|=0x80;//1111 1111
  34   1              duan=1;
  35   1              duan=0;
  36   1      }


MODULE INFORMATION:   STATIC OVERLAYABLE
   CODE SIZE        =     43    ----
   CONSTANT SIZE    =     19    ----
   XDATA SIZE       =   ----    ----
   PDATA SIZE       =   ----    ----
   DATA SIZE        =   ----    ----
   IDATA SIZE       =   ----    ----
   BIT SIZE         =   ----    ----
END OF MODULE INFORMATION.


C51 COMPILATION COMPLETE.  0 WARNING(S),  0 ERROR(S)
