C51 COMPILER V8.06   CLOCK                                                                 02/15/2007 16:29:47 PAGE 1   


C51 COMPILER V8.06, COMPILATION OF MODULE CLOCK
OBJECT MODULE PLACED IN clock.OBJ
COMPILER INVOKED BY: C:\Keil\C51\BIN\C51.EXE clock.c BROWSE DEBUG OBJECTEXTEND

line level    source

   1          /**********************HJ-3G实验开发板例程************************
   2          *  平台：HJ-3G V6.0 + Keil U3 + STC89C52
   3          *  名称：该例程为数码管显示可调钟表（无定时功能），用到HJ-3G开发板中矩阵键盘的上三排按键。
   4          若要更改时钟初始值（即时钟校准，因为时钟初始值全为0），可先按下矩阵键盘中的S16键
   5          （第三排第三列），此时时钟会暂停。
   6          然后按S6---S15中的键修改矫正当前值，S6--S15分别先后对应数字0到9。
   7          矫正完后，按下S17（第三排最后一个），时钟可继续工作。
   8          注意晶振需为11.0592M。
   9          若为其他数值晶振，请合理改变TH0与TL0参数值，否则计时会有很大误差 。
  10          *  公司：慧净电子科技有限公司
  11          *  淘宝：http://shop37031453.taobao.com       
  12          *  网站：www.hlmcu.com
  13          *  编写：
  14          *  日期：2008-8-08
  15          *   QQ : 121350852  398115088
  16          *  晶振:11.0592MHZ
  17          *  说明：免费开源，不提供源代码分析，有问题直接到慧净论坛交流
  18          *  论坛：http://hjdz.5d6d.com
  19          ******************************************************************/
  20          #include<reg51.h>
  21          
  22          #define uchar unsigned char
  23          
  24          sbit dula=P2^6;
  25          sbit wela=P2^7;
  26          sbit beep=P2^3;
  27          unsigned char j,k,a1,a0,b1,b0,c1,c0,s,f,m,key=10,temp,qq;
  28          uchar shi20,shi10,fen20,fen10,miao20,miao10,new,ok=1,wei;
  29          unsigned int pp;
  30          unsigned char code table[]={0x3f,0x06,0x5b,0x4f,0x66,0x6d,0x7d,
  31                                  0x07,0x7f,0x6f,0x77,0x7c,0x39,0x5e,0x79,0x71};
  32          
  33          void delay(unsigned char i)
  34          {
  35   1        for(j=i;j>0;j--)
  36   1          for(k=125;k>0;k--);
  37   1      }
  38          void display(uchar shi2,uchar shi1,uchar fen2,uchar fen1,uchar miao2,uchar miao1)
  39          {
  40   1         dula=0;
  41   1         P0=table[shi2];
  42   1         dula=1;
  43   1         dula=0;
  44   1         
  45   1         wela=0;
  46   1         P0=0xfe;
  47   1         wela=1;
  48   1         wela=0;
  49   1         delay(5);
  50   1         
  51   1         P0=table[shi1]|0x80;
  52   1         dula=1;
  53   1         dula=0;
  54   1         
  55   1         P0=0xfd;
C51 COMPILER V8.06   CLOCK                                                                 02/15/2007 16:29:47 PAGE 2   

  56   1         wela=1;
  57   1         wela=0;
  58   1         delay(5);
  59   1      
  60   1         P0=table[fen2];
  61   1         dula=1;
  62   1         dula=0;
  63   1         
  64   1         P0=0xfb;
  65   1         wela=1;
  66   1         wela=0;
  67   1         delay(5);
  68   1         
  69   1         P0=table[fen1]|0x80;
  70   1         dula=1;
  71   1         dula=0;
  72   1         
  73   1         P0=0xf7;
  74   1         wela=1;
  75   1         wela=0;
  76   1         delay(5);
  77   1         
  78   1         P0=table[miao2];
  79   1         dula=1;
  80   1         dula=0;
  81   1         
  82   1         P0=0xef;
  83   1         wela=1;
  84   1         wela=0;
  85   1         delay(5);
  86   1         
  87   1         P0=table[miao1];
  88   1         dula=1;
  89   1         dula=0;
  90   1         
  91   1         P0=0xdf;
  92   1         wela=1;
  93   1         wela=0;
  94   1         delay(5);
  95   1      }
  96          
  97          void keyscan0()
  98          {
  99   1          P3=0xfb;
 100   1          temp=P3;
 101   1          temp=temp&0xf0;
 102   1          if(temp!=0xf0)
 103   1          {
 104   2            delay(10);
 105   2            if(temp!=0xf0)
 106   2            {
 107   3              temp=P3;
 108   3              switch(temp)
 109   3              {
 110   4                case 0xbb:
 111   4                     ok=0;
 112   4                     break;
 113   4      
 114   4                case 0x7b:
 115   4                     ok=1;
 116   4                     break;
 117   4               }
C51 COMPILER V8.06   CLOCK                                                                 02/15/2007 16:29:47 PAGE 3   

 118   3            }
 119   2            } 
 120   1      }
 121          
 122          
 123          void keyscan()
 124          {
 125   1        {     
 126   2          P3=0xfe;
 127   2          temp=P3;
 128   2          temp=temp&0xf0;
 129   2          if(temp!=0xf0)
 130   2          {
 131   3            delay(10);
 132   3            if(temp!=0xf0)
 133   3            { 
 134   4              temp=P3;
 135   4              switch(temp)
 136   4              {
 137   5                case 0xee:
 138   5                     key=0;
 139   5                                 wei++;
 140   5                     break;
 141   5      
 142   5                case 0xde:
 143   5                     key=1;
 144   5                                 wei++;
 145   5                     break;
 146   5      
 147   5                case 0xbe:
 148   5                     key=2;
 149   5                                 wei++;
 150   5                     break;
 151   5      
 152   5                case 0x7e:
 153   5                     key=3;
 154   5                                 wei++;
 155   5                     break;
 156   5               }
 157   4               while(temp!=0xf0) 
 158   4              {
 159   5                 temp=P3;
 160   5                 temp=temp&0xf0;
 161   5                 beep=0;
 162   5               }
 163   4               beep=1;
 164   4            }
 165   3          }
 166   2          P3=0xfd;
 167   2          temp=P3;
 168   2          temp=temp&0xf0;
 169   2          if(temp!=0xf0)
 170   2          {
 171   3            delay(10);
 172   3            if(temp!=0xf0)
 173   3            {
 174   4              temp=P3;
 175   4              switch(temp)
 176   4              {
 177   5                case 0xed:
 178   5                     key=4;
 179   5                                 wei++;
C51 COMPILER V8.06   CLOCK                                                                 02/15/2007 16:29:47 PAGE 4   

 180   5                     break;
 181   5      
 182   5                case 0xdd:
 183   5                     key=5;
 184   5                                 wei++;
 185   5                     break;
 186   5      
 187   5                case 0xbd:
 188   5                     key=6;
 189   5                                 wei++;
 190   5                     break;
 191   5      
 192   5                case 0x7d:
 193   5                     key=7;
 194   5                                 wei++;
 195   5                     break;
 196   5               }
 197   4               while(temp!=0xf0)
 198   4               {
 199   5                 temp=P3;
 200   5                 temp=temp&0xf0;
 201   5                 beep=0;
 202   5               }
 203   4               beep=1;
 204   4            }
 205   3            }
 206   2          P3=0xfb;
 207   2          temp=P3;
 208   2          temp=temp&0xf0;
 209   2          if(temp!=0xf0)
 210   2          {
 211   3            delay(10);
 212   3            if(temp!=0xf0)
 213   3            {
 214   4              temp=P3;
 215   4              switch(temp)
 216   4              {
 217   5                case 0xeb:
 218   5                     key=8;
 219   5                                 wei++;
 220   5                     break;
 221   5      
 222   5                case 0xdb:
 223   5                     key=9;
 224   5                                 wei++;
 225   5                     break;
 226   5               }
 227   4              while(temp!=0xf0)
 228   4               {
 229   5                 temp=P3;
 230   5                 temp=temp&0xf0;
 231   5                 beep=0;
 232   5               }
 233   4               beep=1;
 234   4            }
 235   3            }
 236   2      }
 237   1      }
 238          
 239          void main()
 240          {
 241   1              TMOD=0x01;
C51 COMPILER V8.06   CLOCK                                                                 02/15/2007 16:29:47 PAGE 5   

 242   1      
 243   1              TH0=(65536-46080)/256;// 由于晶振为11.0592,故所记次数应为46080，计时器每隔50000微秒发起一次中断。
 244   1              TL0=(65536-46080)%256;//46080的来历，为50000*11.0592/12
 245   1              ET0=1;
 246   1              EA=1;
 247   1              
 248   1              while(1)
 249   1              {       keyscan0();
 250   2                      
 251   2                      if(ok==1)
 252   2                      {       TR0=1;
 253   3                              wei=0;
 254   3                      
 255   3                      if(pp==20)
 256   3                      {       pp=0;
 257   4                              m++;
 258   4                              if(m==60)
 259   4                              {
 260   5                                      m=0;
 261   5                                      f++;
 262   5                                      if(f==60)
 263   5                                      {
 264   6                                              f=0;
 265   6                                              s++;
 266   6                                              if(s==24)  //为24h一个循环，若要12h，只需在此改为12即可。
 267   6                                              {
 268   7                                                      s=0;
 269   7                                              }
 270   6                                      }
 271   5                              }
 272   4                      }
 273   3                      
 274   3                      a0=s%10;
 275   3                      a1=s/10;
 276   3                      b0=f%10;
 277   3                      b1=f/10;
 278   3                      c0=m%10;
 279   3                      c1=m/10;
 280   3                      display(a1,a0,b1,b0,c1,c0);
 281   3              }
 282   2              else
 283   2              {       TR0=0;
 284   3                      keyscan();
 285   3                      if(key!=10)
 286   3                      {
 287   4                      
 288   4                      switch(wei)
 289   4                      {
 290   5                              case 1: if(key<3)               //小时最高位为2
 291   5                                              a1=key;
 292   5                                              else
 293   5                                              wei--;
 294   5                                              break;
 295   5                              case 2: if(a1==1|a1==0)
 296   5                                              a0=key;
 297   5                                              else
 298   5                                              if(key<5)
 299   5                                              a0=key;            //当小时最高位为2时，低位最高为4
 300   5                                              break;
 301   5                              case 3: if(key<7)               //分钟最高位为6
 302   5                                              b1=key;
 303   5                                              else
C51 COMPILER V8.06   CLOCK                                                                 02/15/2007 16:29:47 PAGE 6   

 304   5                                              wei--;
 305   5                                              break;
 306   5                              case 4: b0=key; break;
 307   5                              case 5: if(key<7)               //秒最高位为6
 308   5                                              c1=key; 
 309   5                                              else
 310   5                                              wei--;
 311   5                                              break;
 312   5                              case 6: c0=key; break;
 313   5                      }
 314   4                      key=10;
 315   4                      }
 316   3                              m=c1*10+c0;
 317   3                              f=b1*10+b0;
 318   3                              s=a1*10+a0;
 319   3                      display(a1,a0,b1,b0,c1,c0);
 320   3              }       
 321   2              }
 322   1      }
 323          
 324          void time0() interrupt 1
 325          {       TH0=(65536-46080)/256;
 326   1              TL0=(65536-46080)%256;
 327   1              pp++;
 328   1      }


MODULE INFORMATION:   STATIC OVERLAYABLE
   CODE SIZE        =    759    ----
   CONSTANT SIZE    =     16    ----
   XDATA SIZE       =   ----    ----
   PDATA SIZE       =   ----    ----
   DATA SIZE        =     25       6
   IDATA SIZE       =   ----    ----
   BIT SIZE         =   ----    ----
END OF MODULE INFORMATION.


C51 COMPILATION COMPLETE.  0 WARNING(S),  0 ERROR(S)
