C51 COMPILER V8.06   0                                                                     02/15/2012 21:26:32 PAGE 1   


C51 COMPILER V8.06, COMPILATION OF MODULE 0
OBJECT MODULE PLACED IN 0.OBJ
COMPILER INVOKED BY: C:\Keil\C51\BIN\C51.EXE 0.c BROWSE DEBUG OBJECTEXTEND

line level    source

   1          /**********************HJ-3G实验开发板例程************************
   2          *  平台：HJ-3G V6.0 + Keil U3 + STC89C52
   3          *  名称：C语言学习实验
   4          *  公司：慧净电子科技有限公司
   5          *  淘宝：http://shop37031453.taobao.com       
   6          *  网站：www.hlmcu.com
   7          *  编写：
   8          *  日期：2008-8-08
   9          *   QQ : 121350852  398115088
  10          *  晶振:11.0592MHZ
  11          *  说明：免费开源，不提供源代码分析，有问题直接到慧净论坛交流
  12          *  论坛：http://hjdz.5d6d.com
  13          ******************************************************************
  14          程序功能：              该程序通过两个延时函数的不同效果，给同学们关于不同函数类型
  15                                          的数据间差异提供一感性认识。
  16                                          下载程序后，会发现八位发光二极管被点亮的时间很短，而熄灭的
  17                                          时间很长。
  18          ************************************************************************/
  19          
  20          #include<reg52.h>
  21          
  22          void delaychar()
  23          {
  24   1              unsigned char m,n;         
  25   1              for(m=255;m>0;m--)         //unsigned char型的变量，最大值可以取到255
  26   1                      for(n=10;n>0;n--); //故这种变量延时不会太长
  27   1      }
  28          
  29          void delayint()
  30          {
  31   1              unsigned char n;
  32   1              unsigned int m;
  33   1              for(m=65535;m>0;m--)  //unsigned int型的变量，最大值可以取到65535
  34   1                      for(n=10;n>0;n--);//故这种变量，延时的长度会比前者大。
  35   1      }
  36          
  37          void main()
  38          {
  39   1              while(1)
  40   1              {
  41   2                      P1=0X00;         //当函数运行到此处时，八个二极管被点亮。
  42   2                      delaychar(); //这是点亮持续的时间。
  43   2                      P1=0xff;         //当函数运行到此处时，八个二极管被熄灭。
  44   2                      delayint();      //这是熄灭的持续时间。
  45   2              }
  46   1      }
  47          //编程时，关于某变量数值类型的选择，一边参照它可能取得的最大数值。
  48          //能定义为char型的变量，就不要定义成int型，因为当定义为int型时，
  49          //程序就会在单片机的存储区中腾出两个字节的位置来存储此变量，而单片机的
  50          //存储空间毕竟是比较有限的。故一般不要随便浪费空间。


MODULE INFORMATION:   STATIC OVERLAYABLE
   CODE SIZE        =     41    ----
   CONSTANT SIZE    =   ----    ----
C51 COMPILER V8.06   0                                                                     02/15/2012 21:26:32 PAGE 2   

   XDATA SIZE       =   ----    ----
   PDATA SIZE       =   ----    ----
   DATA SIZE        =   ----    ----
   IDATA SIZE       =   ----    ----
   BIT SIZE         =   ----    ----
END OF MODULE INFORMATION.


C51 COMPILATION COMPLETE.  0 WARNING(S),  0 ERROR(S)
