C51 COMPILER V9.60.7.0   MAIN                                                              12/04/2024 11:21:13 PAGE 1   


C51 COMPILER V9.60.7.0, COMPILATION OF MODULE MAIN
OBJECT MODULE PLACED IN .\Objects\main.obj
COMPILER INVOKED BY: D:\Keil5\C51\BIN\C51.EXE main.c OPTIMIZE(8,SPEED) BROWSE DEBUG OBJECTEXTEND PRINT(.\Listings\main.l
                    -st) OBJECT(.\Objects\main.obj)

line level    source

   1          #include <STC89C5xRC.H>
   2          #include "lcd1602.h"
   3          #include "iic.h"
   4          #include <STDIO.H>
   5          #include <INTRINS.H>
   6          float u1,u2,u3,u4;
   7          char str1[5],str2[5],str3[5],str4[5];
   8          void Delay10ms()                //@12.000MHz
   9          {
  10   1              unsigned char i, j;
  11   1      
  12   1              i = 20;
  13   1              j = 113;
  14   1              do
  15   1              {
  16   2                      while (--j);
  17   2              } while (--i);
  18   1      }
  19          
  20          void main()
  21          {
  22   1              LCD_Init();
  23   1              LCD_ShowString(1,1,"1.   V 2.   V");
  24   1              LCD_ShowString(2,1,"3.   V 4.   V");
  25   1              while(1)
  26   1              {
  27   2                      AD_Read(0x00);
  28   2                      sprintf(str1,"%.2f",ad[0]);
  29   2                      LCD_ShowString(1,3,str1);
  30   2                      u2=AD_Read(0x01)/51.0;
  31   2                      sprintf(str2,"%.2f",ad[1]);
  32   2                      LCD_ShowString(1,10,str2);
  33   2      
  34   2                      u3=AD_Read(0x02)/51.0;
  35   2                      sprintf(str3,"%.2f",ad[2]);
  36   2                      LCD_ShowString(2,3,str3);
  37   2                      u4=AD_Read(0x03)/51.0;
  38   2                      sprintf(str4,"%.2f",ad[3]);
  39   2                      LCD_ShowString(2,10,str4);
  40   2                      Delay10ms();
  41   2              }
  42   1      }


MODULE INFORMATION:   STATIC OVERLAYABLE
   CODE SIZE        =    308    ----
   CONSTANT SIZE    =     33    ----
   XDATA SIZE       =   ----    ----
   PDATA SIZE       =   ----    ----
   DATA SIZE        =     36    ----
   IDATA SIZE       =   ----    ----
   BIT SIZE         =   ----    ----
END OF MODULE INFORMATION.


C51 COMPILATION COMPLETE.  0 WARNING(S),  0 ERROR(S)
