C51 COMPILER V9.60.7.0   KEY                                                               12/11/2024 10:31:38 PAGE 1   


C51 COMPILER V9.60.7.0, COMPILATION OF MODULE KEY
OBJECT MODULE PLACED IN .\Objects\key.obj
COMPILER INVOKED BY: D:\Keil5\C51\BIN\C51.EXE key.c LARGE OPTIMIZE(8,SPEED) BROWSE DEBUG OBJECTEXTEND PRINT(.\Listings\k
                    -ey.lst) OBJECT(.\Objects\key.obj)

line level    source

   1          #include "key.h"
   2          #include "lcd1602.h"
   3          
   4          char MatrixKey(void)
   5          {
   6   1              char KeyNumber = No_Press;
   7   1              if(P3_6==0){delay_ms(20);if(P3_6==0){while(P3_6==0);KeyNumber = Clear;}}
   8   1              if(P3_4==0){delay_ms(20);if(P3_4==0){while(P3_4==0);KeyNumber = BackSpace;}}
   9   1              P3_4=0,P3_5=1,P3_6=1,P3_7=1;
  10   1              
  11   1              if(P3_3==0){delay_ms(20);if(P3_3==0){while(P3_3==0);KeyNumber = Number0;}}
  12   1              if(P3_2==0){delay_ms(20);if(P3_2==0){while(P3_2==0);KeyNumber = Number7;}}
  13   1              if(P3_1==0){delay_ms(20);if(P3_1==0){while(P3_1==0);KeyNumber = Number4;}}
  14   1              if(P3_0==0){delay_ms(20);if(P3_0==0){while(P3_0==0);KeyNumber = Number1;}}
  15   1      
  16   1              
  17   1              P3_4=1,P3_5=0,P3_6=1,P3_7=1;
  18   1              if(P3_3==0){delay_ms(20);if(P3_3==0){while(P3_3==0);KeyNumber = Point;}}
  19   1              if(P3_2==0){delay_ms(20);if(P3_2==0){while(P3_2==0);KeyNumber = Number8;}}
  20   1              if(P3_1==0){delay_ms(20);if(P3_1==0){while(P3_1==0);KeyNumber = Number5;}}
  21   1              if(P3_0==0){delay_ms(20);if(P3_0==0){while(P3_0==0);KeyNumber = Number2;}}
  22   1              
  23   1              
  24   1              P3_4=1,P3_5=1,P3_6=0,P3_7=1;
  25   1              if(P3_3==0){delay_ms(20);if(P3_3==0){while(P3_3==0);KeyNumber = Sum;}}
  26   1              if(P3_2==0){delay_ms(20);if(P3_2==0){while(P3_2==0);KeyNumber = Number9;}}
  27   1              if(P3_1==0){delay_ms(20);if(P3_1==0){while(P3_1==0);KeyNumber = Number6;}}
  28   1              if(P3_0==0){delay_ms(20);if(P3_0==0){while(P3_0==0);KeyNumber = Number3;}}
  29   1              
  30   1              P3_4=1,P3_5=1,P3_6=1,P3_7=0;
  31   1              if(P3_3==0){delay_ms(20);if(P3_3==0){while(P3_3==0);KeyNumber = Div;}}
  32   1              if(P3_2==0){delay_ms(20);if(P3_2==0){while(P3_2==0);KeyNumber = Mul;}}
  33   1              if(P3_1==0){delay_ms(20);if(P3_1==0){while(P3_1==0);KeyNumber = Sub;}}
  34   1              if(P3_0==0){delay_ms(20);if(P3_0==0){while(P3_0==0);KeyNumber = Add;}}
  35   1              
  36   1              
  37   1              
  38   1              return KeyNumber;
  39   1      }


MODULE INFORMATION:   STATIC OVERLAYABLE
   CODE SIZE        =    440    ----
   CONSTANT SIZE    =   ----    ----
   XDATA SIZE       =   ----       1
   PDATA SIZE       =   ----    ----
   DATA SIZE        =   ----    ----
   IDATA SIZE       =   ----    ----
   BIT SIZE         =   ----    ----
END OF MODULE INFORMATION.


C51 COMPILATION COMPLETE.  0 WARNING(S),  0 ERROR(S)
