C51 COMPILER V9.60.7.0   LCD1602                                                           12/11/2024 10:31:38 PAGE 1   


C51 COMPILER V9.60.7.0, COMPILATION OF MODULE LCD1602
OBJECT MODULE PLACED IN .\Objects\lcd1602.obj
COMPILER INVOKED BY: D:\Keil5\C51\BIN\C51.EXE lcd1602.c LARGE OPTIMIZE(8,SPEED) BROWSE DEBUG OBJECTEXTEND PRINT(.\Listin
                    -gs\lcd1602.lst) OBJECT(.\Objects\lcd1602.obj)

line level    source

   1          #include "lcd1602.h"
   2          
   3          sbit LCD_RS =  P1^0;
   4          sbit LCD_RW =  P1^1;
   5          sbit LCD_EN =    P2^5;
   6          sbit LCD_DB0 = P0^0;
   7          sbit LCD_DB1 = P0^1;
   8          sbit LCD_DB2 = P0^2;
   9          sbit LCD_DB3 = P0^3;
  10          sbit LCD_DB4 = P0^4;
  11          sbit LCD_DB5 = P0^5;
  12          sbit LCD_DB6 = P0^6;
  13          sbit LCD_DB7 = P0^7;
  14          
  15          /*
  16                  函数内容：在11.0592Mhz下ms延时
  17                  函数参数：unsigned int time --延时时间
  18                  返回值：    无
  19          */
  20          void delay_ms(unsigned int time)
  21          {
  22   1              unsigned char i=0,t=0;
  23   1              do
  24   1              {
  25   2                      i=2;
  26   2                      t=199;
  27   2                      do
  28   2                      {
  29   3                              while(--t);
  30   3                      }while(--i);
  31   2              }while(--time); 
  32   1      }
  33          
  34          /*
  35                  函数内容：Lcd写数据或写指令函数
  36                  函数参数：unsigned char cd---指令或数据
  37                                                          unsigned char Data-待发送的指令或数据
  38                  返回值：    无
  39          */
  40          void Lcd_Write(unsigned char cd,unsigned char Data)
  41          {
  42   1              if(cd == WriteCommand){
  43   2                      LCD_RS = 0;
  44   2                      LCD_RW = 0;
  45   2              }
  46   1              else{
  47   2                      LCD_RS = 1;
  48   2                      LCD_RW = 0;
  49   2              }
  50   1              
  51   1              if(Data & 0x80){
  52   2                      LCD_DB7 = 1;
  53   2              }
  54   1              else{
C51 COMPILER V9.60.7.0   LCD1602                                                           12/11/2024 10:31:38 PAGE 2   

  55   2                      LCD_DB7 = 0;
  56   2              }
  57   1              if(Data & 0x40){
  58   2                      LCD_DB6 = 1;
  59   2              }
  60   1              else{
  61   2                      LCD_DB6 = 0;
  62   2              }
  63   1              if(Data & 0x20){
  64   2                      LCD_DB5 = 1;
  65   2              }
  66   1              else{
  67   2                      LCD_DB5 = 0;
  68   2              }
  69   1              if(Data & 0x10){
  70   2                      LCD_DB4 = 1;
  71   2              }
  72   1              else{
  73   2                      LCD_DB4 = 0;
  74   2              }
  75   1              if(Data & 0x08){
  76   2                      LCD_DB3 = 1;
  77   2              }
  78   1              else{
  79   2                      LCD_DB3 = 0;
  80   2              }
  81   1              if(Data & 0x04){
  82   2                      LCD_DB2 = 1;
  83   2              }
  84   1              else{
  85   2                      LCD_DB2 = 0;
  86   2              }
  87   1              if(Data & 0x02){
  88   2                      LCD_DB1 = 1;
  89   2              }
  90   1              else{
  91   2                      LCD_DB1 = 0;
  92   2              }
  93   1              if(Data & 0x01){
  94   2                      LCD_DB0 = 1;
  95   2              }
  96   1              else{
  97   2                      LCD_DB0 = 0;
  98   2              }
  99   1              
 100   1              LCD_EN = 1;
 101   1              delay_ms(1);
 102   1              LCD_EN = 0;
 103   1              delay_ms(1);
 104   1      }
 105          
 106          /*
 107                  函数内容：Lcd设置第几行第几列
 108                  函数参数：unsigned char Line---行
 109                                                          unsigned char Column-列
 110                  返回值：    无
 111          */
 112          void Lcd_SetCursor(unsigned char Line,unsigned char Column)
 113          {
 114   1              if(Line == 1){
 115   2                      Lcd_Write(WriteCommand,(0x80|(Column-1)));
 116   2              }
C51 COMPILER V9.60.7.0   LCD1602                                                           12/11/2024 10:31:38 PAGE 3   

 117   1              else if(Line == 2){
 118   2                      Lcd_Write(WriteCommand,(0x80|(Column-1+0x40)));
 119   2              }
 120   1      }
 121          
 122          /*
 123                  函数内容：Lcd初始化函数
 124                  函数参数：无
 125                  返回值：    无
 126          */
 127          void Lcd_Init(void)
 128          {
 129   1              Lcd_Write(WriteCommand,0x38);
 130   1              Lcd_Write(WriteCommand,0x0c);
 131   1              Lcd_Write(WriteCommand,0x06);
 132   1              Lcd_Write(WriteCommand,0x01);
 133   1      }
 134          
 135          /*
 136                  函数内容：Lcd指定位置显示单个字符
 137                  函数参数：unsigned char Line---行
 138                                                          unsigned char Column-列
 139                                                          char dat ------------字符数据
 140                  返回值：    无
 141          */
 142          void Lcd_ShowChar(unsigned char Line,unsigned char Column,char dat)
 143          {
 144   1              Lcd_SetCursor(Line,Column);
 145   1              Lcd_Write(WriteData,dat);
 146   1      }
 147          
 148          /*
 149                  函数内容：Lcd指定位置显示字符串
 150                  函数参数：unsigned char Line---行
 151                                                          unsigned char Column-列
 152                                                          char *String --------字符指针
 153                  返回值：    无
 154          */
 155          void Lcd_ShowString(unsigned char Line,unsigned char Column,char *String)
 156          {
 157   1              unsigned char i=0;
 158   1              Lcd_SetCursor(Line,Column);
 159   1              for(i=0;String[i]!='\0';i++)
 160   1              {
 161   2                      Lcd_Write(WriteData,String[i]);
 162   2              }
 163   1      }
 164          
 165          /*
 166                  函数内容：计算指数值
 167                  函数参数：int x--底数
 168                                                          int y--指数
 169                  返回值：    实际指数值
 170          */
 171          long Lcd_Pow(int x,int y)
 172          {
 173   1              unsigned char i = 0;
 174   1              long Result = 1;
 175   1              for(i=0;i<y;i++)
 176   1              {
 177   2                      Result = Result *x;
 178   2              }
C51 COMPILER V9.60.7.0   LCD1602                                                           12/11/2024 10:31:38 PAGE 4   

 179   1              return Result;
 180   1      }
 181          
 182          /*
 183                  函数内容：Lcd指定位置显示数字
 184                  函数参数：unsigned char Line---行
 185                                                          unsigned char Column-列
 186                                                          unsigned int Number--数字
 187                                                          unsigned char Length-数字长度
 188                  返回值：    无
 189          */
 190          void Lcd_ShowNum(unsigned char Line, unsigned char Column, long Number, unsigned char Length)
 191          {
 192   1              unsigned char i = 0;
 193   1              Lcd_SetCursor(Line, Column);
 194   1              for(i=Length;i>0;i--)
 195   1              {
 196   2                      Lcd_Write(WriteData,(Number/Lcd_Pow(10,i-1)%10+'0'));
 197   2              }
 198   1      }
 199          
 200          /*
 201                  函数内容：Lcd指定位置显示有符号数字
 202                  函数参数：unsigned char Line---行
 203                                                          unsigned char Column-列
 204                                                          unsigned int Number--数字
 205                                                          unsigned char Length-数字长度
 206                  返回值：    无
 207          */
 208          void Lcd_ShowSignedNum(unsigned char Line,unsigned char Column,long Number,unsigned char Length)
 209          {
 210   1              unsigned char zeroFlag = 0;
 211   1              unsigned char i = 0;
 212   1              unsigned char dat = 0;
 213   1              long Number1 = 1;
 214   1              Lcd_SetCursor(Line, Column);
 215   1              if(Number >= 0){
 216   2                      //Lcd_Write(WriteData,'+');
 217   2                      Number1 = Number;
 218   2              }else
 219   1              {
 220   2                      Lcd_Write(WriteData,'-');
 221   2                      Number1 = ~(Number-1);
 222   2              }
 223   1              for(i=Length;i>0;i--)
 224   1              {
 225   2                      dat = (Number1/Lcd_Pow(10,i-1)%10+'0');
 226   2                      if((dat > '0') && (dat <= '9'))
 227   2                      {
 228   3                              zeroFlag = 1;
 229   3                      }
 230   2                      if(zeroFlag == 1){
 231   3                              Lcd_Write(WriteData,dat);
 232   3                      }
 233   2              }
 234   1      }
 235          
 236          /*
 237                  函数内容：Lcd指定位置显示十六进制数字
 238                  函数参数：unsigned char Line---行
 239                                                          unsigned char Column-列
 240                                                          unsigned int Number--数字
C51 COMPILER V9.60.7.0   LCD1602                                                           12/11/2024 10:31:38 PAGE 5   

 241                                                          unsigned char Length-数字长度
 242                  返回值：    无
 243          */
 244          void Lcd_ShowHexNum(unsigned char Line,unsigned char Column,unsigned int Number,unsigned char Length)
 245          {
 246   1              unsigned char i = 0,SigleNumber = 0;
 247   1              Lcd_SetCursor(Line, Column);
 248   1              for(i=Length;i>0;i--)
 249   1              {
 250   2                      SigleNumber = Number/Lcd_Pow(16,i-1)%16;
 251   2                      if(SigleNumber < 10){
 252   3                              Lcd_Write(WriteData,(SigleNumber+'0'));
 253   3                      }
 254   2                      else{
 255   3                              Lcd_Write(WriteData,(SigleNumber-10+'A'));
 256   3                      }
 257   2              }
 258   1      }
 259          
 260          /*
 261                  函数内容：Lcd指定位置显示二进制数字
 262                  函数参数：unsigned char Line---行
 263                                                          unsigned char Column-列
 264                                                          unsigned int Number--数字
 265                                                          unsigned char Length-数字长度
 266                  返回值：    无
 267          */
 268          void Lcd_ShowBinNum(unsigned char Line,unsigned char Column,unsigned int Number,unsigned char Length)
 269          {
 270   1              unsigned char i = 0;
 271   1              Lcd_SetCursor(Line, Column);
 272   1              for(i=Length;i>0;i--)
 273   1              {
 274   2                      Lcd_Write(WriteData,(Number/Lcd_Pow(2,i-1)%2+'0'));
 275   2              }
 276   1      }
 277          
 278          /*
 279                  函数内容：Lcd指定位置显示二进制数字
 280                  函数参数：unsigned char Line---行
 281                                                          unsigned char Column-列
 282                                                          unsigned int Number--数字
 283                                                          unsigned char Length-数字长度
 284                  返回值：    无
 285          */
 286          void Lcd_Clear(unsigned char Line)
 287          {
 288   1              unsigned char i = 0;
 289   1              if(Line == 1)
 290   1              {
 291   2                      Lcd_Write(WriteCommand,0x80);
 292   2                      for(i=0;i<16;i++)
 293   2                      {
 294   3                              Lcd_Write(WriteData,0x20);
 295   3                      }
 296   2              }
 297   1              else
 298   1              {
 299   2                      Lcd_Write(WriteCommand,(0x80+0x40));
 300   2                      for(i=0;i<16;i++)
 301   2                      {
 302   3                              Lcd_Write(WriteData,0x20);
C51 COMPILER V9.60.7.0   LCD1602                                                           12/11/2024 10:31:38 PAGE 6   

 303   3                      }
 304   2              }
 305   1      }
 306          


MODULE INFORMATION:   STATIC OVERLAYABLE
   CODE SIZE        =    879    ----
   CONSTANT SIZE    =   ----    ----
   XDATA SIZE       =   ----      46
   PDATA SIZE       =   ----    ----
   DATA SIZE        =   ----    ----
   IDATA SIZE       =   ----    ----
   BIT SIZE         =   ----    ----
END OF MODULE INFORMATION.


C51 COMPILATION COMPLETE.  0 WARNING(S),  0 ERROR(S)
