C51 COMPILER V8.06   FENPINQI2                                                             02/15/2012 21:05:27 PAGE 1   


C51 COMPILER V8.06, COMPILATION OF MODULE FENPINQI2
OBJECT MODULE PLACED IN fenpinqi2.OBJ
COMPILER INVOKED BY: C:\Keil\C51\BIN\C51.EXE fenpinqi2.c BROWSE DEBUG OBJECTEXTEND

line level    source

   1          /**********************HJ-3G实验开发板例程************************
   2          *  平台：HJ-3G V6.0 + Keil U3 + STC89C52
   3          *  名称：
   4          *  公司：慧净电子科技有限公司
   5          *  淘宝：http://shop37031453.taobao.com       
   6          *  网站：www.hlmcu.com
   7          *  编写：
   8          *  日期：2008-8-08
   9          *   QQ : 121350852  398115088
  10          *  晶振:11.0592MHZ
  11          *  说明：免费开源，不提供源代码分析，有问题直接到慧净论坛交流
  12          *  论坛：http://hjdz.5d6d.com
  13          ******************************************************************
  14          程序功能： 本例程为简易分频器。
  15                             实验前，请用排线（杜邦线）将TX-1C学习板的P1^0管脚与P3^2(INT0)
  16                             管脚相连。因为P1^0用来模拟外界波形输入，它提供周期为100ms的方波，
  17                             与T1管脚相连后，T1可对其进行周期计数。
  18                             程序中的变量pp决定着分频系数，其值乘以2即为分频系数。
  19                             改变其值可以得到相应的分频输出波形（方波）。
  20                              P1^1为输出管脚，将其连接示波器可以看到分频后的波形。
  21          ********************************************************************/
  22          
  23          #include<reg52.h>
  24          #define uchar unsigned char
  25          
  26          uchar pp;
  27          sbit shuru=P1^0;
  28          sbit shuchu=P1^1;
  29          
  30          void main()
  31          {
  32   1              TMOD=0x01;      //定时计数器0用于定时
  33   1              TR0=1;
  34   1              TH0=0x4c;// 计时器每隔50000微秒发起一次中断。
  35   1              TL0=0x00;
  36   1              ET0=1;
  37   1              EA=1;
  38   1              EX0=1;   //打开外部中断0
  39   1              IT0=1;
  40   1      
  41   1      
  42   1              while(1)
  43   1              {
  44   2                      if(pp==1)                  //对从T1端口采得的波形二分频。
  45   2                      {                                  //改变其值即可得到不同分频后的波形。
  46   3                              shuchu=~shuchu;//每隔一个输入方波的周期，输出的电变换一次，故输出波形的周期是输入的二倍。
  47   3                              pp=0;
  48   3                      }
  49   2              }
  50   1      }
  51          
  52          void time0() interrupt 1
  53          {       TH0=0x4c;
  54   1              TL0=0x00;
  55   1              shuru=~shuru; //定时器每隔50ms发起一次中断，shuru电平变换一次，故模拟输入方波的周期为100ms
C51 COMPILER V8.06   FENPINQI2                                                             02/15/2012 21:05:27 PAGE 2   

  56   1      }
  57          
  58          void inrpt() interrupt 0
  59          {
  60   1              pp++;
  61   1      } 


MODULE INFORMATION:   STATIC OVERLAYABLE
   CODE SIZE        =     43    ----
   CONSTANT SIZE    =   ----    ----
   XDATA SIZE       =   ----    ----
   PDATA SIZE       =   ----    ----
   DATA SIZE        =      1    ----
   IDATA SIZE       =   ----    ----
   BIT SIZE         =   ----    ----
END OF MODULE INFORMATION.


C51 COMPILATION COMPLETE.  0 WARNING(S),  0 ERROR(S)
