C51 COMPILER V8.06   TIMER                                                                 02/15/2007 16:22:44 PAGE 1   


C51 COMPILER V8.06, COMPILATION OF MODULE TIMER
OBJECT MODULE PLACED IN timer.OBJ
COMPILER INVOKED BY: C:\Keil\C51\BIN\C51.EXE timer.c BROWSE DEBUG OBJECTEXTEND

line level    source

   1          /**********************HJ-3G实验开发板例程************************
   2          *  平台：HJ-3G V6.0 + Keil U3 + STC89C52
   3          *  名称：本程序为定时器的基本驱动示例，定时器工作于方式1。
   4                                  下载程序后，隔三秒钟，第一个发光二极管被点亮
   5          *  公司：慧净电子科技有限公司
   6          *  淘宝：http://shop37031453.taobao.com       
   7          *  网站：www.hlmcu.com
   8          *  编写：
   9          *  日期：2008-8-08
  10          *   QQ : 121350852  398115088
  11          *  晶振:11.0592MHZ
  12          *  说明：免费开源，不提供源代码分析，有问题直接到慧净论坛交流
  13          *  论坛：http://hjdz.5d6d.com
  14          ******************************************************************/
  15          #include<reg52.h>
  16          
  17          #define uint unsigned int 
  18          uint pp;
  19          
  20          sbit led=P1^0;
  21          
  22          
  23          void main()
  24          {
  25   1              TMOD=0x01;               //模式设置，00000001，可见采用的是定时器0，工作与模式1（M1=0，M0=1）。
  26   1              TR0=1;                   //打开定时器
  27   1              TH0=0Xff;                //定时器设置，每隔100微秒发起一次中断。
  28   1              TL0=0Xa4;
  29   1              ET0=1;                   //开定时器0中断
  30   1              EA=1;                    //开总中断
  31   1              while(1)
  32   1              {
  33   2                      if(pp==30000)   //时隔3s后，led被点亮。
  34   2                              led=0;
  35   2              }
  36   1      }
  37          
  38          void time0() interrupt 1
  39          {       TH0=0Xff;
  40   1              TL0=0Xa4;
  41   1              pp++;
  42   1      }


MODULE INFORMATION:   STATIC OVERLAYABLE
   CODE SIZE        =     48    ----
   CONSTANT SIZE    =   ----    ----
   XDATA SIZE       =   ----    ----
   PDATA SIZE       =   ----    ----
   DATA SIZE        =      2    ----
   IDATA SIZE       =   ----    ----
   BIT SIZE         =   ----    ----
END OF MODULE INFORMATION.


C51 COMPILATION COMPLETE.  0 WARNING(S),  0 ERROR(S)
