C51 COMPILER V9.60.7.0   KEY                                                               12/11/2024 09:50:28 PAGE 1   


C51 COMPILER V9.60.7.0, COMPILATION OF MODULE KEY
OBJECT MODULE PLACED IN .\Objects\key.obj
COMPILER INVOKED BY: D:\Keil5\C51\BIN\C51.EXE key.c OPTIMIZE(8,SPEED) BROWSE DEBUG OBJECTEXTEND PRINT(.\Listings\key.lst
                    -) OBJECT(.\Objects\key.obj)

line level    source

   1          #include "key.h"
   2          #include "lcd1602.h"
   3          
   4          char MatrixKey(void)
   5          {
   6   1              char KeyNumber = No_Press;
   7   1              //if(P36==0){delay_ms(20);if(P36==0){while(P36==0);KeyNumber = BackSpace;}}
   8   1      
   9   1              P34=0,P35=1,P36=1,P37=1;
  10   1      
  11   1              if(P33==0){delay_ms(20);if(P33==0){while(P33==0);KeyNumber = Number0;}}
  12   1              if(P32==0){delay_ms(20);if(P32==0){while(P32==0);KeyNumber = Number7;}}
  13   1              if(P31==0){delay_ms(20);if(P31==0){while(P31==0);KeyNumber = Number4;}}
  14   1              if(P30==0){delay_ms(20);if(P30==0){while(P30==0);KeyNumber = Number1;}}
  15   1      
  16   1              
  17   1      
  18   1              P34=1,P35=0,P36=1,P37=1;
  19   1              if(P33==0){delay_ms(20);if(P33==0){while(P33==0);KeyNumber = Clear;}}
  20   1              if(P32==0){delay_ms(20);if(P32==0){while(P32==0);KeyNumber = Number8;}}
  21   1              if(P31==0){delay_ms(20);if(P31==0){while(P31==0);KeyNumber = Number5;}}
  22   1              if(P30==0){delay_ms(20);if(P30==0){while(P30==0);KeyNumber = Number2;}}
  23   1              
  24   1      
  25   1              P34=1,P35=1,P36=0,P37=1;
  26   1              if(P33==0){delay_ms(20);if(P33==0){while(P33==0);KeyNumber = Sum;}}
  27   1              if(P32==0){delay_ms(20);if(P32==0){while(P32==0);KeyNumber = Number9;}}
  28   1              if(P31==0){delay_ms(20);if(P31==0){while(P31==0);KeyNumber = Number6;}}
  29   1              if(P30==0){delay_ms(20);if(P30==0){while(P30==0);KeyNumber = Number3;}}
  30   1              
  31   1      
  32   1              P34=1,P35=1,P36=1,P37=0;
  33   1              if(P33==0){delay_ms(20);if(P33==0){while(P33==0);KeyNumber = Div;}}
  34   1              if(P32==0){delay_ms(20);if(P32==0){while(P32==0);KeyNumber = Mul;}}
  35   1              if(P31==0){delay_ms(20);if(P31==0){while(P31==0);KeyNumber = Sub;}}
  36   1              if(P30==0){delay_ms(20);if(P30==0){while(P30==0);KeyNumber = Add;}}
  37   1              
  38   1              
  39   1              
  40   1              return KeyNumber;
  41   1      }


MODULE INFORMATION:   STATIC OVERLAYABLE
   CODE SIZE        =    342    ----
   CONSTANT SIZE    =   ----    ----
   XDATA SIZE       =   ----    ----
   PDATA SIZE       =   ----    ----
   DATA SIZE        =   ----       1
   IDATA SIZE       =   ----    ----
   BIT SIZE         =   ----    ----
END OF MODULE INFORMATION.


C51 COMPILATION COMPLETE.  0 WARNING(S),  0 ERROR(S)
