C51 COMPILER V8.06   MAIN                                                                  12/02/2011 18:41:25 PAGE 1   


C51 COMPILER V8.06, COMPILATION OF MODULE MAIN
OBJECT MODULE PLACED IN main.OBJ
COMPILER INVOKED BY: C:\Keil\C51\BIN\C51.EXE main.c BROWSE DEBUG OBJECTEXTEND

line level    source

   1          /**********************HL-1实验开发板例程************************
   2          *  平台：HL-1 V6.2 + Keil U3 + STC89C52RD
   3          *  名称：DS1302 数码管显示年月日、时钟
   4          *  公司：慧净电子科技有限公司
   5          *  淘宝：http://shop37031453.taobao.com       
   6          *  网站：www.hlmcu.com
   7          *  编写：慧净
   8          *  日期：2008-8-08
   9          *   QQ : 121350852 398115088
  10          *  晶振:11.0592MHZ
  11          *  说明：免费开源，不提供源代码分析，有问题直接到慧净论坛交流
  12          *  论坛：http://hjdz.5d6d.com
  13          ******************************************************************/
  14          #include <reg52.h>
  15          #include "ds1302.h"
  16          #include "display.h"
  17          #define uchar unsigned char
  18          unsigned char code table[]={
  19          0x3f  , 0x06 , 0x5b , 0x4f ,
  20          0x66 , 0x6d ,0x7d , 0x07 , 
  21          0x7f  , 0x6f , 0x77 , 0x7c ,
  22          0x39 , 0x5e , 0x79 , 0x71 ,0xbf
  23          };
  24          void main()
  25          {
  26   1              uchar t0,t1,t2,t3,t4,t5;
  27   1              SYSTEMTIME CurrentTime;
  28   1              Initial_DS1302();
  29   1              DS1302_SetTime(DS1302_HOUR,10); //设置的时间是10：54：30
  30   1              DS1302_SetTime(DS1302_MINUTE,54);
  31   1              DS1302_SetTime(DS1302_SECOND,30);   
  32   1              while(1)
  33   1              {
  34   2                      DS1302_GetTime(&CurrentTime);
  35   2                      DateToStr(&CurrentTime);
  36   2                      TimeToStr(&CurrentTime);
  37   2                      t0=CurrentTime.TimeString[0];
  38   2                      t1=CurrentTime.TimeString[1];
  39   2                      t2=CurrentTime.TimeString[3];
  40   2                      t3=CurrentTime.TimeString[4];
  41   2                      t4=CurrentTime.TimeString[6];
  42   2                      t5=CurrentTime.TimeString[7];
  43   2                      display(table[t0],table[t1],table[t2],table[t3],table[t4],table[t5]);
  44   2              }
  45   1      }


MODULE INFORMATION:   STATIC OVERLAYABLE
   CODE SIZE        =    792    ----
   CONSTANT SIZE    =     17    ----
   XDATA SIZE       =   ----    ----
   PDATA SIZE       =   ----    ----
   DATA SIZE        =   ----      36
   IDATA SIZE       =   ----    ----
   BIT SIZE         =   ----       1
C51 COMPILER V8.06   MAIN                                                                  12/02/2011 18:41:25 PAGE 2   

END OF MODULE INFORMATION.


C51 COMPILATION COMPLETE.  0 WARNING(S),  0 ERROR(S)
