A51 MACRO ASSEMBLER  MAIN                                                                 11/06/2024 21:02:29 PAGE     1


MACRO ASSEMBLER A51 V8.2.7.0
OBJECT MODULE PLACED IN .\Objects\Main.obj
ASSEMBLER INVOKED BY: D:\Keil5\C51\BIN\A51.EXE Main.a51 SET(SMALL) DEBUG PRINT(.\Listings\Main.lst) OBJECT(.\Objects\Mai
                      n.obj) EP

LOC  OBJ            LINE     SOURCE

0000                   1             ORG 0000H
                       2     
0000                   3     INIT:
0000 780A              4             MOV R0, #10;设置循环次数
0002 7900              5             MOV R1, #00H;偏移量
0004 900032            6             MOV DPTR, #LEDTABLE
                       7     
0007                   8     MAIN:
0007 E9                9             MOV   A, R1;将偏移量赋值给A
0008 93               10             MOVC A, @A + DPTR
0009 F590             11             MOV P1, A;把A赋值给P1
000B 120013           12             LCALL DELAY500MS
000E 09               13             INC R1;R2加1
000F D8F6             14             DJNZ R0, MAIN
0011 80ED             15             SJMP INIT
                      16             
0013                  17     DELAY500MS:                     ;@12.000MHz
0013 C030             18             PUSH    30H
0015 C031             19             PUSH    31H
0017 C032             20             PUSH    32H
0019 753004           21             MOV             30H,#4
001C 7531CD           22             MOV             31H,#205
001F 7532B4           23             MOV             32H,#180
0022                  24     NEXT:
0022 D532FD           25             DJNZ    32H,NEXT
0025 D531FA           26             DJNZ    31H,NEXT
0028 D530F7           27             DJNZ    30H,NEXT
002B D032             28             POP             32H
002D D031             29             POP             31H
002F D030             30             POP             30H
0031 22               31             RET
                      32     
0032                  33     LEDTABLE:
0032 C0F9A4B0         34             DB 0C0H,0F9H,0A4H,0B0H,99H,92H,82H,0F8H,80H,90H
0036 999282F8                
003A 8090                    
                      35     
                      36     END
A51 MACRO ASSEMBLER  MAIN                                                                 11/06/2024 21:02:29 PAGE     2

SYMBOL TABLE LISTING
------ ----- -------


N A M E             T Y P E  V A L U E   ATTRIBUTES

DELAY500MS . . . .  C ADDR   0013H   A   
INIT . . . . . . .  C ADDR   0000H   A   
LEDTABLE . . . . .  C ADDR   0032H   A   
MAIN . . . . . . .  C ADDR   0007H   A   
NEXT . . . . . . .  C ADDR   0022H   A   
P1 . . . . . . . .  D ADDR   0090H   A   


REGISTER BANK(S) USED: 0 


ASSEMBLY COMPLETE.  0 WARNING(S), 0 ERROR(S)
