C51 COMPILER V8.06   ZHISHI                                                                06/24/2012 18:45:10 PAGE 1   


C51 COMPILER V8.06, COMPILATION OF MODULE ZHISHI
OBJECT MODULE PLACED IN zhishi.OBJ
COMPILER INVOKED BY: C:\Keil\C51\BIN\C51.EXE zhishi.c BROWSE DEBUG OBJECTEXTEND

line level    source

   1          /**********************HL-1实验开发板例程************************
   2          *  平台：HL-1 V8.0 + Keil U3 + STC89C52
   3          *  名称：用四个led指示HJ-3G实验板键盘最下面一排的四个按键状态。
   4                                  当按键按下时，对应led亮；松开后，对应led灭
   5          *  公司：慧净电子科技有限公司
   6          *  淘宝：http://shop37031453.taobao.com       
   7          *  网站：www.hjmcu.com
   8          *  编写：慧净
   9          *  日期：2008-8-08
  10          *   QQ : 121350852 398115088
  11          *  晶振:11.0592MHZ
  12          *  说明：免费开源，不提供源代码分析，有问题直接到慧净论坛交流
  13          *  论坛：http://hjdz.5d6d.net
  14          ******************************************************************/
  15          
  16          #include<reg51.h>
  17          
  18          sbit s2=P3^4;
  19          sbit s3=P3^5;
  20          sbit s4=P3^6;
  21          sbit s5=P3^7;
  22          sbit led1=P1^0;
  23          sbit led2=P1^1;
  24          sbit led3=P1^2;
  25          sbit led4=P1^3;
  26          
  27          void main()
  28          {
  29   1              while(1)
  30   1              {
  31   2                      if(s2==0)
  32   2                              led1=0;
  33   2                      else
  34   2                              led1=1;
  35   2      
  36   2                      if(s3==0)
  37   2                              led2=0;
  38   2                      else
  39   2                              led2=1;
  40   2      
  41   2                      if(s4==0)
  42   2                              led3=0;
  43   2                      else
  44   2                              led3=1;
  45   2      
  46   2                      if(s5==0)
  47   2                              led4=0;
  48   2                      else
  49   2                              led4=1;
  50   2              }
  51   1      }


MODULE INFORMATION:   STATIC OVERLAYABLE
   CODE SIZE        =     38    ----
C51 COMPILER V8.06   ZHISHI                                                                06/24/2012 18:45:10 PAGE 2   

   CONSTANT SIZE    =   ----    ----
   XDATA SIZE       =   ----    ----
   PDATA SIZE       =   ----    ----
   DATA SIZE        =   ----    ----
   IDATA SIZE       =   ----    ----
   BIT SIZE         =   ----    ----
END OF MODULE INFORMATION.


C51 COMPILATION COMPLETE.  0 WARNING(S),  0 ERROR(S)
