C51 COMPILER V8.06   1602_MIAOBIAO                                                         06/24/2012 19:45:08 PAGE 1   


C51 COMPILER V8.06, COMPILATION OF MODULE 1602_MIAOBIAO
OBJECT MODULE PLACED IN 1602-miaobiao.OBJ
COMPILER INVOKED BY: C:\Keil\C51\BIN\C51.EXE 1602-miaobiao.c BROWSE DEBUG OBJECTEXTEND

line level    source

   1          /**********************HJ-3G实验开发板例程************************
   2          *  平台：HJ-3G V6.0 + Keil U3 + STC89C52
   3          *  名称：
   4          *  公司：慧净电子科技有限公司
   5          *  淘宝：http://shop37031453.taobao.com       
   6          *  网站：www.hlmcu.com
   7          *  编写：
   8          *  日期：2008-8-08
   9          *   QQ : 121350852  398115088
  10          *  晶振:11.0592MHZ
  11          *  说明：免费开源，不提供源代码分析，有问题直接到慧净论坛交流
  12          *  论坛：http://hjdz.5d6d.com
  13          ******************************************************************
  14          
  15          //注意事项：10天教程中的LCD1602第5脚由于当时设计错误，直接接到GND上了，接了低电平。
  16          //本实验需要把LCD1602第5脚，读/写脚接到GND上，有两种方法，第一种，用杜邦线把P3.6脚接到GND上。
  17          //另一种方法，定义一个 P3.6 IO口，在主函数中 把P3.6 写一个低电平就可以了。
  18          //sbit WR = P3^6; 在后面主函数中加入 WR=0;就可以不用接杜邦线， P3.6到GND的杜邦线不要。
  19          //WR=0;
  20          *                                                                       *
  21          * 描述：                                                                *
  22          *                                                                       *
  23          *   上电后液晶屏先显示网站等信息，接着按下S4，定时开始，再次按下        *
  24          *                                                                       *
  25          *   S4暂停，第3次按下显示累积计时，第4次按下暂停计时，任何时候按下S5*
  26          *                                                                       *
  27          *   计数清零。                                                              *
  28          *                                                                                                       *
  29          *                                                                       *
  30          ************************************************************************/
  31          
  32          #include <reg51.h>
  33          #include <intrins.h>
  34          
  35          #define uchar unsigned char
  36          #define uint  unsigned int
  37          
  38          uchar KeyCount=0;
  39          
  40          sbit  K3 = P3^6;
  41          sbit  K4 = P3^7;
  42          
  43          sbit BEEP = P2^3;          //蜂鸣器
  44          
  45          uchar code  cdis1[ ] = {"  STOPWATCH  0  "};
  46          uchar code  cdis2[ ] = {"   WWW.HJMCU.COM"};
  47          uchar code  cdis3[ ] = {"TIME            "};
  48          
  49          uchar code  cdis4[ ] = {" BEGIN COUNT  1 "};
  50          uchar code  cdis5[ ] = {" PAUSE COUNT  2 "};
  51          uchar code  cdis6[ ] = {" BEGIN COUNT  3 "};
  52          uchar code  cdis7[ ] = {" PAUSE COUNT  4 "};
  53          uchar code  cdis8[ ] = {"                "};
  54          
  55          sbit LCD_RS = P1^0;             
C51 COMPILER V8.06   1602_MIAOBIAO                                                         06/24/2012 19:45:08 PAGE 2   

  56          sbit LCD_RW = P1^1;
  57          sbit LCD_EN = P2^5;
  58          
  59          #define delayNOP(); {_nop_();_nop_();_nop_();_nop_();};
  60          
  61          uchar display[] =  {0x00,0x00,0x00,0x00,0x00,0x00,0x00};
  62          uchar display2[] = {0x00,0x00,0x00,0x00,0x00,0x00,0x00,0x00};
  63          
  64          /*********************************************************
  65           延时函数
  66          *********************************************************/
  67          
  68          void Delay(uint num)//延时函数
  69          {
  70   1        while( --num );
  71   1      }
  72          
  73          /*********************************************************
  74           蜂鸣器响一声                                           
  75          **********************************************************/
  76          void beep()
  77          {
  78   1          unsigned char y;
  79   1          for (y=0;y<180;y++)
  80   1          {
  81   2            BEEP=!BEEP;                //BEEP取反
  82   2                Delay(70);
  83   2          } 
  84   1          BEEP=1;                      //关闭蜂鸣器
  85   1      }
  86          
  87          /*********************************************************
  88           延时函数1
  89          *********************************************************/
  90          void delay1(int ms)
  91          {
  92   1         unsigned char n;
  93   1         while(ms--)
  94   1         {
  95   2           for(n = 0; n<250; n++)
  96   2          {
  97   3            _nop_();
  98   3            _nop_();
  99   3            _nop_();
 100   3            _nop_();
 101   3          }
 102   2         }
 103   1      }
 104          
 105          /**********************************************************
 106          *                                                         *
 107          * 检查LCD忙状态                                           *
 108          * lcd_busy为1时，忙，等待。                               *
 109          * lcd-busy为0时,闲，可写指令与数据。                      *
 110          *                                                         *
 111          **********************************************************/ 
 112          bit lcd_busy()
 113           {                          
 114   1          bit result;
 115   1          LCD_RS = 0;
 116   1       //   LCD_RW = 1;
 117   1          LCD_EN = 1;
C51 COMPILER V8.06   1602_MIAOBIAO                                                         06/24/2012 19:45:08 PAGE 3   

 118   1          delayNOP();
 119   1          result = (bit)(P0&0x80);
 120   1          LCD_EN = 0;
 121   1          return(result); 
 122   1       }
 123          
 124          /**********************************************************
 125          *                                                         *
 126          *写指令数据到LCD                                          *
 127          *RS=L，RW=L，E=高脉冲，D0-D7=指令码。                     *
 128          *                                                         *
 129          **********************************************************/
 130          void lcd_wcmd(uchar cmd)
 131          {                          
 132   1      //   while(lcd_busy());
 133   1          LCD_RS = 0;
 134   1      //    LCD_RW = 0;
 135   1          LCD_EN = 0;
 136   1          _nop_();
 137   1          _nop_(); 
 138   1          P0 = cmd;
 139   1          delayNOP();
 140   1          LCD_EN = 1;
 141   1          delayNOP();
 142   1          LCD_EN = 0; 
 143   1          Delay(10);
 144   1      }
 145          
 146          /**********************************************************
 147          *                                                         *
 148          *写显示数据到LCD                                          *
 149          *RS=H，RW=L，E=高脉冲，D0-D7=数据。                       *
 150          *                                                         *
 151          **********************************************************/
 152          void lcd_wdat(uchar dat)
 153          {                          
 154   1      //   while(lcd_busy());
 155   1          LCD_RS = 1;
 156   1      //    LCD_RW = 0;
 157   1          LCD_EN = 0;
 158   1          P0 = dat;
 159   1          delayNOP();
 160   1          LCD_EN = 1;
 161   1          delayNOP();
 162   1          LCD_EN = 0; 
 163   1          Delay(10);
 164   1      }
 165          
 166          /**********************************************************
 167          *                                                         *
 168          *  LCD初始化设定                                          *
 169          *                                                         *
 170          **********************************************************/
 171          void lcd_init()
 172          {    
 173   1          LCD_RW = 0;
 174   1          delay1(15);   
 175   1          lcd_wcmd(0x01);      //清除LCD的显示内容            
 176   1          lcd_wcmd(0x38);      //16*2显示，5*7点阵，8位数据
 177   1          delay1(5);
 178   1          lcd_wcmd(0x38);         
 179   1          delay1(5);
C51 COMPILER V8.06   1602_MIAOBIAO                                                         06/24/2012 19:45:08 PAGE 4   

 180   1          lcd_wcmd(0x38);         
 181   1          delay1(5);
 182   1      
 183   1          lcd_wcmd(0x0c);      //开显示，不显示光标  
 184   1          delay1(5);
 185   1      
 186   1          lcd_wcmd(0x01);      //清除LCD的显示内容
 187   1          delay1(5);
 188   1      }
 189          
 190          /**********************************************************
 191          *                                                         *
 192          *  设定显示位置                                           *
 193          *                                                         *
 194          **********************************************************/
 195          
 196          void lcd_pos(uchar pos)
 197          {                          
 198   1        lcd_wcmd(pos | 0x80);  //数据指针=80+地址变量
 199   1      }
 200          
 201          /********************************************************
 202           显示函数
 203          *********************************************************/
 204          void play()
 205          {
 206   1         uchar  i;
 207   1         for(i=0;i<6;i++)
 208   1         {
 209   2          display2[i]=display[i]+0x30;  
 210   2         }
 211   1      
 212   1         display2[7]=display[6]/10+0x30;   //时单位数据处理
 213   1         display2[6]=display[6]%10+0x30;
 214   1         
 215   1         lcd_pos(0x45);
 216   1         lcd_wdat(display2[7]);   //显示时
 217   1         lcd_wdat(display2[6]);
 218   1         lcd_wdat(0x3a);          //显示':'
 219   1        
 220   1         lcd_wdat(display2[5]);   //显示分
 221   1         lcd_wdat(display2[4]);
 222   1         lcd_wdat(0x3a);          //显示':'
 223   1      
 224   1         lcd_wdat(display2[3]);   //显示秒
 225   1         lcd_wdat(display2[2]);
 226   1         lcd_wdat(0x3a);          //显示':'
 227   1      
 228   1         lcd_wdat(display2[1]);   //显示毫秒
 229   1         lcd_wdat(display2[0]);  
 230   1      }
 231          
 232          /********************************************************
 233           主函数
 234          *********************************************************/
 235          main()
 236          {
 237   1         uchar m;
 238   1        
 239   1         TMOD=0x01; 
 240   1         TH0=0xdc; TL0=0x00;      //50ms定时   
 241   1         EA=1; ET0=1;
C51 COMPILER V8.06   1602_MIAOBIAO                                                         06/24/2012 19:45:08 PAGE 5   

 242   1      
 243   1         lcd_init();
 244   1         
 245   1         lcd_pos(0x00);             //设置显示位置为第一行
 246   1         for(m=0;m<16;m++) 
 247   1         lcd_wdat(cdis1[m]);        //显示字符 
 248   1      
 249   1         lcd_pos(0x40);             //设置显示位置为第二行
 250   1         for(m=0;m<16;m++)
 251   1         {
 252   2          lcd_wdat(cdis2[m]);        //显示字符
 253   2          delay1(60);
 254   2         }
 255   1      
 256   1         delay1(1000);
 257   1      
 258   1         lcd_pos(0x40);             //设置显示位置为第二行
 259   1         for(m=0;m<16;m++)
 260   1         lcd_wdat(cdis3[m]); 
 261   1      
 262   1         while(1)
 263   1         {   
 264   2           if(K3==0)
 265   2           {
 266   3                 KeyCount++;          //计数
 267   3             beep();
 268   3                 delay1(100);    
 269   3           
 270   3             switch (KeyCount)
 271   3             {
 272   4              case 1: 
 273   4              TR0=1;              //启动中断
 274   4              lcd_pos(0x00);
 275   4                  for(m=0;m<16;m++)
 276   4              lcd_wdat(cdis4[m]);     
 277   4              break;
 278   4        
 279   4              case 2: 
 280   4              TR0=0;              //停止中断
 281   4              lcd_pos(0x00);
 282   4                  for(m=0;m<16;m++)
 283   4              lcd_wdat(cdis5[m]);     
 284   4              break;
 285   4            
 286   4                      case 3: 
 287   4              TR0=1;              //启动中断
 288   4              lcd_pos(0x00);
 289   4                  for(m=0;m<16;m++)
 290   4              lcd_wdat(cdis6[m]);     
 291   4              break;
 292   4      
 293   4              case 4: 
 294   4              TR0=0;              //停止中断
 295   4              lcd_pos(0x00);
 296   4                  for(m=0;m<16;m++)
 297   4              lcd_wdat(cdis7[m]);     
 298   4              break;
 299   4           
 300   4              default:  
 301   4              TR0=0;                   //停止中断 
 302   4              break;
 303   4             }
C51 COMPILER V8.06   1602_MIAOBIAO                                                         06/24/2012 19:45:08 PAGE 6   

 304   3           }
 305   2           if(K4==0)
 306   2           {
 307   3                 TR0=0;                     //停止中断
 308   3             KeyCount=0;
 309   3                 for(m=0;m<8;m++)
 310   3             display[m]=0x00;           //计时单元清零
 311   3             lcd_pos(0x00);             //设置显示位置为第一行
 312   3             for(m=0;m<16;m++)
 313   3             lcd_wdat(cdis1[m]); 
 314   3             beep();
 315   3             delay1(100);              
 316   3           } 
 317   2      
 318   2           play(); 
 319   2         }
 320   1      }
 321          
 322          /*********************************************************
 323          *                                                        *
 324          * Time0中断函数                                          *
 325          *                                                        *
 326          **********************************************************/
 327          void Time0(void) interrupt 1 using 0
 328          {
 329   1         TH0=0xdc;               //10ms定时
 330   1         TL0=0x00;
 331   1      
 332   1         display[0]++;         //0.01S  
 333   1      
 334   1         if(display[0]==10)
 335   1         {
 336   2          display[0]=0;
 337   2              display[1]++;         //0.1S
 338   2         }
 339   1         if(display[1]==10)
 340   1         {
 341   2          display[1]=0;
 342   2          display[2]++;         //秒个位
 343   2         }
 344   1         if(display[2]==10)
 345   1         {
 346   2          display[2]=0;
 347   2          display[3]++;         //秒十位
 348   2         }
 349   1         if(display[3]==6)
 350   1         {
 351   2          display[3]=0;
 352   2          display[4]++;         //分个位
 353   2         }
 354   1         if(display[4]==10)
 355   1         {
 356   2          display[4]=0;
 357   2          display[5]++;         //分十位
 358   2         }
 359   1         if(display[5]==6)
 360   1         {
 361   2          display[5]=0;
 362   2          display[6]++;        //时
 363   2         }
 364   1         if(display[6]==24)
 365   1         {
C51 COMPILER V8.06   1602_MIAOBIAO                                                         06/24/2012 19:45:08 PAGE 7   

 366   2           display[6]=0;
 367   2         } 
 368   1      }
 369          
 370          /*********************************************************/


MODULE INFORMATION:   STATIC OVERLAYABLE
   CODE SIZE        =    636    ----
   CONSTANT SIZE    =    136    ----
   XDATA SIZE       =   ----    ----
   PDATA SIZE       =   ----    ----
   DATA SIZE        =     16    ----
   IDATA SIZE       =   ----    ----
   BIT SIZE         =   ----       1
END OF MODULE INFORMATION.


C51 COMPILATION COMPLETE.  0 WARNING(S),  0 ERROR(S)
