C51 COMPILER V8.06   12864TUPIAN                                                           06/24/2012 20:24:14 PAGE 1   


C51 COMPILER V8.06, COMPILATION OF MODULE 12864TUPIAN
OBJECT MODULE PLACED IN 12864tupian.OBJ
COMPILER INVOKED BY: C:\Keil\C51\BIN\C51.EXE 12864tupian.c BROWSE DEBUG OBJECTEXTEND

line level    source

   1          /**********************HJ-3G实验开发板例程************************
   2          *  平台：HJ-3G V6.0 + Keil U3 + STC89C52
   3          *  名称：本程序驱动12864显示一副的图片
   4          *  公司：慧净电子科技有限公司
   5          *  淘宝：http://shop37031453.taobao.com       
   6          *  网站：www.hlmcu.com
   7          *  编写：
   8          *  日期：2008-8-08
   9          *   QQ : 121350852  398115088
  10          *  晶振:11.0592MHZ
  11          *  说明：免费开源，不提供源代码分析，有问题直接到慧净论坛交流
  12          *  论坛：http://hjdz.5d6d.com
  13          ******************************************************************/
  14          #include <reg51.h>
  15          #include <intrins.h>
  16          
  17          #define uchar unsigned char
  18          #define uint  unsigned int
  19          /*12864端口定义*/
  20          #define LCD_data  P0             //数据口
  21          sbit LCD_RS  =  P1^0;            //寄存器选择输入 
  22          sbit LCD_RW  =  P1^1;            //液晶读/写控制
  23          sbit LCD_EN  =  P2^5;            //液晶使能控制
  24          sbit LCD_PSB =  P1^2;            //串/并方式控制
  25          sbit wela    =  P2^6;
  26          sbit dula    =  P2^7;
  27          
  28          unsigned char code zhu[]=               //图片代码
  29          {
  30          0x00,0x00,0x00,0x00,0x00,0x00,0x00,0x00,0x00,0x00,0x00,0x00,0x00,0x00,0x00,0x00,
  31          0x00,0x00,0x00,0x00,0x00,0x00,0x00,0x00,0x00,0x00,0x00,0x00,0x00,0x00,0x00,0x00,
  32          0x00,0x00,0x00,0x00,0x00,0x00,0x00,0x00,0x00,0x00,0x00,0x00,0x00,0x00,0x00,0x00,
  33          0x00,0x00,0x00,0x00,0x00,0x00,0x00,0xD4,0x00,0x00,0x00,0x00,0x00,0x00,0x00,0x00,
  34          0x00,0x00,0x00,0x00,0x00,0x00,0x05,0x01,0x00,0x00,0x00,0x00,0x00,0x00,0x00,0x00,
  35          0x00,0x00,0x00,0x00,0x00,0x00,0x10,0x00,0x80,0x00,0x00,0x00,0x00,0x00,0x00,0x00,
  36          0x00,0x00,0x00,0x00,0x00,0x00,0x20,0x00,0x00,0x00,0x00,0x00,0x00,0x00,0x00,0x00,
  37          0x00,0x00,0x00,0x00,0x00,0x00,0x40,0x00,0x80,0x00,0x00,0x00,0x00,0x00,0x00,0x00,
  38          0x00,0x00,0x00,0x00,0x00,0x20,0x00,0x00,0x00,0x00,0x00,0x00,0x00,0x00,0x00,0x00,
  39          0x00,0x00,0x03,0x50,0x00,0x50,0x80,0x01,0x00,0x00,0x00,0x00,0x00,0x00,0x00,0x00,
  40          0x00,0x00,0x3C,0x04,0x00,0xA0,0x00,0x00,0x00,0x00,0x00,0x00,0x00,0x00,0x00,0x00,
  41          0x00,0x00,0x40,0x01,0x0B,0x15,0x00,0x02,0x00,0x00,0x00,0x00,0x00,0x00,0x00,0x00,
  42          0x00,0x00,0x40,0x00,0x88,0x00,0x00,0x06,0x80,0x00,0x00,0x00,0x00,0x00,0x00,0x00,
  43          0x00,0x01,0x80,0x00,0x60,0x00,0x00,0x05,0x40,0x00,0x00,0x00,0x00,0x00,0x00,0x00,
  44          0x00,0x02,0x00,0x00,0x00,0x00,0x00,0x03,0x90,0x00,0x01,0xB6,0x36,0x00,0x00,0x00,
  45          0x00,0x00,0x00,0x00,0x00,0x00,0x00,0x02,0x40,0x00,0x01,0xFE,0x36,0x00,0x00,0x00,
  46          0x00,0x00,0x80,0x00,0x00,0x00,0x00,0x02,0x20,0x00,0x01,0xB6,0x36,0x00,0x00,0x00,
  47          0x00,0x00,0x40,0x00,0x00,0x00,0x00,0x02,0xA0,0x00,0x03,0x6F,0xFF,0x00,0x00,0x00,
  48          0x00,0x00,0x20,0x00,0x00,0x00,0x00,0x1D,0x00,0x00,0x00,0x00,0x2C,0x00,0x00,0x00,
  49          0x00,0x00,0x00,0x00,0x00,0x00,0x00,0x05,0xC0,0x00,0x00,0x00,0x28,0x00,0x00,0x00,
  50          0x00,0x00,0x10,0x00,0x00,0x00,0x00,0x04,0x00,0x00,0x00,0x00,0x38,0x00,0x00,0x00,
  51          0x00,0x00,0x00,0x00,0x00,0x00,0x00,0x0A,0x80,0x40,0x00,0x00,0x00,0x00,0x00,0x00,
  52          0x00,0x00,0x10,0x80,0x00,0x00,0x1F,0x08,0x47,0xF8,0x00,0x00,0x00,0x00,0x00,0x00,
  53          0x00,0x00,0x01,0x20,0x00,0x00,0x3D,0x13,0x0C,0x0E,0x00,0x00,0x00,0x00,0x00,0x00,
  54          0x00,0x00,0x08,0x10,0x00,0x00,0x27,0xA0,0x18,0x06,0x00,0x00,0x00,0x00,0x00,0x00,
  55          0x00,0x00,0x02,0x10,0x00,0x00,0x3F,0x80,0x38,0xC7,0x00,0x00,0x00,0x00,0x00,0x00,
C51 COMPILER V8.06   12864TUPIAN                                                           06/24/2012 20:24:14 PAGE 2   

  56          0x00,0x00,0x04,0x03,0xE0,0x00,0x33,0x90,0x3F,0xC7,0x00,0x00,0x00,0x00,0x00,0x00,
  57          0x00,0x00,0x00,0x03,0xB0,0x00,0x33,0x10,0x7F,0x87,0x00,0x00,0x00,0x00,0x00,0x00,
  58          0x00,0x00,0x08,0x24,0xF0,0x0C,0x0E,0x00,0xFF,0x1F,0x00,0x00,0x00,0x00,0x00,0x00,
  59          0x00,0x00,0x00,0x07,0xF0,0xC2,0x00,0x00,0xFE,0x1F,0x81,0xB3,0xE6,0xD8,0xF0,0x00,
  60          0x00,0x00,0x08,0x46,0x71,0x06,0x00,0x08,0x3F,0x1F,0x01,0xF6,0x67,0xF9,0xB0,0x00,
  61          0x00,0x00,0x00,0x03,0x20,0x98,0x00,0x00,0x3F,0xFF,0x01,0xB6,0xC6,0xD9,0x80,0x00,
  62          0x00,0x00,0x08,0x40,0xC0,0x24,0x00,0x04,0x3F,0x1F,0x03,0x7F,0xFD,0xBE,0xFC,0x00,
  63          0x00,0x00,0x00,0x00,0x00,0x00,0x00,0x02,0x1E,0x1E,0x00,0x00,0x00,0x00,0x00,0x00,
  64          0x00,0x00,0x08,0x00,0x00,0x00,0x00,0x01,0x0E,0x1C,0x00,0x00,0x00,0x00,0x00,0x00,
  65          0x00,0x00,0x08,0x00,0x00,0x00,0x00,0x00,0x87,0xF0,0x00,0x00,0x00,0x00,0x00,0x00,
  66          0x00,0x00,0x00,0x00,0x00,0x00,0x00,0x00,0x00,0x00,0x00,0x00,0x00,0x00,0x00,0x00,
  67          0x00,0x00,0x04,0x00,0x00,0x00,0x00,0x00,0x40,0x00,0x00,0x00,0x00,0x00,0x00,0x00,
  68          0x00,0x00,0x00,0x00,0x00,0x00,0x00,0x00,0x20,0x00,0x00,0x00,0x00,0x00,0x00,0x00,
  69          0x00,0x00,0x02,0x00,0x00,0x00,0x00,0x00,0x00,0x00,0x00,0x00,0x00,0x00,0x00,0x00,
  70          0x00,0x00,0x01,0x00,0x00,0x00,0x00,0x00,0x10,0x00,0x00,0x00,0x00,0x00,0x00,0x00,
  71          0x00,0x00,0x00,0x80,0x00,0x00,0x00,0x00,0x00,0x00,0x00,0xC0,0x00,0x00,0x00,0x00,
  72          0x00,0x00,0x00,0x40,0x00,0x00,0x00,0x02,0x08,0x00,0x00,0xC0,0x00,0x00,0x00,0x00,
  73          0x00,0x00,0x00,0x40,0x00,0x00,0x00,0x00,0x00,0x00,0x00,0x04,0x00,0x00,0x00,0x00,
  74          0x00,0x00,0x00,0x00,0x00,0x00,0x00,0x01,0x88,0x00,0x01,0x8C,0x00,0x00,0x00,0x00,
  75          0x00,0x00,0x00,0x00,0x00,0x00,0x00,0x00,0x20,0x00,0x01,0x8E,0x00,0x00,0x00,0x00,
  76          0x00,0x00,0x00,0x40,0x00,0x00,0x00,0x01,0x00,0x00,0x01,0xB6,0x06,0xDB,0x6C,0x00,
  77          0x00,0x00,0x00,0x00,0x00,0x00,0x00,0x00,0x00,0x00,0x03,0xFF,0x06,0xDB,0x6C,0x00,
  78          0x00,0x00,0x00,0x40,0x00,0x00,0x00,0x01,0x00,0x00,0x00,0x00,0x00,0x00,0x00,0x00,
  79          0x00,0x00,0x00,0x00,0x00,0x00,0x00,0x00,0x00,0x00,0x00,0x00,0x00,0x00,0x00,0x00,
  80          0x00,0x00,0x00,0x20,0x00,0x00,0x00,0x02,0x00,0x00,0x00,0x00,0x00,0x00,0x00,0x00,
  81          0x00,0x00,0x00,0x10,0x00,0x00,0x00,0x04,0x00,0x00,0x00,0x00,0x00,0x00,0x00,0x00,
  82          0x00,0x00,0x00,0x00,0x00,0x00,0x00,0x00,0x00,0x00,0x00,0x00,0x00,0x00,0x00,0x00,
  83          0x00,0x00,0x00,0x08,0x00,0x00,0x00,0x10,0x00,0x00,0x00,0x00,0x00,0x00,0x00,0x00,
  84          0x00,0x00,0x00,0x02,0x00,0x00,0x00,0x20,0x00,0x00,0x00,0x00,0x00,0x00,0x00,0x00,
  85          0x00,0x00,0x00,0x00,0x40,0x00,0x01,0x40,0x00,0x00,0x00,0x00,0x00,0x00,0x00,0x00,
  86          0x00,0x00,0x00,0x00,0x94,0xA4,0x68,0x40,0x00,0x00,0x00,0x00,0x00,0x00,0x00,0x00,
  87          0x00,0x00,0x00,0x00,0x02,0x19,0x00,0x00,0x00,0x00,0x00,0x00,0x00,0x00,0x00,0x00,
  88          0x00,0x00,0x00,0x00,0x42,0x00,0x10,0x80,0x00,0x00,0x00,0x00,0x00,0x00,0x00,0x00,
  89          0x00,0x00,0x00,0x00,0x20,0x00,0x01,0x00,0x00,0x00,0x00,0x00,0x00,0x00,0x00,0x00,
  90          0x00,0x00,0x00,0x00,0x14,0x00,0x0A,0x00,0x00,0x00,0x00,0x00,0x00,0x00,0x00,0x00,
  91          0x00,0x00,0x00,0x00,0x00,0x00,0x00,0x00,0x00,0x00,0x00,0x00,0x00,0x00,0x00,0x00,
  92          0x00,0x00,0x00,0x00,0x00,0x00,0x00,0x00,0x00,0x00,0x00,0x00,0x00,0x00,0x00,0x00,
  93          0x00,0x00,0x00,0x00,0x00,0x00,0x00,0x00,0x00,0x00,0x00,0x00,0x00,0x00,0x00,0x00
  94          };
  95          
  96          #define delayNOP(); {_nop_();_nop_();_nop_();_nop_();};
  97          
  98          void delay0(uchar x);  //x*0.14MS
  99          void beep();
 100          void  dataconv();
 101          void lcd_pos(uchar X,uchar Y);  //确定显示位置
 102          
 103          void delay(int ms)
 104          {
 105   1          while(ms--)
 106   1              {
 107   2            uchar i;
 108   2                for(i=0;i<250;i++)  
 109   2                 {
 110   3                  _nop_();                       
 111   3                      _nop_();
 112   3                      _nop_();
 113   3                      _nop_();
 114   3                 }
 115   2              }
 116   1      }               
 117          
C51 COMPILER V8.06   12864TUPIAN                                                           06/24/2012 20:24:14 PAGE 3   

 118          /*******************************************************************/
 119          /*                                                                 */
 120          /*检查LCD忙状态                                                    */
 121          /*lcd_busy为1时，忙，等待。lcd-busy为0时,闲，可写指令与数据。      */
 122          /*                                                                 */
 123          /*******************************************************************/
 124          bit lcd_busy()
 125           {                          
 126   1          bit result;
 127   1          LCD_RS = 0;
 128   1          LCD_RW = 1;
 129   1          LCD_EN = 1;
 130   1          delayNOP();
 131   1          result = (bit)(P0&0x80);
 132   1          LCD_EN = 0;
 133   1          return(result); 
 134   1       }
 135          /*******************************************************************/
 136          /*                                                                 */
 137          /*写指令数据到LCD                                                  */
 138          /*RS=L，RW=L，E=高脉冲，D0-D7=指令码。                             */
 139          /*                                                                 */
 140          /*******************************************************************/
 141          void lcd_wcmd(uchar cmd)
 142          {                          
 143   1         while(lcd_busy());
 144   1          LCD_RS = 0;
 145   1          LCD_RW = 0;
 146   1          LCD_EN = 0;
 147   1          _nop_();
 148   1          _nop_(); 
 149   1          P0 = cmd;
 150   1          delayNOP();
 151   1          LCD_EN = 1;
 152   1          delayNOP();
 153   1          LCD_EN = 0;  
 154   1      }
 155          /*******************************************************************/
 156          /*                                                                 */
 157          /*写显示数据到LCD                                                  */
 158          /*RS=H，RW=L，E=高脉冲，D0-D7=数据。                               */
 159          /*                                                                 */
 160          /*******************************************************************/
 161          void lcd_wdat(uchar dat)
 162          {                          
 163   1         while(lcd_busy());
 164   1          LCD_RS = 1;
 165   1          LCD_RW = 0;
 166   1          LCD_EN = 0;
 167   1          P0 = dat;
 168   1          delayNOP();
 169   1          LCD_EN = 1;
 170   1          delayNOP();
 171   1          LCD_EN = 0; 
 172   1      }
 173          /*******************************************************************/
 174          /*                                                                 */
 175          /*  LCD初始化设定                                                  */
 176          /*                                                                 */
 177          /*******************************************************************/
 178          void lcd_init()
 179          { 
C51 COMPILER V8.06   12864TUPIAN                                                           06/24/2012 20:24:14 PAGE 4   

 180   1      
 181   1          LCD_PSB = 1;         //并口方式
 182   1          
 183   1          lcd_wcmd(0x34);      //扩充指令操作
 184   1          delay(5);
 185   1          lcd_wcmd(0x30);      //基本指令操作
 186   1          delay(5);
 187   1          lcd_wcmd(0x0C);      //显示开，关光标
 188   1          delay(5);
 189   1          lcd_wcmd(0x01);      //清除LCD的显示内容
 190   1          delay(5);
 191   1      }
 192          
 193          /*******************************************
 194          函数名称:Draw_PM
 195          功    能:在整个液晶屏幕上画图
 196          参    数:无
 197          返回值  :无
 198          ********************************************/
 199          void Draw_PM(const uchar *ptr)
 200          {
 201   1          uchar i,j,k;
 202   1          wela=0;
 203   1              dula=0; 
 204   1              lcd_wcmd(0x34);        //打开扩展指令集
 205   1              i = 0x80;            
 206   1              for(j = 0;j < 32;j++)
 207   1              {
 208   2              lcd_wcmd(i++);
 209   2              lcd_wcmd(0x80);
 210   2                      for(k = 0;k < 16;k++)
 211   2                      {
 212   3                          lcd_wdat(*ptr++);
 213   3                      }
 214   2              }
 215   1              i = 0x80;
 216   1              for(j = 0;j < 32;j++)
 217   1              {
 218   2                  lcd_wcmd(i++);
 219   2              lcd_wcmd(0x88);    
 220   2                      for(k = 0;k < 16;k++)
 221   2                      {
 222   3                          lcd_wdat(*ptr++);
 223   3                      } 
 224   2              }  
 225   1          lcd_wcmd(0x36);        //打开绘图显示
 226   1              lcd_wcmd(0x30);        //回到基本指令集
 227   1      }
 228          
 229          main()
 230           {
 231   1                      wela=0;
 232   1                      dula=0; 
 233   1                      lcd_init();                //初始化LCD    
 234   1                      Draw_PM(zhu);                       //显示可爱猪的图片
 235   1                      while(1);       
 236   1       }


MODULE INFORMATION:   STATIC OVERLAYABLE
   CODE SIZE        =    274    ----
   CONSTANT SIZE    =   1024    ----
C51 COMPILER V8.06   12864TUPIAN                                                           06/24/2012 20:24:14 PAGE 5   

   XDATA SIZE       =   ----    ----
   PDATA SIZE       =   ----    ----
   DATA SIZE        =   ----       4
   IDATA SIZE       =   ----    ----
   BIT SIZE         =   ----       1
END OF MODULE INFORMATION.


C51 COMPILATION COMPLETE.  0 WARNING(S),  0 ERROR(S)
