C51 COMPILER V9.60.7.0   MAIN                                                              12/20/2024 15:22:23 PAGE 1   


C51 COMPILER V9.60.7.0, COMPILATION OF MODULE MAIN
OBJECT MODULE PLACED IN .\Objects\main.obj
COMPILER INVOKED BY: D:\Keil5\C51\BIN\C51.EXE main.c OPTIMIZE(8,SPEED) BROWSE DEBUG OBJECTEXTEND PRINT(.\Listings\main.l
                    -st) OBJECT(.\Objects\main.obj)

line level    source

   1          #include <STC89C5xRC.H>
   2          #include "iic.h"
   3          #include "onewire.h"
   4          #include "key.h"
   5          #include "led.h"
   6          #include "lcd1602.h"
   7          
   8          typedef unsigned char u8;
   9          typedef unsigned int u16;
  10          
  11          sbit Normal_LED = P1 ^ 2;
  12          sbit Smog_LED = P1 ^ 1;
  13          sbit Tem_LED = P1 ^ 0;
  14          
  15          u8 kval, kdown, kold, kslow;
  16          u16 lcdslow;
  17          bit relayflag = 0;
  18          bit t_flag, s_flag;
  19          bit set_flag;
  20          
  21          float p_t = 50.0, t; // 初始温度参数
  22          u8 p_s = 40, s;          // 初始烟雾阈值
  23          u8 tslow;
  24          u8 mode;
  25          bit alarmflag = 0;
  26          u16 l1delay, l2delay;
  27          bit l1flag, l2flag;
  28          bit l1, l2;
  29          void Alarm()
  30          {
  31   1              if (alarmflag)
  32   1              {
  33   2                      Normal_LED = 1;
  34   2                      Smog_LED = 0;
  35   2                      Tem_LED = 0;
  36   2                      Beep(1);
  37   2                      Relay(1);
  38   2              }
  39   1              else
  40   1              {
  41   2                      Normal_LED = 0;
  42   2                      Smog_LED = 1;
  43   2                      Tem_LED = 1;
  44   2                      Beep(0);
  45   2                      Relay(0);
  46   2              }
  47   1      }
  48          void Key_Pro()
  49          {
  50   1              if (kslow)
  51   1                      return;
  52   1              kslow = 1;
  53   1              kval = Key_Read();
  54   1              kdown = kval & (kold ^ kval);
C51 COMPILER V9.60.7.0   MAIN                                                              12/20/2024 15:22:23 PAGE 2   

  55   1              kold = kval;
  56   1              switch (kdown)
  57   1              {
  58   2              case 1:
  59   2                      if (++mode == 3)
  60   2                              mode = 0;
  61   2                      break;
  62   2              case 2:
  63   2                      if (mode == 1)
  64   2                              p_t += 0.5;
  65   2                      if (p_t == 100.0)
  66   2                              p_t = 99.5;
  67   2                      if (mode == 2)
  68   2                              p_s += 1;
  69   2                      if (p_s == 100)
  70   2                              p_s = 99;
  71   2                      break;
  72   2              case 3:
  73   2                      if (mode == 1)
  74   2                              p_t -= 0.5;
  75   2                      if (p_t < 0)
  76   2                              p_t = 0.0;
  77   2                      if (mode == 2)
  78   2                              p_s -= 1;
  79   2                      if (p_s == 255)
  80   2                              p_s = 0;
  81   2                      break;
  82   2              case 4:
  83   2                      alarmflag = ~alarmflag;
  84   2                      Alarm();
  85   2                      break;
  86   2              }
  87   1      }
  88          
  89          void LCD_Pro()
  90          {
  91   1      
  92   1              if (lcdslow)
  93   1                      return;
  94   1              lcdslow = 1;
  95   1              t = Read_T();
  96   1              s = (u16)(AD_Read(0x03) * 100) / 255;
  97   1              
  98   1              LCD_ShowString(1, 1, "S T:");
  99   1              LCD_ShowNum(1, 5, (u16)p_t, 2);
 100   1              LCD_ShowChar(1, 7, '.');
 101   1              LCD_ShowNum(1, 8, (u16)(p_t * 10) % 10, 1);
 102   1              LCD_ShowChar(1, 9, 0xdf);
 103   1              LCD_ShowString(1, 10, "C S:");
 104   1              LCD_ShowNum(1, 14, p_s, 2);
 105   1              LCD_ShowChar(1, 16, '%');
 106   1              LCD_ShowString(2, 1, "N T:");
 107   1              LCD_ShowNum(2, 5, (u16)t, 2);
 108   1              LCD_ShowChar(2, 7, '.');
 109   1              LCD_ShowNum(2, 8, (u16)(t * 10) % 10, 1);
 110   1              LCD_ShowChar(2, 9, 0xdf);
 111   1              LCD_ShowString(2, 10, "C S:");
 112   1              LCD_ShowNum(2, 14, s, 2);
 113   1              LCD_ShowChar(2, 16, '%');
 114   1              if (mode == 1)
 115   1                      LCD_ShowNum(1, 2, 1, 1);
 116   1              if (mode == 2)
C51 COMPILER V9.60.7.0   MAIN                                                              12/20/2024 15:22:23 PAGE 3   

 117   1                      LCD_ShowNum(1, 2, 2, 1);
 118   1              
 119   1      }
 120          void Led_Pro()
 121          {
 122   1              if (!alarmflag)
 123   1              {
 124   2                      Normal_LED = t >= p_t || s >= p_s;
 125   2                      if (t >= p_t)
 126   2                      {
 127   3                              l1flag = 1;
 128   3                              if (l1delay >= 100)
 129   3                              {
 130   4                                      Tem_LED = ~Tem_LED;
 131   4                                      l1delay = 0;
 132   4                              }
 133   3                      }
 134   2                      else
 135   2                      {
 136   3                              l1flag = 0;
 137   3                              Tem_LED = 1;
 138   3                              l1delay = 0;
 139   3                      }
 140   2                      if (s >= p_s)
 141   2                      {
 142   3                              l2flag = 1;
 143   3                              if (l2delay >= 100)
 144   3                              {
 145   4                                      Smog_LED = ~Smog_LED;
 146   4                                      l2delay = 0;
 147   4                              }
 148   3                      }
 149   2                      else
 150   2                      {
 151   3                              l2flag = 0;
 152   3                              Smog_LED = 1;
 153   3                              l2delay = 0;
 154   3                      }
 155   2                      Relay(t >= p_t || s >= p_s);
 156   2                      BEEP=(t >= p_t || s >= p_s);
 157   2              }
 158   1      }
 159          
 160          void Timer0_Init(void) // 1毫秒@12.000MHz
 161          {
 162   1              AUXR |= 0x80; // 定时器时钟1T模式
 163   1              TMOD &= 0xF0; // 设置定时器模式
 164   1              TL0 = 0x20;       // 设置定时初始值
 165   1              TH0 = 0xD1;       // 设置定时初始值
 166   1              TF0 = 0;          // 清除TF0标志
 167   1              TR0 = 1;          // 定时器0开始计时
 168   1              ET0 = 1;          // 使能定时器0中断
 169   1              EA = 1;
 170   1      }
 171          
 172          void Timer0_Service() interrupt 1
 173          {
 174   1              if (++kslow == 10)
 175   1                      kslow = 0;
 176   1              if (++lcdslow == 100)
 177   1                      lcdslow = 0;
 178   1              if (l1flag)
C51 COMPILER V9.60.7.0   MAIN                                                              12/20/2024 15:22:23 PAGE 4   

 179   1                      ++l1delay;
 180   1              if (l2flag)
 181   1                      ++l2delay;
 182   1      }
 183          
 184          void sysinit()
 185          {
 186   1              P1 = 0xD7;
 187   1      }
 188          void Delay750ms() //@12.000MHz
 189          {
 190   1              unsigned char i, j, k;
 191   1      
 192   1              _nop_();
 193   1              i = 6;
 194   1              j = 180;
 195   1              k = 26;
 196   1              do
 197   1              {
 198   2                      do
 199   2                      {
 200   3                              while (--k)
 201   3                                      ;
 202   3                      } while (--j);
 203   2              } while (--i);
 204   1      }
 205          
 206          int main()
 207          {
 208   1              sysinit();
 209   1              Read_T();
 210   1              Delay750ms();
 211   1              LCD_Init();
 212   1              Timer0_Init();
 213   1              while (1)
 214   1              {
 215   2      
 216   2                      Key_Pro();
 217   2                      LCD_Pro();
 218   2                      Led_Pro();
 219   2              }
 220   1      }


MODULE INFORMATION:   STATIC OVERLAYABLE
   CODE SIZE        =    921    ----
   CONSTANT SIZE    =     15    ----
   XDATA SIZE       =   ----    ----
   PDATA SIZE       =   ----    ----
   DATA SIZE        =     22    ----
   IDATA SIZE       =   ----    ----
   BIT SIZE         =      9    ----
END OF MODULE INFORMATION.


C51 COMPILATION COMPLETE.  0 WARNING(S),  0 ERROR(S)
