C51 COMPILER V8.06   LED                                                                   06/24/2012 18:36:05 PAGE 1   


C51 COMPILER V8.06, COMPILATION OF MODULE LED
OBJECT MODULE PLACED IN LED.OBJ
COMPILER INVOKED BY: C:\Keil\C51\BIN\C51.EXE LED.c BROWSE DEBUG OBJECTEXTEND

line level    source

   1          /**********************HL-1实验开发板例程************************
   2          *  平台：HL-1 V8.0 + Keil U3 + STC89C52
   3          *  名称：用逐位赋值的方法点亮第一、第三、第五、第七个发光二极管
   4          *  公司：慧净电子科技有限公司
   5          *  淘宝：http://shop37031453.taobao.com       
   6          *  网站：www.hjmcu.com
   7          *  编写：慧净
   8          *  日期：2008-8-08
   9          *   QQ : 121350852 398115088
  10          *  晶振:11.0592MHZ
  11          *  说明：免费开源，不提供源代码分析，有问题直接到慧净论坛交流
  12          *  论坛：http://hjdz.5d6d.net
  13          ******************************************************************/
  14          
  15          #include <reg51.h> //包含头文件，在“reg51.h”上右键单击，并打开，可以看到它里面的定义
  16          
  17          sbit led1=P1^0;  //第一个led是和P1^0口连接的。
  18          sbit led3=P1^2;
  19          sbit led5=P1^4;
  20          sbit led7=P1^6;
  21          
  22          void main()
  23          {
  24   1              led1=0;    //参照电路图可知，P1^0为低电平，可以让led1点亮。
  25   1              led3=0;
  26   1              led5=0;
  27   1              led7=0;
  28   1              while(1);//此处设置一个死循环，让程序停留在这里，防止跑飞。
  29   1      }
  30          


MODULE INFORMATION:   STATIC OVERLAYABLE
   CODE SIZE        =     10    ----
   CONSTANT SIZE    =   ----    ----
   XDATA SIZE       =   ----    ----
   PDATA SIZE       =   ----    ----
   DATA SIZE        =   ----    ----
   IDATA SIZE       =   ----    ----
   BIT SIZE         =   ----    ----
END OF MODULE INFORMATION.


C51 COMPILATION COMPLETE.  0 WARNING(S),  0 ERROR(S)
