C51 COMPILER V8.06   单音音_                                                              02/15/2007 16:16:49 PAGE 1   


C51 COMPILER V8.06, COMPILATION OF MODULE 单音音_
OBJECT MODULE PLACED IN 单音音乐.OBJ
COMPILER INVOKED BY: C:\Keil\C51\BIN\C51.EXE 单音音乐.c BROWSE DEBUG OBJECTEXTEND

line level    source

   1          /**********************HJ-3G实验开发板例程************************
   2          *  平台：HJ-3G V6.0 + Keil U3 + STC89C52
   3          *  名称：实验板唱歌实验
   4          *  公司：慧净电子科技有限公司
   5          *  淘宝：http://shop37031453.taobao.com       
   6          *  网站：www.hlmcu.com
   7          *  编写：
   8          *  日期：2008-8-08
   9          *   QQ : 121350852  398115088
  10          *  晶振:11.0592MHZ
  11          *  说明：免费开源，不提供源代码分析，有问题直接到慧净论坛交流
  12          *  论坛：http://hjdz.5d6d.com
  13          ******************************************************************/
  14          #include <at89x52.h>
  15          #define uchar unsigned char
  16          bit flag; //标志音乐输出脚电平的高低
  17          uchar ptr = 0x00; //取音符
  18          uchar high; //计数器高位
  19          uchar low; //计数器低位
  20          // 本曲谱为 "新年好",前两个十六进制表示发声频率,后一个表示发声时间,0xFF,0xFF 表示休止符
  21          // 0x00 表示结束
  22          // 1 _ 1_ 1 .5
  23          uchar code music[] = {
  24          0xFC,0x44,0x7F, 0xFC,0x44,0x7F, 0xFC,0x44,0xFF, 0xFA,0x68,0xFF,
  25          // 3 _ 3_ 3 1
  26          0xFD,0x23,0x7F, 0xFD,0x23,0x7F, 0xFD,0x23,0xFF, 0xFC,0x44,0xFF,
  27          // 1_ 3_ 5 5
  28          0xFC,0x44,0x7F, 0xFD,0x23,0x7F, 0xFD,0x82,0xFF, 0xFD,0x82,0xFF,
  29          // 4_ 3_ 2 -
  30          0xFD,0x23,0x7F, 0xFD,0x23,0x7F, 0xFC,0xAC,0xFF, 0xFF,0xFF,0xFF,
  31          // 2_ 3_ 4 4
  32          0xFC,0xAC,0x7F, 0xFD,0x23,0x7F, 0xFD,0x34,0xFF, 0xFD,0x34,0xFF,
  33          // 3_ 2_ 3 1
  34          0xFD,0x23,0x7F, 0xFC,0xAC,0x7F, 0xFD,0x23,0xFF, 0xFC,0x44,0xFF,
  35          // 1_ 3_ 2 .5
  36          0xFC,0x44,0x7F, 0xFD,0x23,0x7F, 0xFC,0xAC,0xFF, 0xFA,0x68,0xFF,
  37           // .7_ 2_ 1 -
  38          0xFC,0x0C,0x7F, 0xFC,0xAC,0x7F, 0xFC,0x44,0xFF, 0xFF,0xFF,0xFF,
  39          0x00//结束
  40          };
  41          
  42          void Init(void); //初始化函数
  43          void DelayMs(unsigned int time); //毫秒级延时函数
  44          
  45          void main()
  46          {
  47   1              uchar time;
  48   1              Init();
  49   1              TH0 = high;
  50   1              TL0 = low;
  51   1              while (1)
  52   1              {
  53   2                      if (music[ptr] != 0xFF && music[ptr] != 0x00)//判断是否是正常音符
  54   2                      {
  55   3                              TR0 = 0;
C51 COMPILER V8.06   单音音_                                                              02/15/2007 16:16:49 PAGE 2   

  56   3                              P2_3 = 1;
  57   3                              DelayMs(10); //间歇
  58   3                              TR0 = 1;
  59   3                              high = music[ptr]; //取设置频率数值的高8 位
  60   3                              low = music[ptr + 1]; //取设置频率数值的低8 位
  61   3                              time = music[ptr + 2]; //取发声时间
  62   3                              DelayMs(time);
  63   3                              ptr += 3;
  64   3                      }
  65   2                      else if (music[ptr] == 0xFF) //判断是否是休止符
  66   2                      {
  67   3                              time = music[ptr + 2];
  68   3                              DelayMs(time);
  69   3                              ptr += 3;
  70   3                      }
  71   2                      
  72   2                      else //结束符,停止2 秒后继续
  73   2                      {
  74   3                              TR0 = 0;
  75   3                              P2_3 = 1;
  76   3                              DelayMs(2000);
  77   3                              ptr = 0;
  78   3                      }
  79   2              }
  80   1      }
  81          /*********************************************************************************
  82          * 名称：Count1(void) interrupt 1
  83          * 功能：设置计时器0 溢出中断,每中断一次改变P2_3 引脚电平
  84          *********************************************************************************/
  85          void Count1(void) interrupt 1
  86          {
  87   1              TH0 = high;
  88   1              TL0 = low;
  89   1              if (flag == 0) //改变P2_3 引脚电平
  90   1              {
  91   2                      P2_3 = 0;
  92   2                      flag = 1;
  93   2              }
  94   1              else
  95   1              {
  96   2                      P2_3 = 1;
  97   2                      flag = 0;
  98   2              }
  99   1      }
 100          /*********************************************************************************
 101          * 名称：Init()
 102          * 功能：设置计数器0 工作方式,16 位计数,溢出中断方式
 103          **********************************************************************************/
 104          void Init()
 105          {
 106   1              TMOD = 0x01; //定时器0 处于计时方式,16 位
 107   1              EA = 1;
 108   1              ET0 = 1; //定时器0 溢出中断
 109   1      }
 110          /*********************************************************************************
 111          * 名称：DelayMs(unsigned int time)
 112          * 功能：延时time * 1ms 时间
 113          *********************************************************************************/
 114          void DelayMs(unsigned int time)
 115          {
 116   1              unsigned int i;
 117   1              unsigned int j;
C51 COMPILER V8.06   单音音_                                                              02/15/2007 16:16:49 PAGE 3   

 118   1              for (j =0; j < time; j++) //每个循环 约 3ms
 119   1              {
 120   2                      for (i =0; i < 363; i++)
 121   2                      {;}
 122   2              }
 123   1      }


MODULE INFORMATION:   STATIC OVERLAYABLE
   CODE SIZE        =    160    ----
   CONSTANT SIZE    =     97    ----
   XDATA SIZE       =   ----    ----
   PDATA SIZE       =   ----    ----
   DATA SIZE        =      3       1
   IDATA SIZE       =   ----    ----
   BIT SIZE         =      1    ----
END OF MODULE INFORMATION.


C51 COMPILATION COMPLETE.  0 WARNING(S),  0 ERROR(S)
