C51 COMPILER V8.06   FOR                                                                   02/15/2012 21:24:32 PAGE 1   


C51 COMPILER V8.06, COMPILATION OF MODULE FOR
OBJECT MODULE PLACED IN for.OBJ
COMPILER INVOKED BY: C:\Keil\C51\BIN\C51.EXE for.c BROWSE DEBUG OBJECTEXTEND

line level    source

   1          /**********************HJ-3G实验开发板例程************************
   2          *  平台：HJ-3G V6.0 + Keil U3 + STC89C52
   3          *  名称：C语言学习实验
   4          *  公司：慧净电子科技有限公司
   5          *  淘宝：http://shop37031453.taobao.com       
   6          *  网站：www.hlmcu.com
   7          *  编写：
   8          *  日期：2008-8-08
   9          *   QQ : 121350852  398115088
  10          *  晶振:11.0592MHZ
  11          *  说明：免费开源，不提供源代码分析，有问题直接到慧净论坛交流
  12          *  论坛：http://hjdz.5d6d.com
  13          ******************************************************************
  14          程序功能：      该函数通过for语句控制蜂鸣器的鸣响次数来说明for语句的功能。
  15          ****************************************************************************/
  16          #include <reg52.h>
  17          
  18          sbit beep=P2^3;
  19          sbit led=P1^0;
  20          
  21          void delay(unsigned int i)              //一个延时程序。
  22          {
  23   1              unsigned int j;
  24   1              char k;
  25   1              for(j=i;j>0;j--)
  26   1                      for(k=200;k>0;k--);
  27   1      }
  28          void main()
  29          {
  30   1              char cishu;
  31   1              for(cishu=0;cishu<10;cishu++)//第一个表达式为给变量赋初值，第二个为判断标准
  32   1                                                                       //若为真，则执行下面的指令，否则将跳过大括弧中的指令
  33   1                                                                       //第三句为更改变量值的指令。
  34   1              {
  35   2                      beep=~beep;       //每执行一次，beep与led所代表的管脚电平都会取反。
  36   2                      led=~led;         //由于共取了十次反，故蜂鸣器会响五下，led会闪五次
  37   2                      delay(5000);
  38   2              }
  39   1              while(1);
  40   1      }


MODULE INFORMATION:   STATIC OVERLAYABLE
   CODE SIZE        =     49    ----
   CONSTANT SIZE    =   ----    ----
   XDATA SIZE       =   ----    ----
   PDATA SIZE       =   ----    ----
   DATA SIZE        =   ----    ----
   IDATA SIZE       =   ----    ----
   BIT SIZE         =   ----    ----
END OF MODULE INFORMATION.


C51 COMPILATION COMPLETE.  0 WARNING(S),  0 ERROR(S)
