C51 COMPILER V8.06   MAIN                                                                  04/22/2012 17:16:36 PAGE 1   


C51 COMPILER V8.06, COMPILATION OF MODULE MAIN
OBJECT MODULE PLACED IN .\Bin\main.obj
COMPILER INVOKED BY: C:\Keil\C51\BIN\C51.EXE main.c BROWSE DEBUG OBJECTEXTEND OBJECT(.\Bin\main.obj)

line level    source

   1          //HL-1无线开发板配套NRF24L01使用说明
   2          //接入模块之前请看图片，不能接错模块，否则会烧坏模块
   3          //模块共有2排，10个焊针，HL-1开发板模块接口有14个，接入之前请一定要看清楚
   4          //你的模块需要接到哪个位置上，正确的方法是接入右边10个座子上，同时焊好24L01位置
   5          //上的三个焊点（连起来）。出货如果配套24L01的模块，出厂已焊接好。
   6          //下载同一个程序到开发板芯片上，按下左下角第一个按钮，二个开发板会发出声音。
   7          //按下左下角第二个按钮，D1流水灯发光管会点亮。
   8          //程序不提供源码分析，如果把本源码用于项目开发，毕业设计，请自己修改程序。
   9          
  10          
  11          #include ".\\nRF24L01\\nRF24L01.h"
  12          #include "def.h"
  13          
  14          void Delay(unsigned int s)
  15          {
  16   1              unsigned int i;
  17   1              for(i=0; i<s; i++);
  18   1              for(i=0; i<s; i++);
  19   1      }
  20          
  21          
  22          void main(void)
  23          {
  24   1              unsigned char leng =0;
  25   1              unsigned char tf =0;
  26   1              unsigned char TxBuf[20]={0};     // 
  27   1              unsigned char RxBuf[20]={0};    
  28   1      
  29   1          init_io() ;
  30   1      
  31   1              LED1 = 0;
  32   1              LED2 = 0;
  33   1              //TxBuf[0] = 8 ;
  34   1              TxBuf[1] = 1 ;
  35   1              TxBuf[2] = 1 ;
  36   1              nRF24L01_TxPacket(TxBuf);       // Transmit Tx buffer data
  37   1              Delay(6000);
  38   1              LED1 = 1;
  39   1          LED2 = 1;
  40   1      
  41   1              while(1)
  42   1              {
  43   2                  //SetRX_Mode();
  44   2              if(KEY1 ==0 ) 
  45   2                      {
  46   3                              LED1 = 0; 
  47   3                          TxBuf[1] = 1 ;
  48   3                          tf = 1 ; 
  49   3                              //while(KEY1 ==0);
  50   3                  }
  51   2                 if(KEY2 ==0 )
  52   2                 {
  53   3                              LED2 = 0;
  54   3                              TxBuf[2] = 1 ;
  55   3                              tf = 1 ; 
C51 COMPILER V8.06   MAIN                                                                  04/22/2012 17:16:36 PAGE 2   

  56   3                              //while(KEY2 ==0);
  57   3                 }
  58   2      
  59   2                 if (tf==1)
  60   2             {        
  61   3                              nRF24L01_TxPacket(TxBuf);       // Transmit Tx buffer data
  62   3                              TxBuf[1] = 0x00;
  63   3                              TxBuf[2] = 0x00;
  64   3                              tf=0;
  65   3                              Delay(1000);
  66   3                              LED1 = 1;
  67   3                              LED2 = 1;
  68   3      
  69   3                              //setRxMode();
  70   3                 }
  71   2      
  72   2                      SetRX_Mode();
  73   2                      if(nRF24L01_RxPacket(RxBuf))
  74   2                      {
  75   3                                                      
  76   3                              if(     RxBuf[1]==1)
  77   3                              {               
  78   4                                      LED1 = 0;
  79   4                              }
  80   3                              if(     RxBuf[2]==1)
  81   3                              {
  82   4                                      LED2 = 0;
  83   4                              }
  84   3                              Delay(1000);
  85   3                              LED1 = 1;
  86   3                              LED2 = 1;
  87   3                      }
  88   2      
  89   2                      RxBuf[1] = 0x00;
  90   2                      RxBuf[2] = 0x00;
  91   2              }
  92   1              
  93   1      }


MODULE INFORMATION:   STATIC OVERLAYABLE
   CODE SIZE        =    210    ----
   CONSTANT SIZE    =     40    ----
   XDATA SIZE       =   ----    ----
   PDATA SIZE       =   ----    ----
   DATA SIZE        =   ----      42
   IDATA SIZE       =   ----    ----
   BIT SIZE         =   ----    ----
END OF MODULE INFORMATION.


C51 COMPILATION COMPLETE.  0 WARNING(S),  0 ERROR(S)
