C51 COMPILER V8.06   HONG                                                                  02/15/2012 21:27:43 PAGE 1   


C51 COMPILER V8.06, COMPILATION OF MODULE HONG
OBJECT MODULE PLACED IN hong.OBJ
COMPILER INVOKED BY: C:\Keil\C51\BIN\C51.EXE hong.c BROWSE DEBUG OBJECTEXTEND

line level    source

   1          /**********************HJ-3G实验开发板例程************************
   2          *  平台：HJ-3G V6.0 + Keil U3 + STC89C52
   3          *  名称：C语言学习实验
   4          *  公司：慧净电子科技有限公司
   5          *  淘宝：http://shop37031453.taobao.com       
   6          *  网站：www.hlmcu.com
   7          *  编写：
   8          *  日期：2008-8-08
   9          *   QQ : 121350852  398115088
  10          *  晶振:11.0592MHZ
  11          *  说明：免费开源，不提供源代码分析，有问题直接到慧净论坛交流
  12          *  论坛：http://hjdz.5d6d.com
  13          ******************************************************************
  14          程序功能：      介绍宏定义的方式与用法。
  15          ****************************************************************************/
  16          #include <reg52.h>
  17          
  18          #define  uchar unsigned char  //定义uchar 即unsigned char 
  19          
  20          #define add(a,b)  a+b             //带参数的宏定义
  21          
  22          void main()
  23          {
  24   1              uchar he;          //相当与unsigned char he;
  25   1              he=add(1,2);   //相当于he=1+2
  26   1              P1=he;
  27   1              while(1);
  28   1      }


MODULE INFORMATION:   STATIC OVERLAYABLE
   CODE SIZE        =      5    ----
   CONSTANT SIZE    =   ----    ----
   XDATA SIZE       =   ----    ----
   PDATA SIZE       =   ----    ----
   DATA SIZE        =   ----    ----
   IDATA SIZE       =   ----    ----
   BIT SIZE         =   ----    ----
END OF MODULE INFORMATION.


C51 COMPILATION COMPLETE.  0 WARNING(S),  0 ERROR(S)
