C51 COMPILER V8.06   LED                                                                   06/24/2012 18:51:02 PAGE 1   


C51 COMPILER V8.06, COMPILATION OF MODULE LED
OBJECT MODULE PLACED IN led.OBJ
COMPILER INVOKED BY: C:\Keil\C51\BIN\C51.EXE led.c BROWSE DEBUG OBJECTEXTEND

line level    source

   1          /*************************HL-1开发板实验例程**********************
   2          *  平台：HL-1 V8.0 + Keil U3 + STC89C52
   3          *  实验：流水灯2
   4          *  公司：慧净电子科技有限公司
   5          *  淘宝：http://shop37031453.taobao.com       
   6          *  网站：www.hjmcu.com
   7          *  编写：慧净
   8          *  日期：2008-8-08
   9          *   QQ : 121350852 398115088
  10          *  晶振:11.0592MHZ
  11          *  说明：免费开源，不提供源代码分析，有问题直接到慧净论坛交流
  12          *  论坛：http://hjdz.5d6d.net
  13          ******************************************************************/
  14          #include<reg52.h>
  15          
  16          void delay(unsigned char i)
  17          {
  18   1              unsigned char m,n;
  19   1              for(m=i;m>0;m--)
  20   1              for(n=125;n>0;n--);
  21   1      }
  22          
  23          void main()
  24          {       while(1)
  25   1      {
  26   2              P1=0x7e;
  27   2              delay(2000);
  28   2              P1=0xbd;
  29   2              delay(2000);
  30   2              P1=0xdb;
  31   2              delay(2000);
  32   2              P1=0xe7;
  33   2              delay(2000);
  34   2              P1=0xdb;
  35   2              delay(2000);
  36   2              P1=0xbd;
  37   2              delay(2000);
  38   2              P1=0x7e;
  39   2              delay(2000);
  40   2      }
  41   1      }


MODULE INFORMATION:   STATIC OVERLAYABLE
   CODE SIZE        =     62    ----
   CONSTANT SIZE    =   ----    ----
   XDATA SIZE       =   ----    ----
   PDATA SIZE       =   ----    ----
   DATA SIZE        =   ----    ----
   IDATA SIZE       =   ----    ----
   BIT SIZE         =   ----    ----
END OF MODULE INFORMATION.


C51 COMPILATION COMPLETE.  0 WARNING(S),  0 ERROR(S)
