C51 COMPILER V8.06   DAOJISHI                                                              02/15/2012 19:54:30 PAGE 1   


C51 COMPILER V8.06, COMPILATION OF MODULE DAOJISHI
OBJECT MODULE PLACED IN daojishi.OBJ
COMPILER INVOKED BY: C:\Keil\C51\BIN\C51.EXE daojishi.c BROWSE DEBUG OBJECTEXTEND

line level    source

   1          /**********************HJ-3G实验开发板例程************************
   2          *  平台：HJ-3G V6.0 + Keil U3 + STC89C52
   3          *  名称：
   4          *  公司：慧净电子科技有限公司
   5          *  淘宝：http://shop37031453.taobao.com       
   6          *  网站：www.hlmcu.com
   7          *  编写：
   8          *  日期：2008-8-08
   9          *   QQ : 121350852  398115088
  10          *  晶振:11.0592MHZ
  11          *  说明：免费开源，不提供源代码分析，有问题直接到慧净论坛交流
  12          *  论坛：http://hjdz.5d6d.com
  13          ******************************************************************/
  14          #include<reg51.h>
  15          
  16          sbit dula=P2^6;
  17          sbit wela=P2^7;
  18          sbit beep=P2^3;
  19          unsigned char j,k,a1,a0,s=60;
  20          unsigned int m;
  21          unsigned char code table[]={0x3f,0x06,0x5b,0x4f,0x66,0x6d,0x7d,
  22                                  0x07,0x7f,0x6f,0x77,0x7c,0x39,0x5e,0x79,0x71};
  23          
  24          void delay(unsigned char i)
  25          {
  26   1        for(j=i;j>0;j--)
  27   1          for(k=125;k>0;k--);
  28   1      }
  29          void display(unsigned char sh_c,unsigned char g_c)
  30          {
  31   1         dula=0;
  32   1         P0=table[sh_c];
  33   1         dula=1;
  34   1         dula=0;
  35   1         
  36   1         wela=0;
  37   1         P0=0xfe;
  38   1         wela=1;
  39   1         wela=0;
  40   1         delay(5);
  41   1         
  42   1         P0=table[g_c];
  43   1         dula=1;
  44   1         dula=0;
  45   1         
  46   1         P0=0xfd;
  47   1         wela=1;
  48   1         wela=0;
  49   1         delay(5);
  50   1      }
  51          
  52          void main()
  53          {
  54   1              TMOD=0x01;
  55   1              TR0=1;
C51 COMPILER V8.06   DAOJISHI                                                              02/15/2012 19:54:30 PAGE 2   

  56   1              TH0=(65536-46080)/256;// 由于晶振为11.0592,故所记次数应为46080，计时器每隔50000微秒发起一次中断。
  57   1              TL0=(65536-46080)%256;//46080的来历，为50000*11.0592/12
  58   1              ET0=1;
  59   1              EA=1;
  60   1              while(1)
  61   1              {
  62   2                      if(m==20)
  63   2                      {       m=0;
  64   3                              s--;
  65   3                      }
  66   2                      a0=s%10;
  67   2                      a1=s/10;
  68   2                      display(a1,a0);
  69   2                      if(s==0)
  70   2                      {
  71   3                              TR0=0;//时间到，定时器关闭
  72   3                              beep=0;//蜂鸣器响，报时。
  73   3                      }       
  74   2              }
  75   1      }
  76          
  77          void time0() interrupt 1
  78          {TH0=(65536-46080)/256;
  79   1              TL0=(65536-46080)%256;
  80   1              m++;
  81   1      }


MODULE INFORMATION:   STATIC OVERLAYABLE
   CODE SIZE        =    148    ----
   CONSTANT SIZE    =     16    ----
   XDATA SIZE       =   ----    ----
   PDATA SIZE       =   ----    ----
   DATA SIZE        =      7    ----
   IDATA SIZE       =   ----    ----
   BIT SIZE         =   ----    ----
END OF MODULE INFORMATION.


C51 COMPILATION COMPLETE.  0 WARNING(S),  0 ERROR(S)
