C51 COMPILER V8.06   JIAOTONGDENG                                                          02/15/2007 16:13:15 PAGE 1   


C51 COMPILER V8.06, COMPILATION OF MODULE JIAOTONGDENG
OBJECT MODULE PLACED IN jiaotongdeng.OBJ
COMPILER INVOKED BY: C:\Keil\C51\BIN\C51.EXE jiaotongdeng.c BROWSE DEBUG OBJECTEXTEND

line level    source

   1          /**********************HJ-3G实验开发板例程************************
   2          *  平台：HJ-3G V6.0 + Keil U3 + STC89C52
   3          *  名称：模拟交通灯显示。
   4                            其中，红灯与绿灯显示时间均为50s，中间的黄灯显示时间为15s。
   5                            绿灯用八位发光二极管流动闪烁作代表；
   6                            红灯用八位发光二极管全亮作代表；
   7                            黄灯用八位发光二极管全亮全灭闪烁作代表。
   8                            刚开始显示的为绿灯。
   9                            显示顺序：绿--黄--红--黄--绿--黄--红--………………
  10          *  公司：慧净电子科技有限公司
  11          *  淘宝：http://shop37031453.taobao.com       
  12          *  网站：www.hlmcu.com
  13          *  编写：
  14          *  日期：2008-8-08
  15          *   QQ : 121350852  398115088
  16          *  晶振:11.0592MHZ
  17          *  说明：免费开源，不提供源代码分析，有问题直接到慧净论坛交流
  18          *  论坛：http://hjdz.5d6d.com
  19          ******************************************************************/
  20          
  21          
  22          #include<reg51.h>
  23          
  24          #define uchar unsigned char
  25          #define uint unsigned int
  26          
  27          sbit dula=P2^6;
  28          sbit wela=P2^7;
  29          sbit beep=P2^3;
  30          
  31          unsigned int pp;
  32          unsigned char code table[]={0x3f,0x06,0x5b,0x4f,0x66,0x6d,0x7d,
  33                                  0x07,0x7f,0x6f,0x77,0x7c,0x39,0x5e,0x79,0x71};
  34          uchar j,k,l=255;
  35          uchar a1,a0;
  36          uchar shijian,deng=2;
  37          void delay(unsigned int i)
  38          {
  39   1        for(j=i;j>0;j--)
  40   1          for(k=125;k>0;k--);
  41   1      }
  42          
  43          void display(unsigned char sh_c,unsigned char g_c)
  44          {
  45   1         dula=0;
  46   1         P0=table[sh_c];
  47   1         dula=1;
  48   1         dula=0;
  49   1         
  50   1         wela=0;
  51   1         P0=0xfe;
  52   1         wela=1;
  53   1         wela=0;
  54   1         delay(5);
  55   1         
C51 COMPILER V8.06   JIAOTONGDENG                                                          02/15/2007 16:13:15 PAGE 2   

  56   1         P0=table[g_c];
  57   1         dula=1;
  58   1         dula=0;
  59   1         
  60   1         P0=0xfd;
  61   1         wela=1;
  62   1         wela=0;
  63   1         delay(5);
  64   1      }
  65          
  66          void main()
  67          {
  68   1              TMOD=0x01;
  69   1              TR0=1;
  70   1              TH0=(65536-46080)/256;// 由于晶振为11.0592,故所记次数应为46080，计时器每隔50000微秒发起一次中断。
  71   1              TL0=(65536-46080)%256;//46080的来历，为50000*11.0592/12
  72   1              ET0=1;
  73   1              EA=1;
  74   1              while(1)
  75   1              {       
  76   2                      if(shijian==0)
  77   2                      {
  78   3                              switch(deng)
  79   3                              {
  80   4                                      case 0: shijian=50;               //红灯
  81   4                                                      deng=1;
  82   4                                                      break;
  83   4                                      case 1: shijian=15;               //黄灯
  84   4                                                      deng=2;
  85   4                                                      break;
  86   4                                      case 2: shijian=50;               //绿灯
  87   4                                                      deng=3;
  88   4                                                      break;
  89   4                                      case 3: shijian=15;               //黄灯
  90   4                                                      deng=0;
  91   4                                                      break;
  92   4                              }
  93   3                      }
  94   2                      if(pp==20)
  95   2                      {       pp=0;
  96   3                              shijian--;
  97   3                      }
  98   2                      a0=shijian%10;
  99   2                      a1=shijian/10;
 100   2                      display(a1,a0);
 101   2                      switch(deng)
 102   2                      {
 103   3                              case 1: P1=0X00;                         //红灯
 104   3                                              break;
 105   3                              case 2:                         //黄灯
 106   3                                              if(shijian%2==0)
 107   3                                              P1=0x00;
 108   3                                              if(shijian%2==1)
 109   3                                              P1=0xff;
 110   3                                              break;
 111   3                              case 3:                 //绿灯
 112   3                                              if(shijian%2==0)
 113   3                                              P1=0x55;
 114   3                                              if(shijian%2==1)
 115   3                                              P1=0xaa;
 116   3                                              break;
 117   3                              case 0: if(shijian%2==0)          //黄灯
C51 COMPILER V8.06   JIAOTONGDENG                                                          02/15/2007 16:13:15 PAGE 3   

 118   3                                              P1=0x00;
 119   3                                              if(shijian%2==1)
 120   3                                              P1=0xff;
 121   3                                              break;  
 122   3                      }
 123   2              }
 124   1      }
 125          
 126          void time0() interrupt 1
 127          {       TH0=(65536-46080)/256;
 128   1              TL0=(65536-46080)%256;
 129   1              pp++;
 130   1      }


MODULE INFORMATION:   STATIC OVERLAYABLE
   CODE SIZE        =    271    ----
   CONSTANT SIZE    =     16    ----
   XDATA SIZE       =   ----    ----
   PDATA SIZE       =   ----    ----
   DATA SIZE        =      9    ----
   IDATA SIZE       =   ----    ----
   BIT SIZE         =   ----    ----
END OF MODULE INFORMATION.


C51 COMPILATION COMPLETE.  0 WARNING(S),  0 ERROR(S)
