C51 COMPILER V9.60.7.0   DS1302                                                            12/04/2024 10:54:02 PAGE 1   


C51 COMPILER V9.60.7.0, COMPILATION OF MODULE DS1302
OBJECT MODULE PLACED IN .\Objects\ds1302.obj
COMPILER INVOKED BY: D:\Keil5\C51\BIN\C51.EXE ds1302.c OPTIMIZE(8,SPEED) BROWSE DEBUG OBJECTEXTEND PRINT(.\Listings\ds13
                    -02.lst) OBJECT(.\Objects\ds1302.obj)

line level    source

   1          #include "DS1302.h"
   2          
   3          
   4          unsigned char DS1302_Time[]={24,12,4,10,53,00,6};
   5          void DS1302_Init()
   6          {
   7   1              DS1302_CE=0;
   8   1              DS1302_SCLK=0;
   9   1      }
  10          void DS1302_WriteByte(unsigned char Command,Data)
  11          {
  12   1              unsigned char i;
  13   1              DS1302_CE=1;
  14   1              for(i=0;i<8;i++)
  15   1              {
  16   2                      DS1302_IO=Command&(0x01<<i);
  17   2                      DS1302_SCLK=1;
  18   2                      DS1302_SCLK=0;
  19   2              }
  20   1              for(i=0;i<8;i++)
  21   1              {
  22   2                      DS1302_IO=Data&(0x01<<i);
  23   2                      DS1302_SCLK=1;
  24   2                      DS1302_SCLK=0;
  25   2              }
  26   1              DS1302_CE=0;
  27   1      }
  28          
  29          unsigned char DS1302_ReadByte(unsigned char Command)
  30          {
  31   1              unsigned char i,Data=0x00;
  32   1              Command|=0x01;
  33   1              DS1302_CE=1;
  34   1              for(i=0;i<8;i++)
  35   1              {
  36   2                      DS1302_IO=Command&(0x01<<i);
  37   2                      DS1302_SCLK=0;
  38   2                      DS1302_SCLK=1;
  39   2              }
  40   1              for(i=0;i<8;i++)
  41   1              {
  42   2                      DS1302_SCLK=1;
  43   2                      DS1302_SCLK=0;
  44   2                      if(DS1302_IO)
  45   2                      {
  46   3                              Data|=(0x01<<i);
  47   3                      }
  48   2              }
  49   1              DS1302_CE=0;
  50   1              DS1302_IO=0;
  51   1              return Data;
  52   1              
  53   1      }
  54          void DS1302_SetTime(void)
C51 COMPILER V9.60.7.0   DS1302                                                            12/04/2024 10:54:02 PAGE 2   

  55          {
  56   1              DS1302_WriteByte(DS1302_WP,0x00);
  57   1              DS1302_WriteByte(DS1302_YEAR,DS1302_Time[0]/10*16+DS1302_Time[0]%10);//十进制转BCD码后写入
  58   1              DS1302_WriteByte(DS1302_MONTH,DS1302_Time[1]/10*16+DS1302_Time[1]%10);
  59   1              DS1302_WriteByte(DS1302_DATE,DS1302_Time[2]/10*16+DS1302_Time[2]%10);
  60   1              DS1302_WriteByte(DS1302_HOUR,DS1302_Time[3]/10*16+DS1302_Time[3]%10);
  61   1              DS1302_WriteByte(DS1302_MINUTE,DS1302_Time[4]/10*16+DS1302_Time[4]%10);
  62   1              DS1302_WriteByte(DS1302_SECOND,DS1302_Time[5]/10*16+DS1302_Time[5]%10);
  63   1              DS1302_WriteByte(DS1302_DAY,DS1302_Time[6]/10*16+DS1302_Time[6]%10);
  64   1              DS1302_WriteByte(DS1302_WP,0x80);
  65   1      }
  66          
  67          /**
  68            * @brief  DS1302读取时间，调用之后，DS1302中的数据会被读取到DS1302_Time数组中
  69            * @param  无
  70            * @retval 无
  71            */
  72          void DS1302_ReadTime(void)
  73          {
  74   1              unsigned char Temp;
  75   1              Temp=DS1302_ReadByte(DS1302_YEAR);
  76   1              DS1302_Time[0]=Temp/16*10+Temp%16;//BCD码转十进制后读取
  77   1              Temp=DS1302_ReadByte(DS1302_MONTH);
  78   1              DS1302_Time[1]=Temp/16*10+Temp%16;
  79   1              Temp=DS1302_ReadByte(DS1302_DATE);
  80   1              DS1302_Time[2]=Temp/16*10+Temp%16;
  81   1              Temp=DS1302_ReadByte(DS1302_HOUR);
  82   1              DS1302_Time[3]=Temp/16*10+Temp%16;
  83   1              Temp=DS1302_ReadByte(DS1302_MINUTE);
  84   1              DS1302_Time[4]=Temp/16*10+Temp%16;
  85   1              Temp=DS1302_ReadByte(DS1302_SECOND);
  86   1              DS1302_Time[5]=Temp/16*10+Temp%16;
  87   1              Temp=DS1302_ReadByte(DS1302_DAY);
  88   1              DS1302_Time[6]=Temp/16*10+Temp%16;
  89   1      }


MODULE INFORMATION:   STATIC OVERLAYABLE
   CODE SIZE        =    551    ----
   CONSTANT SIZE    =   ----    ----
   XDATA SIZE       =   ----    ----
   PDATA SIZE       =   ----    ----
   DATA SIZE        =      7       2
   IDATA SIZE       =   ----    ----
   BIT SIZE         =   ----    ----
END OF MODULE INFORMATION.


C51 COMPILATION COMPLETE.  0 WARNING(S),  0 ERROR(S)
