C51 COMPILER V9.60.7.0   MAIN                                                              12/04/2024 10:54:02 PAGE 1   


C51 COMPILER V9.60.7.0, COMPILATION OF MODULE MAIN
OBJECT MODULE PLACED IN .\Objects\main.obj
COMPILER INVOKED BY: D:\Keil5\C51\BIN\C51.EXE main.c OPTIMIZE(8,SPEED) BROWSE DEBUG OBJECTEXTEND PRINT(.\Listings\main.l
                    -st) OBJECT(.\Objects\main.obj)

line level    source

   1          #include <STC89C5xRC.H>
   2          #include "ds1302.h"
   3          #include "lcd1602.h"
   4          
   5          void TimeShow(void)//时间显示功能
   6          {
   7   1              DS1302_ReadTime();//读取时间
   8   1              LCD_ShowNum(1,1,DS1302_Time[0],2);//显示年
   9   1              LCD_ShowNum(1,4,DS1302_Time[1],2);//显示月
  10   1              LCD_ShowNum(1,7,DS1302_Time[2],2);//显示日
  11   1              LCD_ShowNum(2,1,DS1302_Time[3],2);//显示时
  12   1              LCD_ShowNum(2,4,DS1302_Time[4],2);//显示分
  13   1              LCD_ShowNum(2,7,DS1302_Time[5],2);//显示秒
  14   1      }
  15          void main()
  16          {
  17   1              LCD_Init();
  18   1              LCD_ShowString(1,1,"  -  -  ");
  19   1              LCD_ShowString(2,1,"  :  :  ");
  20   1              DS1302_SetTime();
  21   1              while(1)
  22   1              {
  23   2                      TimeShow();
  24   2              }
  25   1      }


MODULE INFORMATION:   STATIC OVERLAYABLE
   CODE SIZE        =    130    ----
   CONSTANT SIZE    =     18    ----
   XDATA SIZE       =   ----    ----
   PDATA SIZE       =   ----    ----
   DATA SIZE        =   ----    ----
   IDATA SIZE       =   ----    ----
   BIT SIZE         =   ----    ----
END OF MODULE INFORMATION.


C51 COMPILATION COMPLETE.  0 WARNING(S),  0 ERROR(S)
